2018-12-28 16:46:34.968 [restartedMain] INFO  com.cn.szl.tupu.TupuApplication - Starting TupuApplication on DESKTOP-N1LNUQ6 with PID 46556 (started by ylaxfcy in C:\Users\ylaxfcy\Desktop\base项目\tupu)
2018-12-28 16:46:34.970 [restartedMain] INFO  com.cn.szl.tupu.TupuApplication - No active profile set, falling back to default profiles: default
2018-12-28 16:46:35.038 [restartedMain] INFO  o.s.b.w.s.c.AnnotationConfigServletWebServerApplicationContext - Refreshing org.springframework.boot.web.servlet.context.AnnotationConfigServletWebServerApplicationContext@74e1885f: startup date [Fri Dec 28 16:46:35 CST 2018]; root of context hierarchy
2018-12-28 16:46:36.802 [restartedMain] INFO  o.s.d.r.config.RepositoryConfigurationDelegate - Multiple Spring Data modules found, entering strict repository configuration mode!
2018-12-28 16:46:36.871 [restartedMain] INFO  o.s.d.r.c.RepositoryConfigurationExtensionSupport - Spring Data JPA - Could not safely identify store assignment for repository candidate interface com.cn.szl.tupu.dao.EntityNodeDao.
2018-12-28 16:46:36.877 [restartedMain] INFO  o.s.d.r.c.RepositoryConfigurationExtensionSupport - Spring Data JPA - Could not safely identify store assignment for repository candidate interface com.cn.szl.tupu.dao.EntityRelationDao.
2018-12-28 16:46:36.900 [restartedMain] INFO  o.s.d.r.config.RepositoryConfigurationDelegate - Multiple Spring Data modules found, entering strict repository configuration mode!
2018-12-28 16:46:36.951 [restartedMain] INFO  o.s.b.factory.support.DefaultListableBeanFactory - Overriding bean definition for bean 'entityNodeDao' with a different definition: replacing [Generic bean: class [org.mybatis.spring.mapper.MapperFactoryBean]; scope=singleton; abstract=false; lazyInit=false; autowireMode=2; dependencyCheck=0; autowireCandidate=true; primary=false; factoryBeanName=null; factoryMethodName=null; initMethodName=null; destroyMethodName=null; defined in file [C:\Users\ylaxfcy\Desktop\base项目\tupu\target\classes\com\cn\szl\tupu\dao\EntityNodeDao.class]] with [Root bean: class [org.springframework.data.neo4j.repository.support.Neo4jRepositoryFactoryBean]; scope=; abstract=false; lazyInit=false; autowireMode=0; dependencyCheck=0; autowireCandidate=true; primary=false; factoryBeanName=null; factoryMethodName=null; initMethodName=null; destroyMethodName=null]
2018-12-28 16:46:36.957 [restartedMain] INFO  o.s.b.factory.support.DefaultListableBeanFactory - Overriding bean definition for bean 'entityRelationDao' with a different definition: replacing [Generic bean: class [org.mybatis.spring.mapper.MapperFactoryBean]; scope=singleton; abstract=false; lazyInit=false; autowireMode=2; dependencyCheck=0; autowireCandidate=true; primary=false; factoryBeanName=null; factoryMethodName=null; initMethodName=null; destroyMethodName=null; defined in file [C:\Users\ylaxfcy\Desktop\base项目\tupu\target\classes\com\cn\szl\tupu\dao\EntityRelationDao.class]] with [Root bean: class [org.springframework.data.neo4j.repository.support.Neo4jRepositoryFactoryBean]; scope=; abstract=false; lazyInit=false; autowireMode=0; dependencyCheck=0; autowireCandidate=true; primary=false; factoryBeanName=null; factoryMethodName=null; initMethodName=null; destroyMethodName=null]
2018-12-28 16:46:36.976 [restartedMain] INFO  o.s.d.r.config.RepositoryConfigurationDelegate - Multiple Spring Data modules found, entering strict repository configuration mode!
2018-12-28 16:46:37.016 [restartedMain] INFO  o.s.d.r.c.RepositoryConfigurationExtensionSupport - Spring Data Redis - Could not safely identify store assignment for repository candidate interface com.cn.szl.tupu.dao.EntityNodeDao.
2018-12-28 16:46:37.017 [restartedMain] INFO  o.s.d.r.c.RepositoryConfigurationExtensionSupport - Spring Data Redis - Could not safely identify store assignment for repository candidate interface com.cn.szl.tupu.dao.EntityRelationDao.
2018-12-28 16:46:37.609 [restartedMain] INFO  o.s.c.s.PostProcessorRegistrationDelegate$BeanPostProcessorChecker - Bean 'org.springframework.transaction.annotation.ProxyTransactionManagementConfiguration' of type [org.springframework.transaction.annotation.ProxyTransactionManagementConfiguration$$EnhancerBySpringCGLIB$$4157fbba] is not eligible for getting processed by all BeanPostProcessors (for example: not eligible for auto-proxying)
2018-12-28 16:46:37.704 [restartedMain] INFO  o.s.c.s.PostProcessorRegistrationDelegate$BeanPostProcessorChecker - Bean 'org.springframework.boot.autoconfigure.data.neo4j.Neo4jDataAutoConfiguration' of type [org.springframework.boot.autoconfigure.data.neo4j.Neo4jDataAutoConfiguration$$EnhancerBySpringCGLIB$$15324ec6] is not eligible for getting processed by all BeanPostProcessors (for example: not eligible for auto-proxying)
2018-12-28 16:46:37.721 [restartedMain] INFO  o.s.c.s.PostProcessorRegistrationDelegate$BeanPostProcessorChecker - Bean 'org.springframework.boot.context.properties.ConversionServiceDeducer$Factory' of type [org.springframework.boot.context.properties.ConversionServiceDeducer$Factory] is not eligible for getting processed by all BeanPostProcessors (for example: not eligible for auto-proxying)
2018-12-28 16:46:37.731 [restartedMain] INFO  o.s.c.s.PostProcessorRegistrationDelegate$BeanPostProcessorChecker - Bean 'spring.data.neo4j-org.springframework.boot.autoconfigure.data.neo4j.Neo4jProperties' of type [org.springframework.boot.autoconfigure.data.neo4j.Neo4jProperties] is not eligible for getting processed by all BeanPostProcessors (for example: not eligible for auto-proxying)
2018-12-28 16:46:37.743 [restartedMain] INFO  o.s.c.s.PostProcessorRegistrationDelegate$BeanPostProcessorChecker - Bean 'configuration' of type [org.neo4j.ogm.config.Configuration] is not eligible for getting processed by all BeanPostProcessors (for example: not eligible for auto-proxying)
2018-12-28 16:46:38.022 [restartedMain] INFO  org.neo4j.ogm.metadata.DomainInfo - Starting Post-processing phase
2018-12-28 16:46:38.022 [restartedMain] INFO  org.neo4j.ogm.metadata.DomainInfo - Building annotation class map
2018-12-28 16:46:38.022 [restartedMain] INFO  org.neo4j.ogm.metadata.DomainInfo - Building interface class map for 44 classes
2018-12-28 16:46:38.028 [restartedMain] INFO  org.neo4j.ogm.metadata.DomainInfo - Post-processing complete
2018-12-28 16:46:38.063 [restartedMain] INFO  o.s.c.s.PostProcessorRegistrationDelegate$BeanPostProcessorChecker - Bean 'sessionFactory' of type [org.neo4j.ogm.session.SessionFactory] is not eligible for getting processed by all BeanPostProcessors (for example: not eligible for auto-proxying)
2018-12-28 16:46:38.635 [restartedMain] INFO  o.s.boot.web.embedded.tomcat.TomcatWebServer - Tomcat initialized with port(s): 8080 (http)
2018-12-28 16:46:38.699 [restartedMain] INFO  org.apache.coyote.http11.Http11NioProtocol - Initializing ProtocolHandler ["http-nio-8080"]
2018-12-28 16:46:38.713 [restartedMain] INFO  org.apache.catalina.core.StandardService - Starting service [Tomcat]
2018-12-28 16:46:38.714 [restartedMain] INFO  org.apache.catalina.core.StandardEngine - Starting Servlet Engine: Apache Tomcat/8.5.31
2018-12-28 16:46:38.717 [localhost-startStop-1] INFO  org.apache.catalina.core.AprLifecycleListener - The APR based Apache Tomcat Native library which allows optimal performance in production environments was not found on the java.library.path: [C:\Program Files\Java\jdk1.8.0_121\bin;C:\WINDOWS\Sun\Java\bin;C:\WINDOWS\system32;C:\WINDOWS;C:\ProgramData\Oracle\Java\javapath;C:\Windows\system32;C:\Windows;C:\Windows\System32\Wbem;C:\Windows\System32\WindowsPowerShell\v1.0\;C:\Program Files (x86)\NVIDIA Corporation\PhysX\Common;C:\Program Files (x86)\Windows Kits\8.1\Windows Performance Toolkit\;C:\Program Files\Microsoft SQL Server\110\Tools\Binn\;C:\Program Files (x86)\Microsoft SDKs\TypeScript\1.0\;C:\Program Files\Microsoft SQL Server\120\Tools\Binn\;C:\Program Files (x86)\IDM Computer Solutions\UltraEdit;C:\CTEX\UserData\miktex\bin;C:\CTEX\MiKTeX\miktex\bin;C:\CTEX\CTeX\ctex\bin;C:\CTEX\CTeX\cct\bin;C:\CTEX\CTeX\ty\bin;C:\CTEX\Ghostscript\gs9.05\bin;C:\CTEX\GSview\gsview;C:\CTEX\WinEdt;C:\Python27;C:\Program Files\CMake\bin;.;C:\Program Files\Java\jdk1.8.0_121\bin;C:\WINDOWS\system32;C:\WINDOWS;C:\WINDOWS\System32\Wbem;C:\WINDOWS\System32\WindowsPowerShell\v1.0\;C:\Program Files\phantomjs-2.1.1-windows\bin;C:\Program Files\PuTTY\;C:\Program Files\Maven\apache-maven-3.5.0\bin;C:\WINDOWS\System32\OpenSSH\;C:\Program Files\Git\cmd;C:\Program Files\nodejs\;C:\mysql-5.7.24-winx64\bin;C:\Program Files\Redis\;C:\Users\ylaxfcy\AppData\Local\Microsoft\WindowsApps;;c:\python27;c:\python27\Scripts;C:\Program Files (x86)\Microsoft VS Code\bin;C:\Users\ylaxfcy\AppData\Roaming\npm;.]
2018-12-28 16:46:38.941 [localhost-startStop-1] INFO  o.a.c.core.ContainerBase.[Tomcat].[localhost].[/] - Initializing Spring embedded WebApplicationContext
2018-12-28 16:46:38.942 [localhost-startStop-1] INFO  org.springframework.web.context.ContextLoader - Root WebApplicationContext: initialization completed in 3904 ms
2018-12-28 16:46:39.159 [localhost-startStop-1] INFO  o.s.boot.web.servlet.ServletRegistrationBean - Servlet dispatcherServlet mapped to [/]
2018-12-28 16:46:39.166 [localhost-startStop-1] INFO  o.s.boot.web.servlet.FilterRegistrationBean - Mapping filter: 'characterEncodingFilter' to: [/*]
2018-12-28 16:46:39.166 [localhost-startStop-1] INFO  o.s.boot.web.servlet.FilterRegistrationBean - Mapping filter: 'hiddenHttpMethodFilter' to: [/*]
2018-12-28 16:46:39.167 [localhost-startStop-1] INFO  o.s.boot.web.servlet.FilterRegistrationBean - Mapping filter: 'httpPutFormContentFilter' to: [/*]
2018-12-28 16:46:39.167 [localhost-startStop-1] INFO  o.s.boot.web.servlet.FilterRegistrationBean - Mapping filter: 'requestContextFilter' to: [/*]
2018-12-28 16:46:39.414 [restartedMain] INFO  o.s.orm.jpa.LocalContainerEntityManagerFactoryBean - Building JPA container EntityManagerFactory for persistence unit 'default'
2018-12-28 16:46:39.429 [restartedMain] INFO  org.hibernate.jpa.internal.util.LogHelper - HHH000204: Processing PersistenceUnitInfo [
	name: default
	...]
2018-12-28 16:46:39.528 [restartedMain] INFO  org.hibernate.Version - HHH000412: Hibernate Core {5.2.17.Final}
2018-12-28 16:46:39.530 [restartedMain] INFO  org.hibernate.cfg.Environment - HHH000206: hibernate.properties not found
2018-12-28 16:46:39.593 [restartedMain] INFO  org.hibernate.annotations.common.Version - HCANN000001: Hibernate Commons Annotations {5.0.1.Final}
2018-12-28 16:46:41.883 [restartedMain] INFO  com.zaxxer.hikari.HikariDataSource - HikariPool-1 - Starting...
2018-12-28 16:46:42.055 [restartedMain] INFO  com.zaxxer.hikari.HikariDataSource - HikariPool-1 - Start completed.
2018-12-28 16:46:42.069 [restartedMain] INFO  org.hibernate.dialect.Dialect - HHH000400: Using dialect: org.hibernate.dialect.MySQL5Dialect
2018-12-28 16:46:42.671 [restartedMain] INFO  o.s.orm.jpa.LocalContainerEntityManagerFactoryBean - Initialized JPA EntityManagerFactory for persistence unit 'default'
2018-12-28 16:46:43.161 [restartedMain] INFO  o.s.data.neo4j.mapping.Neo4jMappingContext - No class information found in OGM meta-data for class org.springframework.data.redis.core.RedisTemplate so treating as simple type for SD Commons
2018-12-28 16:46:43.168 [restartedMain] WARN  o.s.data.neo4j.mapping.Neo4jPersistentProperty - No identity field found for class of type: com.cn.szl.tupu.service.util.RedisUtil when creating persistent property for : private org.springframework.data.redis.core.RedisTemplate com.cn.szl.tupu.service.util.RedisUtil.redisTemplate
2018-12-28 16:46:43.181 [restartedMain] WARN  o.s.data.neo4j.mapping.Neo4jPersistentProperty - No identity field found for class of type: com.cn.szl.tupu.controller.LoginController when creating persistent property for : private com.cn.szl.tupu.servive.IUserService com.cn.szl.tupu.controller.LoginController.iUserService
2018-12-28 16:46:43.185 [restartedMain] WARN  o.s.data.neo4j.mapping.Neo4jPersistentProperty - No identity field found for class of type: com.cn.szl.tupu.configurer.WebAppConfigurer when creating persistent property for : private com.cn.szl.tupu.interceptor.LoginInterceptor com.cn.szl.tupu.configurer.WebAppConfigurer.loginInterceptor
2018-12-28 16:46:43.188 [restartedMain] WARN  o.s.data.neo4j.mapping.Neo4jPersistentProperty - No identity field found for class of type: com.cn.szl.tupu.entity.EntityNode when creating persistent property for : private java.lang.Long com.cn.szl.tupu.entity.EntityNode.nodeId
2018-12-28 16:46:43.189 [restartedMain] WARN  o.s.data.neo4j.mapping.Neo4jPersistentProperty - No identity field found for class of type: com.cn.szl.tupu.entity.EntityNode when creating persistent property for : private java.lang.String com.cn.szl.tupu.entity.EntityNode.name
2018-12-28 16:46:43.190 [restartedMain] WARN  o.s.data.neo4j.mapping.Neo4jPersistentProperty - No identity field found for class of type: com.cn.szl.tupu.servive.EntityNodeService when creating persistent property for : private com.cn.szl.tupu.dao.EntityNodeDao com.cn.szl.tupu.servive.EntityNodeService.entityNodeDao
2018-12-28 16:46:43.193 [restartedMain] WARN  o.s.data.neo4j.mapping.Neo4jPersistentProperty - No identity field found for class of type: com.cn.szl.tupu.controller.DashboardController when creating persistent property for : private com.cn.szl.tupu.servive.IKnowledgeService com.cn.szl.tupu.controller.DashboardController.service
2018-12-28 16:46:43.196 [restartedMain] WARN  o.s.data.neo4j.mapping.Neo4jPersistentProperty - No identity field found for class of type: com.cn.szl.tupu.servive.impl.UserServiceImpl when creating persistent property for : private com.cn.szl.tupu.dao.UserDao com.cn.szl.tupu.servive.impl.UserServiceImpl.userDao
2018-12-28 16:46:43.196 [restartedMain] WARN  o.s.data.neo4j.mapping.Neo4jPersistentProperty - No identity field found for class of type: com.cn.szl.tupu.servive.impl.UserServiceImpl when creating persistent property for : private com.cn.szl.tupu.service.util.RedisUtil com.cn.szl.tupu.servive.impl.UserServiceImpl.redisUtil
2018-12-28 16:46:43.200 [restartedMain] WARN  o.s.data.neo4j.mapping.Neo4jPersistentProperty - No identity field found for class of type: com.cn.szl.tupu.servive.impl.PatentServiceImpl when creating persistent property for : com.cn.szl.tupu.dao.PatentDao com.cn.szl.tupu.servive.impl.PatentServiceImpl.patentDao
2018-12-28 16:46:43.203 [restartedMain] WARN  o.s.data.neo4j.mapping.Neo4jPersistentProperty - No identity field found for class of type: com.cn.szl.tupu.entity.User when creating persistent property for : private java.lang.String com.cn.szl.tupu.entity.User.userName
2018-12-28 16:46:43.204 [restartedMain] WARN  o.s.data.neo4j.mapping.Neo4jPersistentProperty - No identity field found for class of type: com.cn.szl.tupu.entity.User when creating persistent property for : private java.lang.String com.cn.szl.tupu.entity.User.password
2018-12-28 16:46:43.205 [restartedMain] WARN  o.s.data.neo4j.mapping.Neo4jPersistentProperty - No identity field found for class of type: com.cn.szl.tupu.entity.User when creating persistent property for : private java.lang.String com.cn.szl.tupu.entity.User.telephone
2018-12-28 16:46:43.205 [restartedMain] WARN  o.s.data.neo4j.mapping.Neo4jPersistentProperty - No identity field found for class of type: com.cn.szl.tupu.entity.User when creating persistent property for : private java.lang.String com.cn.szl.tupu.entity.User.email
2018-12-28 16:46:43.205 [restartedMain] WARN  o.s.data.neo4j.mapping.Neo4jPersistentProperty - No identity field found for class of type: com.cn.szl.tupu.entity.User when creating persistent property for : private java.lang.String com.cn.szl.tupu.entity.User.role
2018-12-28 16:46:43.213 [restartedMain] WARN  o.s.data.neo4j.mapping.Neo4jPersistentProperty - No identity field found for class of type: com.cn.szl.tupu.service.util.block when creating persistent property for : private boolean com.cn.szl.tupu.service.util.block.flag
2018-12-28 16:46:43.214 [restartedMain] WARN  o.s.data.neo4j.mapping.Neo4jPersistentProperty - No identity field found for class of type: com.cn.szl.tupu.service.util.block when creating persistent property for : private final int java.util.concurrent.LinkedBlockingQueue.capacity
2018-12-28 16:46:43.214 [restartedMain] INFO  o.s.data.neo4j.mapping.Neo4jMappingContext - No class information found in OGM meta-data for class java.util.concurrent.atomic.AtomicInteger so treating as simple type for SD Commons
2018-12-28 16:46:43.214 [restartedMain] WARN  o.s.data.neo4j.mapping.Neo4jPersistentProperty - No identity field found for class of type: com.cn.szl.tupu.service.util.block when creating persistent property for : private final java.util.concurrent.atomic.AtomicInteger java.util.concurrent.LinkedBlockingQueue.count
2018-12-28 16:46:43.215 [restartedMain] INFO  o.s.data.neo4j.mapping.Neo4jMappingContext - No class information found in OGM meta-data for class java.util.concurrent.LinkedBlockingQueue$Node so treating as simple type for SD Commons
2018-12-28 16:46:43.216 [restartedMain] WARN  o.s.data.neo4j.mapping.Neo4jPersistentProperty - No identity field found for class of type: com.cn.szl.tupu.service.util.block when creating persistent property for : transient java.util.concurrent.LinkedBlockingQueue$Node java.util.concurrent.LinkedBlockingQueue.head
2018-12-28 16:46:43.216 [restartedMain] WARN  o.s.data.neo4j.mapping.Neo4jPersistentProperty - No identity field found for class of type: com.cn.szl.tupu.service.util.block when creating persistent property for : private transient java.util.concurrent.LinkedBlockingQueue$Node java.util.concurrent.LinkedBlockingQueue.last
2018-12-28 16:46:43.217 [restartedMain] INFO  o.s.data.neo4j.mapping.Neo4jMappingContext - No class information found in OGM meta-data for class java.util.concurrent.locks.ReentrantLock so treating as simple type for SD Commons
2018-12-28 16:46:43.217 [restartedMain] WARN  o.s.data.neo4j.mapping.Neo4jPersistentProperty - No identity field found for class of type: com.cn.szl.tupu.service.util.block when creating persistent property for : private final java.util.concurrent.locks.ReentrantLock java.util.concurrent.LinkedBlockingQueue.takeLock
2018-12-28 16:46:43.217 [restartedMain] WARN  o.s.data.neo4j.mapping.Neo4jPersistentProperty - No identity field found for class of type: com.cn.szl.tupu.service.util.block when creating persistent property for : private final java.util.concurrent.locks.Condition java.util.concurrent.LinkedBlockingQueue.notEmpty
2018-12-28 16:46:43.218 [restartedMain] WARN  o.s.data.neo4j.mapping.Neo4jPersistentProperty - No identity field found for class of type: com.cn.szl.tupu.service.util.block when creating persistent property for : private final java.util.concurrent.locks.ReentrantLock java.util.concurrent.LinkedBlockingQueue.putLock
2018-12-28 16:46:43.219 [restartedMain] WARN  o.s.data.neo4j.mapping.Neo4jPersistentProperty - No identity field found for class of type: com.cn.szl.tupu.service.util.block when creating persistent property for : private final java.util.concurrent.locks.Condition java.util.concurrent.LinkedBlockingQueue.notFull
2018-12-28 16:46:43.219 [restartedMain] WARN  o.s.data.neo4j.mapping.Neo4jPersistentProperty - No identity field found for class of type: com.cn.szl.tupu.controller.GraphController when creating persistent property for : private com.cn.szl.tupu.servive.EntityNodeService com.cn.szl.tupu.controller.GraphController.entityNodeService
2018-12-28 16:46:43.237 [restartedMain] WARN  o.s.data.neo4j.mapping.Neo4jPersistentProperty - No identity field found for class of type: com.cn.szl.tupu.servive.RedisService when creating persistent property for : private org.springframework.data.redis.core.RedisTemplate com.cn.szl.tupu.servive.RedisService.redisTemplate
2018-12-28 16:46:43.241 [restartedMain] WARN  o.s.data.neo4j.mapping.Neo4jPersistentProperty - No identity field found for class of type: com.cn.szl.tupu.entity.Patent when creating persistent property for : private int com.cn.szl.tupu.entity.Patent.id
2018-12-28 16:46:43.241 [restartedMain] WARN  o.s.data.neo4j.mapping.Neo4jPersistentProperty - No identity field found for class of type: com.cn.szl.tupu.entity.Patent when creating persistent property for : private java.lang.String com.cn.szl.tupu.entity.Patent.title
2018-12-28 16:46:43.241 [restartedMain] WARN  o.s.data.neo4j.mapping.Neo4jPersistentProperty - No identity field found for class of type: com.cn.szl.tupu.entity.Patent when creating persistent property for : private java.lang.String com.cn.szl.tupu.entity.Patent.author
2018-12-28 16:46:43.242 [restartedMain] WARN  o.s.data.neo4j.mapping.Neo4jPersistentProperty - No identity field found for class of type: com.cn.szl.tupu.entity.Patent when creating persistent property for : private java.lang.String com.cn.szl.tupu.entity.Patent.date
2018-12-28 16:46:43.242 [restartedMain] WARN  o.s.data.neo4j.mapping.Neo4jPersistentProperty - No identity field found for class of type: com.cn.szl.tupu.entity.Patent when creating persistent property for : private java.lang.String com.cn.szl.tupu.entity.Patent.appNum
2018-12-28 16:46:43.242 [restartedMain] WARN  o.s.data.neo4j.mapping.Neo4jPersistentProperty - No identity field found for class of type: com.cn.szl.tupu.entity.Patent when creating persistent property for : private java.lang.String com.cn.szl.tupu.entity.Patent.summary
2018-12-28 16:46:43.242 [restartedMain] WARN  o.s.data.neo4j.mapping.Neo4jPersistentProperty - No identity field found for class of type: com.cn.szl.tupu.entity.Patent when creating persistent property for : private java.lang.String com.cn.szl.tupu.entity.Patent.school
2018-12-28 16:46:43.242 [restartedMain] WARN  o.s.data.neo4j.mapping.Neo4jPersistentProperty - No identity field found for class of type: com.cn.szl.tupu.entity.Patent when creating persistent property for : private java.lang.String com.cn.szl.tupu.entity.Patent.url
2018-12-28 16:46:43.243 [restartedMain] WARN  o.s.data.neo4j.mapping.Neo4jPersistentProperty - No identity field found for class of type: com.cn.szl.tupu.entity.Patent when creating persistent property for : private java.lang.String com.cn.szl.tupu.entity.Patent.label1
2018-12-28 16:46:43.243 [restartedMain] WARN  o.s.data.neo4j.mapping.Neo4jPersistentProperty - No identity field found for class of type: com.cn.szl.tupu.entity.Patent when creating persistent property for : private java.lang.String com.cn.szl.tupu.entity.Patent.label2
2018-12-28 16:46:43.243 [restartedMain] WARN  o.s.data.neo4j.mapping.Neo4jPersistentProperty - No identity field found for class of type: com.cn.szl.tupu.entity.Patent when creating persistent property for : private java.lang.String com.cn.szl.tupu.entity.Patent.label3
2018-12-28 16:46:43.243 [restartedMain] WARN  o.s.data.neo4j.mapping.Neo4jPersistentProperty - No identity field found for class of type: com.cn.szl.tupu.entity.Patent when creating persistent property for : private java.lang.String com.cn.szl.tupu.entity.Patent.relevance
2018-12-28 16:46:43.252 [restartedMain] WARN  o.s.data.neo4j.mapping.Neo4jPersistentProperty - No identity field found for class of type: com.cn.szl.tupu.controller.RedisController when creating persistent property for : com.cn.szl.tupu.service.util.RedisUtil com.cn.szl.tupu.controller.RedisController.redisUtil
2018-12-28 16:46:43.260 [restartedMain] WARN  o.s.data.neo4j.mapping.Neo4jPersistentProperty - No identity field found for class of type: java.util.concurrent.LinkedBlockingQueue when creating persistent property for : private final int java.util.concurrent.LinkedBlockingQueue.capacity
2018-12-28 16:46:43.260 [restartedMain] WARN  o.s.data.neo4j.mapping.Neo4jPersistentProperty - No identity field found for class of type: java.util.concurrent.LinkedBlockingQueue when creating persistent property for : private final java.util.concurrent.atomic.AtomicInteger java.util.concurrent.LinkedBlockingQueue.count
2018-12-28 16:46:43.260 [restartedMain] WARN  o.s.data.neo4j.mapping.Neo4jPersistentProperty - No identity field found for class of type: java.util.concurrent.LinkedBlockingQueue when creating persistent property for : transient java.util.concurrent.LinkedBlockingQueue$Node java.util.concurrent.LinkedBlockingQueue.head
2018-12-28 16:46:43.261 [restartedMain] WARN  o.s.data.neo4j.mapping.Neo4jPersistentProperty - No identity field found for class of type: java.util.concurrent.LinkedBlockingQueue when creating persistent property for : private transient java.util.concurrent.LinkedBlockingQueue$Node java.util.concurrent.LinkedBlockingQueue.last
2018-12-28 16:46:43.261 [restartedMain] WARN  o.s.data.neo4j.mapping.Neo4jPersistentProperty - No identity field found for class of type: java.util.concurrent.LinkedBlockingQueue when creating persistent property for : private final java.util.concurrent.locks.ReentrantLock java.util.concurrent.LinkedBlockingQueue.takeLock
2018-12-28 16:46:43.261 [restartedMain] WARN  o.s.data.neo4j.mapping.Neo4jPersistentProperty - No identity field found for class of type: java.util.concurrent.LinkedBlockingQueue when creating persistent property for : private final java.util.concurrent.locks.Condition java.util.concurrent.LinkedBlockingQueue.notEmpty
2018-12-28 16:46:43.261 [restartedMain] WARN  o.s.data.neo4j.mapping.Neo4jPersistentProperty - No identity field found for class of type: java.util.concurrent.LinkedBlockingQueue when creating persistent property for : private final java.util.concurrent.locks.ReentrantLock java.util.concurrent.LinkedBlockingQueue.putLock
2018-12-28 16:46:43.261 [restartedMain] WARN  o.s.data.neo4j.mapping.Neo4jPersistentProperty - No identity field found for class of type: java.util.concurrent.LinkedBlockingQueue when creating persistent property for : private final java.util.concurrent.locks.Condition java.util.concurrent.LinkedBlockingQueue.notFull
2018-12-28 16:46:43.262 [restartedMain] WARN  o.s.data.neo4j.mapping.Neo4jPersistentProperty - No identity field found for class of type: com.cn.szl.tupu.servive.impl.KnowledgeServiceImpl when creating persistent property for : private com.cn.szl.tupu.dao.KnowledgeDao com.cn.szl.tupu.servive.impl.KnowledgeServiceImpl.dao
2018-12-28 16:46:43.266 [restartedMain] WARN  o.s.data.neo4j.mapping.Neo4jPersistentProperty - No identity field found for class of type: com.cn.szl.tupu.entity.Result when creating persistent property for : private java.lang.Integer com.cn.szl.tupu.entity.Result.code
2018-12-28 16:46:43.267 [restartedMain] WARN  o.s.data.neo4j.mapping.Neo4jPersistentProperty - No identity field found for class of type: com.cn.szl.tupu.entity.Result when creating persistent property for : private java.lang.String com.cn.szl.tupu.entity.Result.msg
2018-12-28 16:46:43.268 [restartedMain] WARN  o.s.data.neo4j.mapping.Neo4jPersistentProperty - No identity field found for class of type: com.cn.szl.tupu.entity.Result when creating persistent property for : private java.lang.Object com.cn.szl.tupu.entity.Result.data
2018-12-28 16:46:43.273 [restartedMain] WARN  o.s.data.neo4j.mapping.Neo4jPersistentProperty - No identity field found for class of type: com.cn.szl.tupu.controller.MainController when creating persistent property for : private com.cn.szl.tupu.servive.IPaperService com.cn.szl.tupu.controller.MainController.iPaperService
2018-12-28 16:46:43.277 [restartedMain] WARN  o.s.data.neo4j.mapping.Neo4jPersistentProperty - No identity field found for class of type: com.cn.szl.tupu.controller.PaperController when creating persistent property for : private com.cn.szl.tupu.servive.IPaperService com.cn.szl.tupu.controller.PaperController.iPaperService
2018-12-28 16:46:43.279 [restartedMain] WARN  o.s.data.neo4j.mapping.Neo4jPersistentProperty - No identity field found for class of type: com.cn.szl.tupu.controller.NetworkController when creating persistent property for : com.cn.szl.tupu.servive.IKnowledgeService com.cn.szl.tupu.controller.NetworkController.iKnowledgeService
2018-12-28 16:46:43.282 [restartedMain] WARN  o.s.data.neo4j.mapping.Neo4jPersistentProperty - No identity field found for class of type: com.cn.szl.tupu.servive.impl.PaperServiceImpl when creating persistent property for : private com.cn.szl.tupu.dao.PaperDao com.cn.szl.tupu.servive.impl.PaperServiceImpl.paperDao
2018-12-28 16:46:43.284 [restartedMain] WARN  o.s.data.neo4j.mapping.Neo4jPersistentProperty - No identity field found for class of type: com.cn.szl.tupu.entity.Paper when creating persistent property for : private int com.cn.szl.tupu.entity.Paper.id
2018-12-28 16:46:43.285 [restartedMain] WARN  o.s.data.neo4j.mapping.Neo4jPersistentProperty - No identity field found for class of type: com.cn.szl.tupu.entity.Paper when creating persistent property for : private java.lang.String com.cn.szl.tupu.entity.Paper.title
2018-12-28 16:46:43.285 [restartedMain] WARN  o.s.data.neo4j.mapping.Neo4jPersistentProperty - No identity field found for class of type: com.cn.szl.tupu.entity.Paper when creating persistent property for : private java.lang.String com.cn.szl.tupu.entity.Paper.author
2018-12-28 16:46:43.285 [restartedMain] WARN  o.s.data.neo4j.mapping.Neo4jPersistentProperty - No identity field found for class of type: com.cn.szl.tupu.entity.Paper when creating persistent property for : private java.lang.String com.cn.szl.tupu.entity.Paper.date
2018-12-28 16:46:43.285 [restartedMain] WARN  o.s.data.neo4j.mapping.Neo4jPersistentProperty - No identity field found for class of type: com.cn.szl.tupu.entity.Paper when creating persistent property for : private java.lang.String com.cn.szl.tupu.entity.Paper.keywords
2018-12-28 16:46:43.285 [restartedMain] WARN  o.s.data.neo4j.mapping.Neo4jPersistentProperty - No identity field found for class of type: com.cn.szl.tupu.entity.Paper when creating persistent property for : private java.lang.String com.cn.szl.tupu.entity.Paper.summary
2018-12-28 16:46:43.286 [restartedMain] WARN  o.s.data.neo4j.mapping.Neo4jPersistentProperty - No identity field found for class of type: com.cn.szl.tupu.entity.Paper when creating persistent property for : private java.lang.String com.cn.szl.tupu.entity.Paper.school
2018-12-28 16:46:43.286 [restartedMain] WARN  o.s.data.neo4j.mapping.Neo4jPersistentProperty - No identity field found for class of type: com.cn.szl.tupu.entity.Paper when creating persistent property for : private java.lang.String com.cn.szl.tupu.entity.Paper.degree
2018-12-28 16:46:43.286 [restartedMain] WARN  o.s.data.neo4j.mapping.Neo4jPersistentProperty - No identity field found for class of type: com.cn.szl.tupu.entity.Paper when creating persistent property for : private java.lang.String com.cn.szl.tupu.entity.Paper.major
2018-12-28 16:46:43.286 [restartedMain] WARN  o.s.data.neo4j.mapping.Neo4jPersistentProperty - No identity field found for class of type: com.cn.szl.tupu.entity.Paper when creating persistent property for : private java.lang.String com.cn.szl.tupu.entity.Paper.tutor
2018-12-28 16:46:43.286 [restartedMain] WARN  o.s.data.neo4j.mapping.Neo4jPersistentProperty - No identity field found for class of type: com.cn.szl.tupu.entity.Paper when creating persistent property for : private java.lang.String com.cn.szl.tupu.entity.Paper.url
2018-12-28 16:46:43.287 [restartedMain] WARN  o.s.data.neo4j.mapping.Neo4jPersistentProperty - No identity field found for class of type: com.cn.szl.tupu.entity.Paper when creating persistent property for : private java.lang.String com.cn.szl.tupu.entity.Paper.web
2018-12-28 16:46:43.287 [restartedMain] WARN  o.s.data.neo4j.mapping.Neo4jPersistentProperty - No identity field found for class of type: com.cn.szl.tupu.entity.Paper when creating persistent property for : private java.lang.String com.cn.szl.tupu.entity.Paper.label
2018-12-28 16:46:43.290 [restartedMain] WARN  o.s.data.neo4j.mapping.Neo4jPersistentProperty - No identity field found for class of type: com.cn.szl.tupu.service.util.blockHandler when creating persistent property for : private java.lang.Object com.cn.szl.tupu.service.util.blockHandler.obj
2018-12-28 16:46:43.292 [restartedMain] WARN  o.s.data.neo4j.mapping.Neo4jPersistentProperty - No identity field found for class of type: com.cn.szl.tupu.controller.RegisterController when creating persistent property for : private com.cn.szl.tupu.servive.IUserService com.cn.szl.tupu.controller.RegisterController.iUserService
2018-12-28 16:46:43.292 [restartedMain] WARN  o.s.data.neo4j.mapping.Neo4jPersistentProperty - No identity field found for class of type: com.cn.szl.tupu.controller.RegisterController when creating persistent property for : private com.cn.szl.tupu.service.util.RedisUtil com.cn.szl.tupu.controller.RegisterController.redisUtil
2018-12-28 16:46:43.295 [restartedMain] WARN  o.s.data.neo4j.mapping.Neo4jPersistentProperty - No identity field found for class of type: com.cn.szl.tupu.entity.Knowledge when creating persistent property for : private java.lang.Integer com.cn.szl.tupu.entity.Knowledge.KnowledgeId
2018-12-28 16:46:43.295 [restartedMain] WARN  o.s.data.neo4j.mapping.Neo4jPersistentProperty - No identity field found for class of type: com.cn.szl.tupu.entity.Knowledge when creating persistent property for : private java.lang.String com.cn.szl.tupu.entity.Knowledge.KnowledgeTitle
2018-12-28 16:46:43.295 [restartedMain] WARN  o.s.data.neo4j.mapping.Neo4jPersistentProperty - No identity field found for class of type: com.cn.szl.tupu.entity.Knowledge when creating persistent property for : private java.lang.String com.cn.szl.tupu.entity.Knowledge.KnowledgeType
2018-12-28 16:46:43.295 [restartedMain] WARN  o.s.data.neo4j.mapping.Neo4jPersistentProperty - No identity field found for class of type: com.cn.szl.tupu.entity.Knowledge when creating persistent property for : private java.lang.String com.cn.szl.tupu.entity.Knowledge.KnowledgeData
2018-12-28 16:46:43.295 [restartedMain] WARN  o.s.data.neo4j.mapping.Neo4jPersistentProperty - No identity field found for class of type: com.cn.szl.tupu.entity.Knowledge when creating persistent property for : private java.lang.String com.cn.szl.tupu.entity.Knowledge.Summary
2018-12-28 16:46:43.296 [restartedMain] WARN  o.s.data.neo4j.mapping.Neo4jPersistentProperty - No identity field found for class of type: com.cn.szl.tupu.entity.Knowledge when creating persistent property for : private java.lang.String com.cn.szl.tupu.entity.Knowledge.Url
2018-12-28 16:46:43.296 [restartedMain] WARN  o.s.data.neo4j.mapping.Neo4jPersistentProperty - No identity field found for class of type: com.cn.szl.tupu.entity.Knowledge when creating persistent property for : private java.lang.String com.cn.szl.tupu.entity.Knowledge.KnowledgeLevel1
2018-12-28 16:46:43.296 [restartedMain] WARN  o.s.data.neo4j.mapping.Neo4jPersistentProperty - No identity field found for class of type: com.cn.szl.tupu.entity.Knowledge when creating persistent property for : private java.lang.String com.cn.szl.tupu.entity.Knowledge.KnowledgeLevel2
2018-12-28 16:46:43.296 [restartedMain] WARN  o.s.data.neo4j.mapping.Neo4jPersistentProperty - No identity field found for class of type: com.cn.szl.tupu.entity.Knowledge when creating persistent property for : private java.lang.String com.cn.szl.tupu.entity.Knowledge.KnowledgeLevel3
2018-12-28 16:46:43.297 [restartedMain] INFO  o.s.data.neo4j.mapping.Neo4jMappingContext - No class information found in OGM meta-data for class java.util.ArrayList so treating as simple type for SD Commons
2018-12-28 16:46:43.297 [restartedMain] WARN  o.s.data.neo4j.mapping.Neo4jPersistentProperty - No identity field found for class of type: com.cn.szl.tupu.entity.Knowledge when creating persistent property for : private java.util.ArrayList com.cn.szl.tupu.entity.Knowledge.relevance
2018-12-28 16:46:43.302 [restartedMain] INFO  o.s.data.neo4j.mapping.Neo4jMappingContext - Neo4jMappingContext initialisation completed
2018-12-28 16:46:43.889 [restartedMain] INFO  o.s.web.servlet.handler.SimpleUrlHandlerMapping - Mapped URL path [/**/favicon.ico] onto handler of type [class org.springframework.web.servlet.resource.ResourceHttpRequestHandler]
2018-12-28 16:46:44.224 [restartedMain] INFO  o.s.w.s.m.m.a.RequestMappingHandlerAdapter - Looking for @ControllerAdvice: org.springframework.boot.web.servlet.context.AnnotationConfigServletWebServerApplicationContext@74e1885f: startup date [Fri Dec 28 16:46:35 CST 2018]; root of context hierarchy
2018-12-28 16:46:44.270 [restartedMain] WARN  o.s.b.a.o.j.JpaBaseConfiguration$JpaWebConfiguration$JpaWebMvcConfiguration - spring.jpa.open-in-view is enabled by default. Therefore, database queries may be performed during view rendering. Explicitly configure spring.jpa.open-in-view to disable this warning
2018-12-28 16:46:44.287 [restartedMain] WARN  o.s.b.a.d.n.Neo4jDataAutoConfiguration$Neo4jWebConfiguration$Neo4jWebMvcConfiguration - spring.data.neo4j.open-in-view is enabled by default.Therefore, database queries may be performed during view rendering. Explicitly configure spring.data.neo4j.open-in-view to disable this warning
2018-12-28 16:46:44.327 [restartedMain] INFO  o.s.w.s.m.m.a.RequestMappingHandlerMapping - Mapped "{[/dashboard/all]}" onto public com.cn.szl.tupu.entity.Result com.cn.szl.tupu.controller.DashboardController.all()
2018-12-28 16:46:44.329 [restartedMain] INFO  o.s.w.s.m.m.a.RequestMappingHandlerMapping - Mapped "{[/dashboard/add]}" onto public com.cn.szl.tupu.entity.Result com.cn.szl.tupu.controller.DashboardController.add(com.cn.szl.tupu.entity.Knowledge,org.springframework.validation.BindingResult)
2018-12-28 16:46:44.329 [restartedMain] INFO  o.s.w.s.m.m.a.RequestMappingHandlerMapping - Mapped "{[/dashboard/getById]}" onto public com.cn.szl.tupu.entity.Result com.cn.szl.tupu.controller.DashboardController.getById(int)
2018-12-28 16:46:44.330 [restartedMain] INFO  o.s.w.s.m.m.a.RequestMappingHandlerMapping - Mapped "{[/entity/add],methods=[GET]}" onto public int com.cn.szl.tupu.controller.GraphController.add()
2018-12-28 16:46:44.331 [restartedMain] INFO  o.s.w.s.m.m.a.RequestMappingHandlerMapping - Mapped "{[/entity/get],methods=[GET]}" onto public com.cn.szl.tupu.entity.EntityNode com.cn.szl.tupu.controller.GraphController.get(java.lang.String)
2018-12-28 16:46:44.331 [restartedMain] INFO  o.s.w.s.m.m.a.RequestMappingHandlerMapping - Mapped "{[/entity/getAll],methods=[GET]}" onto public java.lang.Iterable<com.cn.szl.tupu.entity.EntityNode> com.cn.szl.tupu.controller.GraphController.getAll()
2018-12-28 16:46:44.331 [restartedMain] INFO  o.s.w.s.m.m.a.RequestMappingHandlerMapping - Mapped "{[/entity/all],methods=[GET]}" onto public java.lang.Iterable<com.cn.szl.tupu.entity.EntityNode> com.cn.szl.tupu.controller.GraphController.findAll()
2018-12-28 16:46:44.331 [restartedMain] INFO  o.s.w.s.m.m.a.RequestMappingHandlerMapping - Mapped "{[/]}" onto public java.lang.String com.cn.szl.tupu.controller.IndexController.index(org.springframework.ui.Model)
2018-12-28 16:46:44.333 [restartedMain] INFO  o.s.w.s.m.m.a.RequestMappingHandlerMapping - Mapped "{[/loginOut]}" onto public java.lang.String com.cn.szl.tupu.controller.LoginController.loginOut(javax.servlet.http.HttpServletRequest)
2018-12-28 16:46:44.333 [restartedMain] INFO  o.s.w.s.m.m.a.RequestMappingHandlerMapping - Mapped "{[/login],methods=[POST]}" onto public java.lang.String com.cn.szl.tupu.controller.LoginController.login(java.lang.String,java.lang.String,org.springframework.ui.Model,javax.servlet.http.HttpServletRequest)
2018-12-28 16:46:44.333 [restartedMain] INFO  o.s.w.s.m.m.a.RequestMappingHandlerMapping - Mapped "{[/main]}" onto public java.lang.String com.cn.szl.tupu.controller.MainController.main()
2018-12-28 16:46:44.334 [restartedMain] INFO  o.s.w.s.m.m.a.RequestMappingHandlerMapping - Mapped "{[/main/post]}" onto public java.lang.String com.cn.szl.tupu.controller.MainController.post()
2018-12-28 16:46:44.334 [restartedMain] INFO  o.s.w.s.m.m.a.RequestMappingHandlerMapping - Mapped "{[/main/addTask]}" onto public java.lang.String com.cn.szl.tupu.controller.MainController.addTask()
2018-12-28 16:46:44.334 [restartedMain] INFO  o.s.w.s.m.m.a.RequestMappingHandlerMapping - Mapped "{[/main/addNew]}" onto public java.lang.String com.cn.szl.tupu.controller.MainController.addNew()
2018-12-28 16:46:44.334 [restartedMain] INFO  o.s.w.s.m.m.a.RequestMappingHandlerMapping - Mapped "{[/network/list]}" onto public com.cn.szl.tupu.entity.Result com.cn.szl.tupu.controller.NetworkController.list(java.lang.String,int,int)
2018-12-28 16:46:44.336 [restartedMain] INFO  o.s.w.s.m.m.a.RequestMappingHandlerMapping - Mapped "{[/paper/list]}" onto public com.cn.szl.tupu.entity.Result com.cn.szl.tupu.controller.PaperController.list(java.lang.String,int,int)
2018-12-28 16:46:44.336 [restartedMain] INFO  o.s.w.s.m.m.a.RequestMappingHandlerMapping - Mapped "{[/paper/search],methods=[GET]}" onto public org.springframework.web.servlet.ModelAndView com.cn.szl.tupu.controller.PaperController.search(java.lang.String,org.springframework.web.servlet.ModelAndView,java.lang.Integer,java.lang.Integer)
2018-12-28 16:46:44.336 [restartedMain] INFO  o.s.w.s.m.m.a.RequestMappingHandlerMapping - Mapped "{[/paper/ajaxSearch],methods=[GET]}" onto public org.springframework.ui.ModelMap com.cn.szl.tupu.controller.PaperController.ajaxSearch(java.lang.String,org.springframework.ui.ModelMap)
2018-12-28 16:46:44.336 [restartedMain] INFO  o.s.w.s.m.m.a.RequestMappingHandlerMapping - Mapped "{[/paper/details],methods=[GET]}" onto public org.springframework.web.servlet.ModelAndView com.cn.szl.tupu.controller.PaperController.showDetails(int,org.springframework.web.servlet.ModelAndView)
2018-12-28 16:46:44.336 [restartedMain] INFO  o.s.w.s.m.m.a.RequestMappingHandlerMapping - Mapped "{[/paper/network],methods=[GET]}" onto public org.springframework.web.servlet.ModelAndView com.cn.szl.tupu.controller.PaperController.network(org.springframework.web.servlet.ModelAndView)
2018-12-28 16:46:44.336 [restartedMain] INFO  o.s.w.s.m.m.a.RequestMappingHandlerMapping - Mapped "{[/redisTest/testRedisAdd]}" onto java.lang.Object com.cn.szl.tupu.controller.RedisController.testRedisAdd(java.lang.String,java.lang.String)
2018-12-28 16:46:44.336 [restartedMain] INFO  o.s.w.s.m.m.a.RequestMappingHandlerMapping - Mapped "{[/registered]}" onto public java.lang.String com.cn.szl.tupu.controller.RegisterController.registered()
2018-12-28 16:46:44.336 [restartedMain] INFO  o.s.w.s.m.m.a.RequestMappingHandlerMapping - Mapped "{[/registered/saveUser],methods=[POST]}" onto public java.lang.String com.cn.szl.tupu.controller.RegisterController.saveUser(java.lang.String,java.lang.String,java.lang.String,java.lang.String,java.lang.String)
2018-12-28 16:46:44.339 [restartedMain] INFO  o.s.w.s.m.m.a.RequestMappingHandlerMapping - Mapped "{[/error]}" onto public org.springframework.http.ResponseEntity<java.util.Map<java.lang.String, java.lang.Object>> org.springframework.boot.autoconfigure.web.servlet.error.BasicErrorController.error(javax.servlet.http.HttpServletRequest)
2018-12-28 16:46:44.340 [restartedMain] INFO  o.s.w.s.m.m.a.RequestMappingHandlerMapping - Mapped "{[/error],produces=[text/html]}" onto public org.springframework.web.servlet.ModelAndView org.springframework.boot.autoconfigure.web.servlet.error.BasicErrorController.errorHtml(javax.servlet.http.HttpServletRequest,javax.servlet.http.HttpServletResponse)
2018-12-28 16:46:44.379 [restartedMain] INFO  o.s.web.servlet.handler.SimpleUrlHandlerMapping - Mapped URL path [/webjars/**] onto handler of type [class org.springframework.web.servlet.resource.ResourceHttpRequestHandler]
2018-12-28 16:46:44.380 [restartedMain] INFO  o.s.web.servlet.handler.SimpleUrlHandlerMapping - Mapped URL path [/**] onto handler of type [class org.springframework.web.servlet.resource.ResourceHttpRequestHandler]
2018-12-28 16:46:44.399 [restartedMain] INFO  o.s.w.s.m.m.a.ExceptionHandlerExceptionResolver - Detected @ExceptionHandler methods in globalExceptionHandler
2018-12-28 16:46:44.468 [restartedMain] WARN  org.thymeleaf.templatemode.TemplateMode - [THYMELEAF][restartedMain] Template Mode 'HTML5' is deprecated. Using Template Mode 'HTML' instead.
2018-12-28 16:46:44.545 [restartedMain] INFO  o.s.b.a.web.servlet.WelcomePageHandlerMapping - Adding welcome page template: index
2018-12-28 16:46:48.876 [restartedMain] INFO  o.s.b.d.autoconfigure.OptionalLiveReloadServer - LiveReload server is running on port 35729
2018-12-28 16:46:48.918 [restartedMain] INFO  o.s.jmx.export.annotation.AnnotationMBeanExporter - Registering beans for JMX exposure on startup
2018-12-28 16:46:48.919 [restartedMain] INFO  o.s.jmx.export.annotation.AnnotationMBeanExporter - Bean with name 'dataSource' has been autodetected for JMX exposure
2018-12-28 16:46:48.925 [restartedMain] INFO  o.s.jmx.export.annotation.AnnotationMBeanExporter - Located MBean 'dataSource': registering with JMX server as MBean [com.zaxxer.hikari:name=dataSource,type=HikariDataSource]
2018-12-28 16:46:48.936 [restartedMain] INFO  org.apache.coyote.http11.Http11NioProtocol - Starting ProtocolHandler ["http-nio-8080"]
2018-12-28 16:46:48.951 [restartedMain] INFO  org.apache.tomcat.util.net.NioSelectorPool - Using a shared selector for servlet write/read
2018-12-28 16:46:48.981 [restartedMain] INFO  o.s.boot.web.embedded.tomcat.TomcatWebServer - Tomcat started on port(s): 8080 (http) with context path ''
2018-12-28 16:46:48.985 [restartedMain] INFO  com.cn.szl.tupu.TupuApplication - Started TupuApplication in 14.525 seconds (JVM running for 16.308)
2018-12-28 16:46:52.109 [http-nio-8080-exec-1] INFO  o.a.c.core.ContainerBase.[Tomcat].[localhost].[/] - Initializing Spring FrameworkServlet 'dispatcherServlet'
2018-12-28 16:46:52.109 [http-nio-8080-exec-1] INFO  org.springframework.web.servlet.DispatcherServlet - FrameworkServlet 'dispatcherServlet': initialization started
2018-12-28 16:46:52.141 [http-nio-8080-exec-1] INFO  org.springframework.web.servlet.DispatcherServlet - FrameworkServlet 'dispatcherServlet': initialization completed in 32 ms
2018-12-28 16:47:38.426 [restartedMain] INFO  com.cn.szl.tupu.TupuApplication - Starting TupuApplication on DESKTOP-N1LNUQ6 with PID 43892 (started by ylaxfcy in C:\Users\ylaxfcy\Desktop\base项目\tupu)
2018-12-28 16:47:38.428 [restartedMain] INFO  com.cn.szl.tupu.TupuApplication - No active profile set, falling back to default profiles: default
2018-12-28 16:47:38.501 [restartedMain] INFO  o.s.b.w.s.c.AnnotationConfigServletWebServerApplicationContext - Refreshing org.springframework.boot.web.servlet.context.AnnotationConfigServletWebServerApplicationContext@3e0e5311: startup date [Fri Dec 28 16:47:38 CST 2018]; root of context hierarchy
2018-12-28 16:47:40.482 [restartedMain] INFO  o.s.d.r.config.RepositoryConfigurationDelegate - Multiple Spring Data modules found, entering strict repository configuration mode!
2018-12-28 16:47:40.549 [restartedMain] INFO  o.s.d.r.c.RepositoryConfigurationExtensionSupport - Spring Data JPA - Could not safely identify store assignment for repository candidate interface com.cn.szl.tupu.dao.EntityNodeDao.
2018-12-28 16:47:40.555 [restartedMain] INFO  o.s.d.r.c.RepositoryConfigurationExtensionSupport - Spring Data JPA - Could not safely identify store assignment for repository candidate interface com.cn.szl.tupu.dao.EntityRelationDao.
2018-12-28 16:47:40.578 [restartedMain] INFO  o.s.d.r.config.RepositoryConfigurationDelegate - Multiple Spring Data modules found, entering strict repository configuration mode!
2018-12-28 16:47:40.626 [restartedMain] INFO  o.s.b.factory.support.DefaultListableBeanFactory - Overriding bean definition for bean 'entityRelationDao' with a different definition: replacing [Generic bean: class [org.mybatis.spring.mapper.MapperFactoryBean]; scope=singleton; abstract=false; lazyInit=false; autowireMode=2; dependencyCheck=0; autowireCandidate=true; primary=false; factoryBeanName=null; factoryMethodName=null; initMethodName=null; destroyMethodName=null; defined in file [C:\Users\ylaxfcy\Desktop\base项目\tupu\target\classes\com\cn\szl\tupu\dao\EntityRelationDao.class]] with [Root bean: class [org.springframework.data.neo4j.repository.support.Neo4jRepositoryFactoryBean]; scope=; abstract=false; lazyInit=false; autowireMode=0; dependencyCheck=0; autowireCandidate=true; primary=false; factoryBeanName=null; factoryMethodName=null; initMethodName=null; destroyMethodName=null]
2018-12-28 16:47:40.637 [restartedMain] INFO  o.s.b.factory.support.DefaultListableBeanFactory - Overriding bean definition for bean 'entityNodeDao' with a different definition: replacing [Generic bean: class [org.mybatis.spring.mapper.MapperFactoryBean]; scope=singleton; abstract=false; lazyInit=false; autowireMode=2; dependencyCheck=0; autowireCandidate=true; primary=false; factoryBeanName=null; factoryMethodName=null; initMethodName=null; destroyMethodName=null; defined in file [C:\Users\ylaxfcy\Desktop\base项目\tupu\target\classes\com\cn\szl\tupu\dao\EntityNodeDao.class]] with [Root bean: class [org.springframework.data.neo4j.repository.support.Neo4jRepositoryFactoryBean]; scope=; abstract=false; lazyInit=false; autowireMode=0; dependencyCheck=0; autowireCandidate=true; primary=false; factoryBeanName=null; factoryMethodName=null; initMethodName=null; destroyMethodName=null]
2018-12-28 16:47:40.659 [restartedMain] INFO  o.s.d.r.config.RepositoryConfigurationDelegate - Multiple Spring Data modules found, entering strict repository configuration mode!
2018-12-28 16:47:40.699 [restartedMain] INFO  o.s.d.r.c.RepositoryConfigurationExtensionSupport - Spring Data Redis - Could not safely identify store assignment for repository candidate interface com.cn.szl.tupu.dao.EntityNodeDao.
2018-12-28 16:47:40.699 [restartedMain] INFO  o.s.d.r.c.RepositoryConfigurationExtensionSupport - Spring Data Redis - Could not safely identify store assignment for repository candidate interface com.cn.szl.tupu.dao.EntityRelationDao.
2018-12-28 16:47:41.311 [restartedMain] INFO  o.s.c.s.PostProcessorRegistrationDelegate$BeanPostProcessorChecker - Bean 'org.springframework.transaction.annotation.ProxyTransactionManagementConfiguration' of type [org.springframework.transaction.annotation.ProxyTransactionManagementConfiguration$$EnhancerBySpringCGLIB$$40169a38] is not eligible for getting processed by all BeanPostProcessors (for example: not eligible for auto-proxying)
2018-12-28 16:47:41.406 [restartedMain] INFO  o.s.c.s.PostProcessorRegistrationDelegate$BeanPostProcessorChecker - Bean 'org.springframework.boot.autoconfigure.data.neo4j.Neo4jDataAutoConfiguration' of type [org.springframework.boot.autoconfigure.data.neo4j.Neo4jDataAutoConfiguration$$EnhancerBySpringCGLIB$$13f0ed44] is not eligible for getting processed by all BeanPostProcessors (for example: not eligible for auto-proxying)
2018-12-28 16:47:41.424 [restartedMain] INFO  o.s.c.s.PostProcessorRegistrationDelegate$BeanPostProcessorChecker - Bean 'org.springframework.boot.context.properties.ConversionServiceDeducer$Factory' of type [org.springframework.boot.context.properties.ConversionServiceDeducer$Factory] is not eligible for getting processed by all BeanPostProcessors (for example: not eligible for auto-proxying)
2018-12-28 16:47:41.436 [restartedMain] INFO  o.s.c.s.PostProcessorRegistrationDelegate$BeanPostProcessorChecker - Bean 'spring.data.neo4j-org.springframework.boot.autoconfigure.data.neo4j.Neo4jProperties' of type [org.springframework.boot.autoconfigure.data.neo4j.Neo4jProperties] is not eligible for getting processed by all BeanPostProcessors (for example: not eligible for auto-proxying)
2018-12-28 16:47:41.447 [restartedMain] INFO  o.s.c.s.PostProcessorRegistrationDelegate$BeanPostProcessorChecker - Bean 'configuration' of type [org.neo4j.ogm.config.Configuration] is not eligible for getting processed by all BeanPostProcessors (for example: not eligible for auto-proxying)
2018-12-28 16:47:41.721 [restartedMain] INFO  org.neo4j.ogm.metadata.DomainInfo - Starting Post-processing phase
2018-12-28 16:47:41.721 [restartedMain] INFO  org.neo4j.ogm.metadata.DomainInfo - Building annotation class map
2018-12-28 16:47:41.721 [restartedMain] INFO  org.neo4j.ogm.metadata.DomainInfo - Building interface class map for 44 classes
2018-12-28 16:47:41.729 [restartedMain] INFO  org.neo4j.ogm.metadata.DomainInfo - Post-processing complete
2018-12-28 16:47:41.770 [restartedMain] INFO  o.s.c.s.PostProcessorRegistrationDelegate$BeanPostProcessorChecker - Bean 'sessionFactory' of type [org.neo4j.ogm.session.SessionFactory] is not eligible for getting processed by all BeanPostProcessors (for example: not eligible for auto-proxying)
2018-12-28 16:47:42.335 [restartedMain] INFO  o.s.boot.web.embedded.tomcat.TomcatWebServer - Tomcat initialized with port(s): 8080 (http)
2018-12-28 16:47:42.400 [restartedMain] INFO  org.apache.coyote.http11.Http11NioProtocol - Initializing ProtocolHandler ["http-nio-8080"]
2018-12-28 16:47:42.416 [restartedMain] INFO  org.apache.catalina.core.StandardService - Starting service [Tomcat]
2018-12-28 16:47:42.416 [restartedMain] INFO  org.apache.catalina.core.StandardEngine - Starting Servlet Engine: Apache Tomcat/8.5.31
2018-12-28 16:47:42.420 [localhost-startStop-1] INFO  org.apache.catalina.core.AprLifecycleListener - The APR based Apache Tomcat Native library which allows optimal performance in production environments was not found on the java.library.path: [C:\Program Files\Java\jdk1.8.0_121\bin;C:\WINDOWS\Sun\Java\bin;C:\WINDOWS\system32;C:\WINDOWS;C:\ProgramData\Oracle\Java\javapath;C:\Windows\system32;C:\Windows;C:\Windows\System32\Wbem;C:\Windows\System32\WindowsPowerShell\v1.0\;C:\Program Files (x86)\NVIDIA Corporation\PhysX\Common;C:\Program Files (x86)\Windows Kits\8.1\Windows Performance Toolkit\;C:\Program Files\Microsoft SQL Server\110\Tools\Binn\;C:\Program Files (x86)\Microsoft SDKs\TypeScript\1.0\;C:\Program Files\Microsoft SQL Server\120\Tools\Binn\;C:\Program Files (x86)\IDM Computer Solutions\UltraEdit;C:\CTEX\UserData\miktex\bin;C:\CTEX\MiKTeX\miktex\bin;C:\CTEX\CTeX\ctex\bin;C:\CTEX\CTeX\cct\bin;C:\CTEX\CTeX\ty\bin;C:\CTEX\Ghostscript\gs9.05\bin;C:\CTEX\GSview\gsview;C:\CTEX\WinEdt;C:\Python27;C:\Program Files\CMake\bin;.;C:\Program Files\Java\jdk1.8.0_121\bin;C:\WINDOWS\system32;C:\WINDOWS;C:\WINDOWS\System32\Wbem;C:\WINDOWS\System32\WindowsPowerShell\v1.0\;C:\Program Files\phantomjs-2.1.1-windows\bin;C:\Program Files\PuTTY\;C:\Program Files\Maven\apache-maven-3.5.0\bin;C:\WINDOWS\System32\OpenSSH\;C:\Program Files\Git\cmd;C:\Program Files\nodejs\;C:\mysql-5.7.24-winx64\bin;C:\Program Files\Redis\;C:\Users\ylaxfcy\AppData\Local\Microsoft\WindowsApps;;c:\python27;c:\python27\Scripts;C:\Program Files (x86)\Microsoft VS Code\bin;C:\Users\ylaxfcy\AppData\Roaming\npm;.]
2018-12-28 16:47:42.642 [localhost-startStop-1] INFO  o.a.c.core.ContainerBase.[Tomcat].[localhost].[/] - Initializing Spring embedded WebApplicationContext
2018-12-28 16:47:42.643 [localhost-startStop-1] INFO  org.springframework.web.context.ContextLoader - Root WebApplicationContext: initialization completed in 4142 ms
2018-12-28 16:47:42.855 [localhost-startStop-1] INFO  o.s.boot.web.servlet.ServletRegistrationBean - Servlet dispatcherServlet mapped to [/]
2018-12-28 16:47:42.861 [localhost-startStop-1] INFO  o.s.boot.web.servlet.FilterRegistrationBean - Mapping filter: 'characterEncodingFilter' to: [/*]
2018-12-28 16:47:42.862 [localhost-startStop-1] INFO  o.s.boot.web.servlet.FilterRegistrationBean - Mapping filter: 'hiddenHttpMethodFilter' to: [/*]
2018-12-28 16:47:42.862 [localhost-startStop-1] INFO  o.s.boot.web.servlet.FilterRegistrationBean - Mapping filter: 'httpPutFormContentFilter' to: [/*]
2018-12-28 16:47:42.862 [localhost-startStop-1] INFO  o.s.boot.web.servlet.FilterRegistrationBean - Mapping filter: 'requestContextFilter' to: [/*]
2018-12-28 16:47:43.117 [restartedMain] INFO  o.s.orm.jpa.LocalContainerEntityManagerFactoryBean - Building JPA container EntityManagerFactory for persistence unit 'default'
2018-12-28 16:47:43.134 [restartedMain] INFO  org.hibernate.jpa.internal.util.LogHelper - HHH000204: Processing PersistenceUnitInfo [
	name: default
	...]
2018-12-28 16:47:43.236 [restartedMain] INFO  org.hibernate.Version - HHH000412: Hibernate Core {5.2.17.Final}
2018-12-28 16:47:43.238 [restartedMain] INFO  org.hibernate.cfg.Environment - HHH000206: hibernate.properties not found
2018-12-28 16:47:43.296 [restartedMain] INFO  org.hibernate.annotations.common.Version - HCANN000001: Hibernate Commons Annotations {5.0.1.Final}
2018-12-28 16:47:45.595 [restartedMain] INFO  com.zaxxer.hikari.HikariDataSource - HikariPool-1 - Starting...
2018-12-28 16:47:45.764 [restartedMain] INFO  com.zaxxer.hikari.HikariDataSource - HikariPool-1 - Start completed.
2018-12-28 16:47:45.778 [restartedMain] INFO  org.hibernate.dialect.Dialect - HHH000400: Using dialect: org.hibernate.dialect.MySQL5Dialect
2018-12-28 16:47:46.340 [restartedMain] INFO  o.s.orm.jpa.LocalContainerEntityManagerFactoryBean - Initialized JPA EntityManagerFactory for persistence unit 'default'
2018-12-28 16:47:46.799 [restartedMain] INFO  o.s.data.neo4j.mapping.Neo4jMappingContext - No class information found in OGM meta-data for class org.springframework.data.redis.core.RedisTemplate so treating as simple type for SD Commons
2018-12-28 16:47:46.806 [restartedMain] WARN  o.s.data.neo4j.mapping.Neo4jPersistentProperty - No identity field found for class of type: com.cn.szl.tupu.service.util.RedisUtil when creating persistent property for : private org.springframework.data.redis.core.RedisTemplate com.cn.szl.tupu.service.util.RedisUtil.redisTemplate
2018-12-28 16:47:46.818 [restartedMain] WARN  o.s.data.neo4j.mapping.Neo4jPersistentProperty - No identity field found for class of type: com.cn.szl.tupu.controller.LoginController when creating persistent property for : private com.cn.szl.tupu.servive.IUserService com.cn.szl.tupu.controller.LoginController.iUserService
2018-12-28 16:47:46.822 [restartedMain] WARN  o.s.data.neo4j.mapping.Neo4jPersistentProperty - No identity field found for class of type: com.cn.szl.tupu.configurer.WebAppConfigurer when creating persistent property for : private com.cn.szl.tupu.interceptor.LoginInterceptor com.cn.szl.tupu.configurer.WebAppConfigurer.loginInterceptor
2018-12-28 16:47:46.825 [restartedMain] WARN  o.s.data.neo4j.mapping.Neo4jPersistentProperty - No identity field found for class of type: com.cn.szl.tupu.entity.EntityNode when creating persistent property for : private java.lang.Long com.cn.szl.tupu.entity.EntityNode.nodeId
2018-12-28 16:47:46.826 [restartedMain] WARN  o.s.data.neo4j.mapping.Neo4jPersistentProperty - No identity field found for class of type: com.cn.szl.tupu.entity.EntityNode when creating persistent property for : private java.lang.String com.cn.szl.tupu.entity.EntityNode.name
2018-12-28 16:47:46.826 [restartedMain] WARN  o.s.data.neo4j.mapping.Neo4jPersistentProperty - No identity field found for class of type: com.cn.szl.tupu.servive.EntityNodeService when creating persistent property for : private com.cn.szl.tupu.dao.EntityNodeDao com.cn.szl.tupu.servive.EntityNodeService.entityNodeDao
2018-12-28 16:47:46.829 [restartedMain] WARN  o.s.data.neo4j.mapping.Neo4jPersistentProperty - No identity field found for class of type: com.cn.szl.tupu.controller.DashboardController when creating persistent property for : private com.cn.szl.tupu.servive.IKnowledgeService com.cn.szl.tupu.controller.DashboardController.service
2018-12-28 16:47:46.832 [restartedMain] WARN  o.s.data.neo4j.mapping.Neo4jPersistentProperty - No identity field found for class of type: com.cn.szl.tupu.servive.impl.UserServiceImpl when creating persistent property for : private com.cn.szl.tupu.dao.UserDao com.cn.szl.tupu.servive.impl.UserServiceImpl.userDao
2018-12-28 16:47:46.832 [restartedMain] WARN  o.s.data.neo4j.mapping.Neo4jPersistentProperty - No identity field found for class of type: com.cn.szl.tupu.servive.impl.UserServiceImpl when creating persistent property for : private com.cn.szl.tupu.service.util.RedisUtil com.cn.szl.tupu.servive.impl.UserServiceImpl.redisUtil
2018-12-28 16:47:46.836 [restartedMain] WARN  o.s.data.neo4j.mapping.Neo4jPersistentProperty - No identity field found for class of type: com.cn.szl.tupu.servive.impl.PatentServiceImpl when creating persistent property for : com.cn.szl.tupu.dao.PatentDao com.cn.szl.tupu.servive.impl.PatentServiceImpl.patentDao
2018-12-28 16:47:46.839 [restartedMain] WARN  o.s.data.neo4j.mapping.Neo4jPersistentProperty - No identity field found for class of type: com.cn.szl.tupu.entity.User when creating persistent property for : private java.lang.String com.cn.szl.tupu.entity.User.userName
2018-12-28 16:47:46.840 [restartedMain] WARN  o.s.data.neo4j.mapping.Neo4jPersistentProperty - No identity field found for class of type: com.cn.szl.tupu.entity.User when creating persistent property for : private java.lang.String com.cn.szl.tupu.entity.User.password
2018-12-28 16:47:46.841 [restartedMain] WARN  o.s.data.neo4j.mapping.Neo4jPersistentProperty - No identity field found for class of type: com.cn.szl.tupu.entity.User when creating persistent property for : private java.lang.String com.cn.szl.tupu.entity.User.telephone
2018-12-28 16:47:46.841 [restartedMain] WARN  o.s.data.neo4j.mapping.Neo4jPersistentProperty - No identity field found for class of type: com.cn.szl.tupu.entity.User when creating persistent property for : private java.lang.String com.cn.szl.tupu.entity.User.email
2018-12-28 16:47:46.841 [restartedMain] WARN  o.s.data.neo4j.mapping.Neo4jPersistentProperty - No identity field found for class of type: com.cn.szl.tupu.entity.User when creating persistent property for : private java.lang.String com.cn.szl.tupu.entity.User.role
2018-12-28 16:47:46.850 [restartedMain] WARN  o.s.data.neo4j.mapping.Neo4jPersistentProperty - No identity field found for class of type: com.cn.szl.tupu.service.util.block when creating persistent property for : private boolean com.cn.szl.tupu.service.util.block.flag
2018-12-28 16:47:46.850 [restartedMain] WARN  o.s.data.neo4j.mapping.Neo4jPersistentProperty - No identity field found for class of type: com.cn.szl.tupu.service.util.block when creating persistent property for : private final int java.util.concurrent.LinkedBlockingQueue.capacity
2018-12-28 16:47:46.850 [restartedMain] INFO  o.s.data.neo4j.mapping.Neo4jMappingContext - No class information found in OGM meta-data for class java.util.concurrent.atomic.AtomicInteger so treating as simple type for SD Commons
2018-12-28 16:47:46.850 [restartedMain] WARN  o.s.data.neo4j.mapping.Neo4jPersistentProperty - No identity field found for class of type: com.cn.szl.tupu.service.util.block when creating persistent property for : private final java.util.concurrent.atomic.AtomicInteger java.util.concurrent.LinkedBlockingQueue.count
2018-12-28 16:47:46.851 [restartedMain] INFO  o.s.data.neo4j.mapping.Neo4jMappingContext - No class information found in OGM meta-data for class java.util.concurrent.LinkedBlockingQueue$Node so treating as simple type for SD Commons
2018-12-28 16:47:46.852 [restartedMain] WARN  o.s.data.neo4j.mapping.Neo4jPersistentProperty - No identity field found for class of type: com.cn.szl.tupu.service.util.block when creating persistent property for : transient java.util.concurrent.LinkedBlockingQueue$Node java.util.concurrent.LinkedBlockingQueue.head
2018-12-28 16:47:46.852 [restartedMain] WARN  o.s.data.neo4j.mapping.Neo4jPersistentProperty - No identity field found for class of type: com.cn.szl.tupu.service.util.block when creating persistent property for : private transient java.util.concurrent.LinkedBlockingQueue$Node java.util.concurrent.LinkedBlockingQueue.last
2018-12-28 16:47:46.852 [restartedMain] INFO  o.s.data.neo4j.mapping.Neo4jMappingContext - No class information found in OGM meta-data for class java.util.concurrent.locks.ReentrantLock so treating as simple type for SD Commons
2018-12-28 16:47:46.852 [restartedMain] WARN  o.s.data.neo4j.mapping.Neo4jPersistentProperty - No identity field found for class of type: com.cn.szl.tupu.service.util.block when creating persistent property for : private final java.util.concurrent.locks.ReentrantLock java.util.concurrent.LinkedBlockingQueue.takeLock
2018-12-28 16:47:46.853 [restartedMain] WARN  o.s.data.neo4j.mapping.Neo4jPersistentProperty - No identity field found for class of type: com.cn.szl.tupu.service.util.block when creating persistent property for : private final java.util.concurrent.locks.Condition java.util.concurrent.LinkedBlockingQueue.notEmpty
2018-12-28 16:47:46.854 [restartedMain] WARN  o.s.data.neo4j.mapping.Neo4jPersistentProperty - No identity field found for class of type: com.cn.szl.tupu.service.util.block when creating persistent property for : private final java.util.concurrent.locks.ReentrantLock java.util.concurrent.LinkedBlockingQueue.putLock
2018-12-28 16:47:46.855 [restartedMain] WARN  o.s.data.neo4j.mapping.Neo4jPersistentProperty - No identity field found for class of type: com.cn.szl.tupu.service.util.block when creating persistent property for : private final java.util.concurrent.locks.Condition java.util.concurrent.LinkedBlockingQueue.notFull
2018-12-28 16:47:46.855 [restartedMain] WARN  o.s.data.neo4j.mapping.Neo4jPersistentProperty - No identity field found for class of type: com.cn.szl.tupu.controller.GraphController when creating persistent property for : private com.cn.szl.tupu.servive.EntityNodeService com.cn.szl.tupu.controller.GraphController.entityNodeService
2018-12-28 16:47:46.871 [restartedMain] WARN  o.s.data.neo4j.mapping.Neo4jPersistentProperty - No identity field found for class of type: com.cn.szl.tupu.servive.RedisService when creating persistent property for : private org.springframework.data.redis.core.RedisTemplate com.cn.szl.tupu.servive.RedisService.redisTemplate
2018-12-28 16:47:46.874 [restartedMain] WARN  o.s.data.neo4j.mapping.Neo4jPersistentProperty - No identity field found for class of type: com.cn.szl.tupu.entity.Patent when creating persistent property for : private int com.cn.szl.tupu.entity.Patent.id
2018-12-28 16:47:46.874 [restartedMain] WARN  o.s.data.neo4j.mapping.Neo4jPersistentProperty - No identity field found for class of type: com.cn.szl.tupu.entity.Patent when creating persistent property for : private java.lang.String com.cn.szl.tupu.entity.Patent.title
2018-12-28 16:47:46.874 [restartedMain] WARN  o.s.data.neo4j.mapping.Neo4jPersistentProperty - No identity field found for class of type: com.cn.szl.tupu.entity.Patent when creating persistent property for : private java.lang.String com.cn.szl.tupu.entity.Patent.author
2018-12-28 16:47:46.875 [restartedMain] WARN  o.s.data.neo4j.mapping.Neo4jPersistentProperty - No identity field found for class of type: com.cn.szl.tupu.entity.Patent when creating persistent property for : private java.lang.String com.cn.szl.tupu.entity.Patent.date
2018-12-28 16:47:46.875 [restartedMain] WARN  o.s.data.neo4j.mapping.Neo4jPersistentProperty - No identity field found for class of type: com.cn.szl.tupu.entity.Patent when creating persistent property for : private java.lang.String com.cn.szl.tupu.entity.Patent.appNum
2018-12-28 16:47:46.875 [restartedMain] WARN  o.s.data.neo4j.mapping.Neo4jPersistentProperty - No identity field found for class of type: com.cn.szl.tupu.entity.Patent when creating persistent property for : private java.lang.String com.cn.szl.tupu.entity.Patent.summary
2018-12-28 16:47:46.876 [restartedMain] WARN  o.s.data.neo4j.mapping.Neo4jPersistentProperty - No identity field found for class of type: com.cn.szl.tupu.entity.Patent when creating persistent property for : private java.lang.String com.cn.szl.tupu.entity.Patent.school
2018-12-28 16:47:46.876 [restartedMain] WARN  o.s.data.neo4j.mapping.Neo4jPersistentProperty - No identity field found for class of type: com.cn.szl.tupu.entity.Patent when creating persistent property for : private java.lang.String com.cn.szl.tupu.entity.Patent.url
2018-12-28 16:47:46.877 [restartedMain] WARN  o.s.data.neo4j.mapping.Neo4jPersistentProperty - No identity field found for class of type: com.cn.szl.tupu.entity.Patent when creating persistent property for : private java.lang.String com.cn.szl.tupu.entity.Patent.label1
2018-12-28 16:47:46.877 [restartedMain] WARN  o.s.data.neo4j.mapping.Neo4jPersistentProperty - No identity field found for class of type: com.cn.szl.tupu.entity.Patent when creating persistent property for : private java.lang.String com.cn.szl.tupu.entity.Patent.label2
2018-12-28 16:47:46.877 [restartedMain] WARN  o.s.data.neo4j.mapping.Neo4jPersistentProperty - No identity field found for class of type: com.cn.szl.tupu.entity.Patent when creating persistent property for : private java.lang.String com.cn.szl.tupu.entity.Patent.label3
2018-12-28 16:47:46.878 [restartedMain] WARN  o.s.data.neo4j.mapping.Neo4jPersistentProperty - No identity field found for class of type: com.cn.szl.tupu.entity.Patent when creating persistent property for : private java.lang.String com.cn.szl.tupu.entity.Patent.relevance
2018-12-28 16:47:46.883 [restartedMain] WARN  o.s.data.neo4j.mapping.Neo4jPersistentProperty - No identity field found for class of type: com.cn.szl.tupu.controller.RedisController when creating persistent property for : com.cn.szl.tupu.service.util.RedisUtil com.cn.szl.tupu.controller.RedisController.redisUtil
2018-12-28 16:47:46.892 [restartedMain] WARN  o.s.data.neo4j.mapping.Neo4jPersistentProperty - No identity field found for class of type: java.util.concurrent.LinkedBlockingQueue when creating persistent property for : private final int java.util.concurrent.LinkedBlockingQueue.capacity
2018-12-28 16:47:46.893 [restartedMain] WARN  o.s.data.neo4j.mapping.Neo4jPersistentProperty - No identity field found for class of type: java.util.concurrent.LinkedBlockingQueue when creating persistent property for : private final java.util.concurrent.atomic.AtomicInteger java.util.concurrent.LinkedBlockingQueue.count
2018-12-28 16:47:46.893 [restartedMain] WARN  o.s.data.neo4j.mapping.Neo4jPersistentProperty - No identity field found for class of type: java.util.concurrent.LinkedBlockingQueue when creating persistent property for : transient java.util.concurrent.LinkedBlockingQueue$Node java.util.concurrent.LinkedBlockingQueue.head
2018-12-28 16:47:46.893 [restartedMain] WARN  o.s.data.neo4j.mapping.Neo4jPersistentProperty - No identity field found for class of type: java.util.concurrent.LinkedBlockingQueue when creating persistent property for : private transient java.util.concurrent.LinkedBlockingQueue$Node java.util.concurrent.LinkedBlockingQueue.last
2018-12-28 16:47:46.894 [restartedMain] WARN  o.s.data.neo4j.mapping.Neo4jPersistentProperty - No identity field found for class of type: java.util.concurrent.LinkedBlockingQueue when creating persistent property for : private final java.util.concurrent.locks.ReentrantLock java.util.concurrent.LinkedBlockingQueue.takeLock
2018-12-28 16:47:46.894 [restartedMain] WARN  o.s.data.neo4j.mapping.Neo4jPersistentProperty - No identity field found for class of type: java.util.concurrent.LinkedBlockingQueue when creating persistent property for : private final java.util.concurrent.locks.Condition java.util.concurrent.LinkedBlockingQueue.notEmpty
2018-12-28 16:47:46.894 [restartedMain] WARN  o.s.data.neo4j.mapping.Neo4jPersistentProperty - No identity field found for class of type: java.util.concurrent.LinkedBlockingQueue when creating persistent property for : private final java.util.concurrent.locks.ReentrantLock java.util.concurrent.LinkedBlockingQueue.putLock
2018-12-28 16:47:46.894 [restartedMain] WARN  o.s.data.neo4j.mapping.Neo4jPersistentProperty - No identity field found for class of type: java.util.concurrent.LinkedBlockingQueue when creating persistent property for : private final java.util.concurrent.locks.Condition java.util.concurrent.LinkedBlockingQueue.notFull
2018-12-28 16:47:46.895 [restartedMain] WARN  o.s.data.neo4j.mapping.Neo4jPersistentProperty - No identity field found for class of type: com.cn.szl.tupu.servive.impl.KnowledgeServiceImpl when creating persistent property for : private com.cn.szl.tupu.dao.KnowledgeDao com.cn.szl.tupu.servive.impl.KnowledgeServiceImpl.dao
2018-12-28 16:47:46.901 [restartedMain] WARN  o.s.data.neo4j.mapping.Neo4jPersistentProperty - No identity field found for class of type: com.cn.szl.tupu.entity.Result when creating persistent property for : private java.lang.Integer com.cn.szl.tupu.entity.Result.code
2018-12-28 16:47:46.901 [restartedMain] WARN  o.s.data.neo4j.mapping.Neo4jPersistentProperty - No identity field found for class of type: com.cn.szl.tupu.entity.Result when creating persistent property for : private java.lang.String com.cn.szl.tupu.entity.Result.msg
2018-12-28 16:47:46.902 [restartedMain] WARN  o.s.data.neo4j.mapping.Neo4jPersistentProperty - No identity field found for class of type: com.cn.szl.tupu.entity.Result when creating persistent property for : private java.lang.Object com.cn.szl.tupu.entity.Result.data
2018-12-28 16:47:46.906 [restartedMain] WARN  o.s.data.neo4j.mapping.Neo4jPersistentProperty - No identity field found for class of type: com.cn.szl.tupu.controller.MainController when creating persistent property for : private com.cn.szl.tupu.servive.IPaperService com.cn.szl.tupu.controller.MainController.iPaperService
2018-12-28 16:47:46.910 [restartedMain] WARN  o.s.data.neo4j.mapping.Neo4jPersistentProperty - No identity field found for class of type: com.cn.szl.tupu.controller.PaperController when creating persistent property for : private com.cn.szl.tupu.servive.IPaperService com.cn.szl.tupu.controller.PaperController.iPaperService
2018-12-28 16:47:46.912 [restartedMain] WARN  o.s.data.neo4j.mapping.Neo4jPersistentProperty - No identity field found for class of type: com.cn.szl.tupu.controller.NetworkController when creating persistent property for : com.cn.szl.tupu.servive.IKnowledgeService com.cn.szl.tupu.controller.NetworkController.iKnowledgeService
2018-12-28 16:47:46.916 [restartedMain] WARN  o.s.data.neo4j.mapping.Neo4jPersistentProperty - No identity field found for class of type: com.cn.szl.tupu.servive.impl.PaperServiceImpl when creating persistent property for : private com.cn.szl.tupu.dao.PaperDao com.cn.szl.tupu.servive.impl.PaperServiceImpl.paperDao
2018-12-28 16:47:46.918 [restartedMain] WARN  o.s.data.neo4j.mapping.Neo4jPersistentProperty - No identity field found for class of type: com.cn.szl.tupu.entity.Paper when creating persistent property for : private int com.cn.szl.tupu.entity.Paper.id
2018-12-28 16:47:46.918 [restartedMain] WARN  o.s.data.neo4j.mapping.Neo4jPersistentProperty - No identity field found for class of type: com.cn.szl.tupu.entity.Paper when creating persistent property for : private java.lang.String com.cn.szl.tupu.entity.Paper.title
2018-12-28 16:47:46.919 [restartedMain] WARN  o.s.data.neo4j.mapping.Neo4jPersistentProperty - No identity field found for class of type: com.cn.szl.tupu.entity.Paper when creating persistent property for : private java.lang.String com.cn.szl.tupu.entity.Paper.author
2018-12-28 16:47:46.919 [restartedMain] WARN  o.s.data.neo4j.mapping.Neo4jPersistentProperty - No identity field found for class of type: com.cn.szl.tupu.entity.Paper when creating persistent property for : private java.lang.String com.cn.szl.tupu.entity.Paper.date
2018-12-28 16:47:46.919 [restartedMain] WARN  o.s.data.neo4j.mapping.Neo4jPersistentProperty - No identity field found for class of type: com.cn.szl.tupu.entity.Paper when creating persistent property for : private java.lang.String com.cn.szl.tupu.entity.Paper.keywords
2018-12-28 16:47:46.919 [restartedMain] WARN  o.s.data.neo4j.mapping.Neo4jPersistentProperty - No identity field found for class of type: com.cn.szl.tupu.entity.Paper when creating persistent property for : private java.lang.String com.cn.szl.tupu.entity.Paper.summary
2018-12-28 16:47:46.919 [restartedMain] WARN  o.s.data.neo4j.mapping.Neo4jPersistentProperty - No identity field found for class of type: com.cn.szl.tupu.entity.Paper when creating persistent property for : private java.lang.String com.cn.szl.tupu.entity.Paper.school
2018-12-28 16:47:46.920 [restartedMain] WARN  o.s.data.neo4j.mapping.Neo4jPersistentProperty - No identity field found for class of type: com.cn.szl.tupu.entity.Paper when creating persistent property for : private java.lang.String com.cn.szl.tupu.entity.Paper.degree
2018-12-28 16:47:46.920 [restartedMain] WARN  o.s.data.neo4j.mapping.Neo4jPersistentProperty - No identity field found for class of type: com.cn.szl.tupu.entity.Paper when creating persistent property for : private java.lang.String com.cn.szl.tupu.entity.Paper.major
2018-12-28 16:47:46.920 [restartedMain] WARN  o.s.data.neo4j.mapping.Neo4jPersistentProperty - No identity field found for class of type: com.cn.szl.tupu.entity.Paper when creating persistent property for : private java.lang.String com.cn.szl.tupu.entity.Paper.tutor
2018-12-28 16:47:46.920 [restartedMain] WARN  o.s.data.neo4j.mapping.Neo4jPersistentProperty - No identity field found for class of type: com.cn.szl.tupu.entity.Paper when creating persistent property for : private java.lang.String com.cn.szl.tupu.entity.Paper.url
2018-12-28 16:47:46.921 [restartedMain] WARN  o.s.data.neo4j.mapping.Neo4jPersistentProperty - No identity field found for class of type: com.cn.szl.tupu.entity.Paper when creating persistent property for : private java.lang.String com.cn.szl.tupu.entity.Paper.web
2018-12-28 16:47:46.921 [restartedMain] WARN  o.s.data.neo4j.mapping.Neo4jPersistentProperty - No identity field found for class of type: com.cn.szl.tupu.entity.Paper when creating persistent property for : private java.lang.String com.cn.szl.tupu.entity.Paper.label
2018-12-28 16:47:46.924 [restartedMain] WARN  o.s.data.neo4j.mapping.Neo4jPersistentProperty - No identity field found for class of type: com.cn.szl.tupu.service.util.blockHandler when creating persistent property for : private java.lang.Object com.cn.szl.tupu.service.util.blockHandler.obj
2018-12-28 16:47:46.927 [restartedMain] WARN  o.s.data.neo4j.mapping.Neo4jPersistentProperty - No identity field found for class of type: com.cn.szl.tupu.controller.RegisterController when creating persistent property for : private com.cn.szl.tupu.servive.IUserService com.cn.szl.tupu.controller.RegisterController.iUserService
2018-12-28 16:47:46.927 [restartedMain] WARN  o.s.data.neo4j.mapping.Neo4jPersistentProperty - No identity field found for class of type: com.cn.szl.tupu.controller.RegisterController when creating persistent property for : private com.cn.szl.tupu.service.util.RedisUtil com.cn.szl.tupu.controller.RegisterController.redisUtil
2018-12-28 16:47:46.929 [restartedMain] WARN  o.s.data.neo4j.mapping.Neo4jPersistentProperty - No identity field found for class of type: com.cn.szl.tupu.entity.Knowledge when creating persistent property for : private java.lang.Integer com.cn.szl.tupu.entity.Knowledge.KnowledgeId
2018-12-28 16:47:46.929 [restartedMain] WARN  o.s.data.neo4j.mapping.Neo4jPersistentProperty - No identity field found for class of type: com.cn.szl.tupu.entity.Knowledge when creating persistent property for : private java.lang.String com.cn.szl.tupu.entity.Knowledge.KnowledgeTitle
2018-12-28 16:47:46.930 [restartedMain] WARN  o.s.data.neo4j.mapping.Neo4jPersistentProperty - No identity field found for class of type: com.cn.szl.tupu.entity.Knowledge when creating persistent property for : private java.lang.String com.cn.szl.tupu.entity.Knowledge.KnowledgeType
2018-12-28 16:47:46.930 [restartedMain] WARN  o.s.data.neo4j.mapping.Neo4jPersistentProperty - No identity field found for class of type: com.cn.szl.tupu.entity.Knowledge when creating persistent property for : private java.lang.String com.cn.szl.tupu.entity.Knowledge.KnowledgeData
2018-12-28 16:47:46.930 [restartedMain] WARN  o.s.data.neo4j.mapping.Neo4jPersistentProperty - No identity field found for class of type: com.cn.szl.tupu.entity.Knowledge when creating persistent property for : private java.lang.String com.cn.szl.tupu.entity.Knowledge.Summary
2018-12-28 16:47:46.930 [restartedMain] WARN  o.s.data.neo4j.mapping.Neo4jPersistentProperty - No identity field found for class of type: com.cn.szl.tupu.entity.Knowledge when creating persistent property for : private java.lang.String com.cn.szl.tupu.entity.Knowledge.Url
2018-12-28 16:47:46.930 [restartedMain] WARN  o.s.data.neo4j.mapping.Neo4jPersistentProperty - No identity field found for class of type: com.cn.szl.tupu.entity.Knowledge when creating persistent property for : private java.lang.String com.cn.szl.tupu.entity.Knowledge.KnowledgeLevel1
2018-12-28 16:47:46.931 [restartedMain] WARN  o.s.data.neo4j.mapping.Neo4jPersistentProperty - No identity field found for class of type: com.cn.szl.tupu.entity.Knowledge when creating persistent property for : private java.lang.String com.cn.szl.tupu.entity.Knowledge.KnowledgeLevel2
2018-12-28 16:47:46.931 [restartedMain] WARN  o.s.data.neo4j.mapping.Neo4jPersistentProperty - No identity field found for class of type: com.cn.szl.tupu.entity.Knowledge when creating persistent property for : private java.lang.String com.cn.szl.tupu.entity.Knowledge.KnowledgeLevel3
2018-12-28 16:47:46.933 [restartedMain] INFO  o.s.data.neo4j.mapping.Neo4jMappingContext - No class information found in OGM meta-data for class java.util.ArrayList so treating as simple type for SD Commons
2018-12-28 16:47:46.934 [restartedMain] WARN  o.s.data.neo4j.mapping.Neo4jPersistentProperty - No identity field found for class of type: com.cn.szl.tupu.entity.Knowledge when creating persistent property for : private java.util.ArrayList com.cn.szl.tupu.entity.Knowledge.relevance
2018-12-28 16:47:46.938 [restartedMain] INFO  o.s.data.neo4j.mapping.Neo4jMappingContext - Neo4jMappingContext initialisation completed
2018-12-28 16:47:47.484 [restartedMain] INFO  o.s.web.servlet.handler.SimpleUrlHandlerMapping - Mapped URL path [/**/favicon.ico] onto handler of type [class org.springframework.web.servlet.resource.ResourceHttpRequestHandler]
2018-12-28 16:47:47.814 [restartedMain] INFO  o.s.w.s.m.m.a.RequestMappingHandlerAdapter - Looking for @ControllerAdvice: org.springframework.boot.web.servlet.context.AnnotationConfigServletWebServerApplicationContext@3e0e5311: startup date [Fri Dec 28 16:47:38 CST 2018]; root of context hierarchy
2018-12-28 16:47:47.854 [restartedMain] WARN  o.s.b.a.o.j.JpaBaseConfiguration$JpaWebConfiguration$JpaWebMvcConfiguration - spring.jpa.open-in-view is enabled by default. Therefore, database queries may be performed during view rendering. Explicitly configure spring.jpa.open-in-view to disable this warning
2018-12-28 16:47:47.869 [restartedMain] WARN  o.s.b.a.d.n.Neo4jDataAutoConfiguration$Neo4jWebConfiguration$Neo4jWebMvcConfiguration - spring.data.neo4j.open-in-view is enabled by default.Therefore, database queries may be performed during view rendering. Explicitly configure spring.data.neo4j.open-in-view to disable this warning
2018-12-28 16:47:47.905 [restartedMain] INFO  o.s.w.s.m.m.a.RequestMappingHandlerMapping - Mapped "{[/dashboard/all]}" onto public com.cn.szl.tupu.entity.Result com.cn.szl.tupu.controller.DashboardController.all()
2018-12-28 16:47:47.908 [restartedMain] INFO  o.s.w.s.m.m.a.RequestMappingHandlerMapping - Mapped "{[/dashboard/add]}" onto public com.cn.szl.tupu.entity.Result com.cn.szl.tupu.controller.DashboardController.add(com.cn.szl.tupu.entity.Knowledge,org.springframework.validation.BindingResult)
2018-12-28 16:47:47.908 [restartedMain] INFO  o.s.w.s.m.m.a.RequestMappingHandlerMapping - Mapped "{[/dashboard/getById]}" onto public com.cn.szl.tupu.entity.Result com.cn.szl.tupu.controller.DashboardController.getById(int)
2018-12-28 16:47:47.909 [restartedMain] INFO  o.s.w.s.m.m.a.RequestMappingHandlerMapping - Mapped "{[/entity/add],methods=[GET]}" onto public int com.cn.szl.tupu.controller.GraphController.add()
2018-12-28 16:47:47.909 [restartedMain] INFO  o.s.w.s.m.m.a.RequestMappingHandlerMapping - Mapped "{[/entity/get],methods=[GET]}" onto public com.cn.szl.tupu.entity.EntityNode com.cn.szl.tupu.controller.GraphController.get(java.lang.String)
2018-12-28 16:47:47.909 [restartedMain] INFO  o.s.w.s.m.m.a.RequestMappingHandlerMapping - Mapped "{[/entity/getAll],methods=[GET]}" onto public java.lang.Iterable<com.cn.szl.tupu.entity.EntityNode> com.cn.szl.tupu.controller.GraphController.getAll()
2018-12-28 16:47:47.909 [restartedMain] INFO  o.s.w.s.m.m.a.RequestMappingHandlerMapping - Mapped "{[/entity/all],methods=[GET]}" onto public java.lang.Iterable<com.cn.szl.tupu.entity.EntityNode> com.cn.szl.tupu.controller.GraphController.findAll()
2018-12-28 16:47:47.910 [restartedMain] INFO  o.s.w.s.m.m.a.RequestMappingHandlerMapping - Mapped "{[/]}" onto public java.lang.String com.cn.szl.tupu.controller.IndexController.index(org.springframework.ui.Model)
2018-12-28 16:47:47.911 [restartedMain] INFO  o.s.w.s.m.m.a.RequestMappingHandlerMapping - Mapped "{[/loginOut]}" onto public java.lang.String com.cn.szl.tupu.controller.LoginController.loginOut(javax.servlet.http.HttpServletRequest)
2018-12-28 16:47:47.911 [restartedMain] INFO  o.s.w.s.m.m.a.RequestMappingHandlerMapping - Mapped "{[/login],methods=[POST]}" onto public java.lang.String com.cn.szl.tupu.controller.LoginController.login(java.lang.String,java.lang.String,org.springframework.ui.Model,javax.servlet.http.HttpServletRequest)
2018-12-28 16:47:47.911 [restartedMain] INFO  o.s.w.s.m.m.a.RequestMappingHandlerMapping - Mapped "{[/main]}" onto public java.lang.String com.cn.szl.tupu.controller.MainController.main()
2018-12-28 16:47:47.911 [restartedMain] INFO  o.s.w.s.m.m.a.RequestMappingHandlerMapping - Mapped "{[/main/post]}" onto public java.lang.String com.cn.szl.tupu.controller.MainController.post()
2018-12-28 16:47:47.911 [restartedMain] INFO  o.s.w.s.m.m.a.RequestMappingHandlerMapping - Mapped "{[/main/addNew]}" onto public java.lang.String com.cn.szl.tupu.controller.MainController.addNew()
2018-12-28 16:47:47.912 [restartedMain] INFO  o.s.w.s.m.m.a.RequestMappingHandlerMapping - Mapped "{[/main/addTask]}" onto public java.lang.String com.cn.szl.tupu.controller.MainController.addTask()
2018-12-28 16:47:47.912 [restartedMain] INFO  o.s.w.s.m.m.a.RequestMappingHandlerMapping - Mapped "{[/network/list]}" onto public com.cn.szl.tupu.entity.Result com.cn.szl.tupu.controller.NetworkController.list(java.lang.String,int,int)
2018-12-28 16:47:47.914 [restartedMain] INFO  o.s.w.s.m.m.a.RequestMappingHandlerMapping - Mapped "{[/paper/list]}" onto public com.cn.szl.tupu.entity.Result com.cn.szl.tupu.controller.PaperController.list(java.lang.String,int,int)
2018-12-28 16:47:47.914 [restartedMain] INFO  o.s.w.s.m.m.a.RequestMappingHandlerMapping - Mapped "{[/paper/search],methods=[GET]}" onto public org.springframework.web.servlet.ModelAndView com.cn.szl.tupu.controller.PaperController.search(java.lang.String,org.springframework.web.servlet.ModelAndView,java.lang.Integer,java.lang.Integer)
2018-12-28 16:47:47.914 [restartedMain] INFO  o.s.w.s.m.m.a.RequestMappingHandlerMapping - Mapped "{[/paper/network],methods=[GET]}" onto public org.springframework.web.servlet.ModelAndView com.cn.szl.tupu.controller.PaperController.network(org.springframework.web.servlet.ModelAndView)
2018-12-28 16:47:47.914 [restartedMain] INFO  o.s.w.s.m.m.a.RequestMappingHandlerMapping - Mapped "{[/paper/ajaxSearch],methods=[GET]}" onto public org.springframework.ui.ModelMap com.cn.szl.tupu.controller.PaperController.ajaxSearch(java.lang.String,org.springframework.ui.ModelMap)
2018-12-28 16:47:47.914 [restartedMain] INFO  o.s.w.s.m.m.a.RequestMappingHandlerMapping - Mapped "{[/paper/details],methods=[GET]}" onto public org.springframework.web.servlet.ModelAndView com.cn.szl.tupu.controller.PaperController.showDetails(int,org.springframework.web.servlet.ModelAndView)
2018-12-28 16:47:47.915 [restartedMain] INFO  o.s.w.s.m.m.a.RequestMappingHandlerMapping - Mapped "{[/redisTest/testRedisAdd]}" onto java.lang.Object com.cn.szl.tupu.controller.RedisController.testRedisAdd(java.lang.String,java.lang.String)
2018-12-28 16:47:47.915 [restartedMain] INFO  o.s.w.s.m.m.a.RequestMappingHandlerMapping - Mapped "{[/registered]}" onto public java.lang.String com.cn.szl.tupu.controller.RegisterController.registered()
2018-12-28 16:47:47.915 [restartedMain] INFO  o.s.w.s.m.m.a.RequestMappingHandlerMapping - Mapped "{[/registered/saveUser],methods=[POST]}" onto public java.lang.String com.cn.szl.tupu.controller.RegisterController.saveUser(java.lang.String,java.lang.String,java.lang.String,java.lang.String,java.lang.String)
2018-12-28 16:47:47.918 [restartedMain] INFO  o.s.w.s.m.m.a.RequestMappingHandlerMapping - Mapped "{[/error]}" onto public org.springframework.http.ResponseEntity<java.util.Map<java.lang.String, java.lang.Object>> org.springframework.boot.autoconfigure.web.servlet.error.BasicErrorController.error(javax.servlet.http.HttpServletRequest)
2018-12-28 16:47:47.918 [restartedMain] INFO  o.s.w.s.m.m.a.RequestMappingHandlerMapping - Mapped "{[/error],produces=[text/html]}" onto public org.springframework.web.servlet.ModelAndView org.springframework.boot.autoconfigure.web.servlet.error.BasicErrorController.errorHtml(javax.servlet.http.HttpServletRequest,javax.servlet.http.HttpServletResponse)
2018-12-28 16:47:47.962 [restartedMain] INFO  o.s.web.servlet.handler.SimpleUrlHandlerMapping - Mapped URL path [/webjars/**] onto handler of type [class org.springframework.web.servlet.resource.ResourceHttpRequestHandler]
2018-12-28 16:47:47.963 [restartedMain] INFO  o.s.web.servlet.handler.SimpleUrlHandlerMapping - Mapped URL path [/**] onto handler of type [class org.springframework.web.servlet.resource.ResourceHttpRequestHandler]
2018-12-28 16:47:47.986 [restartedMain] INFO  o.s.w.s.m.m.a.ExceptionHandlerExceptionResolver - Detected @ExceptionHandler methods in globalExceptionHandler
2018-12-28 16:47:48.063 [restartedMain] WARN  org.thymeleaf.templatemode.TemplateMode - [THYMELEAF][restartedMain] Template Mode 'HTML5' is deprecated. Using Template Mode 'HTML' instead.
2018-12-28 16:47:48.141 [restartedMain] INFO  o.s.b.a.web.servlet.WelcomePageHandlerMapping - Adding welcome page template: index
2018-12-28 16:47:52.566 [restartedMain] INFO  o.s.b.d.autoconfigure.OptionalLiveReloadServer - LiveReload server is running on port 35729
2018-12-28 16:47:52.600 [restartedMain] INFO  o.s.jmx.export.annotation.AnnotationMBeanExporter - Registering beans for JMX exposure on startup
2018-12-28 16:47:52.601 [restartedMain] INFO  o.s.jmx.export.annotation.AnnotationMBeanExporter - Bean with name 'dataSource' has been autodetected for JMX exposure
2018-12-28 16:47:52.607 [restartedMain] INFO  o.s.jmx.export.annotation.AnnotationMBeanExporter - Located MBean 'dataSource': registering with JMX server as MBean [com.zaxxer.hikari:name=dataSource,type=HikariDataSource]
2018-12-28 16:47:52.618 [restartedMain] INFO  org.apache.coyote.http11.Http11NioProtocol - Starting ProtocolHandler ["http-nio-8080"]
2018-12-28 16:47:52.633 [restartedMain] INFO  org.apache.tomcat.util.net.NioSelectorPool - Using a shared selector for servlet write/read
2018-12-28 16:47:52.661 [restartedMain] INFO  o.s.boot.web.embedded.tomcat.TomcatWebServer - Tomcat started on port(s): 8080 (http) with context path ''
2018-12-28 16:47:52.664 [restartedMain] INFO  com.cn.szl.tupu.TupuApplication - Started TupuApplication in 14.748 seconds (JVM running for 16.345)
2018-12-28 16:47:56.836 [http-nio-8080-exec-1] INFO  o.a.c.core.ContainerBase.[Tomcat].[localhost].[/] - Initializing Spring FrameworkServlet 'dispatcherServlet'
2018-12-28 16:47:56.837 [http-nio-8080-exec-1] INFO  org.springframework.web.servlet.DispatcherServlet - FrameworkServlet 'dispatcherServlet': initialization started
2018-12-28 16:47:56.869 [http-nio-8080-exec-1] INFO  org.springframework.web.servlet.DispatcherServlet - FrameworkServlet 'dispatcherServlet': initialization completed in 32 ms
