2018-12-07 16:13:15.808 [restartedMain] INFO  com.cn.szl.tupu.TupuApplication - Starting TupuApplication on DESKTOP-N1LNUQ6 with PID 17740 (started by ylaxfcy in C:\Users\ylaxfcy\Desktop\base项目\tupu)
2018-12-07 16:13:15.809 [restartedMain] INFO  com.cn.szl.tupu.TupuApplication - No active profile set, falling back to default profiles: default
2018-12-07 16:13:15.857 [restartedMain] INFO  o.s.b.w.s.c.AnnotationConfigServletWebServerApplicationContext - Refreshing org.springframework.boot.web.servlet.context.AnnotationConfigServletWebServerApplicationContext@11661daa: startup date [Fri Dec 07 16:13:15 CST 2018]; root of context hierarchy
2018-12-07 16:13:17.386 [restartedMain] INFO  o.s.d.r.config.RepositoryConfigurationDelegate - Multiple Spring Data modules found, entering strict repository configuration mode!
2018-12-07 16:13:17.442 [restartedMain] INFO  o.s.d.r.config.RepositoryConfigurationDelegate - Multiple Spring Data modules found, entering strict repository configuration mode!
2018-12-07 16:13:18.014 [restartedMain] INFO  o.s.c.s.PostProcessorRegistrationDelegate$BeanPostProcessorChecker - Bean 'org.springframework.transaction.annotation.ProxyTransactionManagementConfiguration' of type [org.springframework.transaction.annotation.ProxyTransactionManagementConfiguration$$EnhancerBySpringCGLIB$$77147b82] is not eligible for getting processed by all BeanPostProcessors (for example: not eligible for auto-proxying)
2018-12-07 16:13:18.587 [restartedMain] INFO  o.s.boot.web.embedded.tomcat.TomcatWebServer - Tomcat initialized with port(s): 8080 (http)
2018-12-07 16:13:18.601 [restartedMain] INFO  org.apache.coyote.http11.Http11NioProtocol - Initializing ProtocolHandler ["http-nio-8080"]
2018-12-07 16:13:18.629 [restartedMain] INFO  org.apache.catalina.core.StandardService - Starting service [Tomcat]
2018-12-07 16:13:18.629 [restartedMain] INFO  org.apache.catalina.core.StandardEngine - Starting Servlet Engine: Apache Tomcat/8.5.31
2018-12-07 16:13:18.638 [localhost-startStop-1] INFO  org.apache.catalina.core.AprLifecycleListener - The APR based Apache Tomcat Native library which allows optimal performance in production environments was not found on the java.library.path: [C:\Program Files\Java\jdk1.8.0_121\bin;C:\WINDOWS\Sun\Java\bin;C:\WINDOWS\system32;C:\WINDOWS;C:\ProgramData\Oracle\Java\javapath;C:\Windows\system32;C:\Windows;C:\Windows\System32\Wbem;C:\Windows\System32\WindowsPowerShell\v1.0\;C:\Program Files (x86)\NVIDIA Corporation\PhysX\Common;C:\Program Files (x86)\Windows Kits\8.1\Windows Performance Toolkit\;C:\Program Files\Microsoft SQL Server\110\Tools\Binn\;C:\Program Files (x86)\Microsoft SDKs\TypeScript\1.0\;C:\Program Files\Microsoft SQL Server\120\Tools\Binn\;C:\Program Files (x86)\IDM Computer Solutions\UltraEdit;C:\CTEX\UserData\miktex\bin;C:\CTEX\MiKTeX\miktex\bin;C:\CTEX\CTeX\ctex\bin;C:\CTEX\CTeX\cct\bin;C:\CTEX\CTeX\ty\bin;C:\CTEX\Ghostscript\gs9.05\bin;C:\CTEX\GSview\gsview;C:\CTEX\WinEdt;C:\Python27;C:\Program Files\CMake\bin;.;C:\Program Files\Java\jdk1.8.0_121\bin;C:\WINDOWS\system32;C:\WINDOWS;C:\WINDOWS\System32\Wbem;C:\WINDOWS\System32\WindowsPowerShell\v1.0\;C:\Program Files\phantomjs-2.1.1-windows\bin;C:\Program Files\PuTTY\;C:\Program Files\Maven\apache-maven-3.5.0\bin;C:\WINDOWS\System32\OpenSSH\;C:\Program Files\Git\cmd;C:\Program Files\nodejs\;C:\mysql-5.7.24-winx64\bin;C:\Users\ylaxfcy\AppData\Local\Microsoft\WindowsApps;;c:\python27;c:\python27\Scripts;C:\Program Files (x86)\Microsoft VS Code\bin;C:\Users\ylaxfcy\AppData\Roaming\npm;.]
2018-12-07 16:13:18.861 [localhost-startStop-1] INFO  o.a.c.core.ContainerBase.[Tomcat].[localhost].[/] - Initializing Spring embedded WebApplicationContext
2018-12-07 16:13:18.863 [localhost-startStop-1] INFO  org.springframework.web.context.ContextLoader - Root WebApplicationContext: initialization completed in 3006 ms
2018-12-07 16:13:19.068 [localhost-startStop-1] INFO  o.s.boot.web.servlet.ServletRegistrationBean - Servlet dispatcherServlet mapped to [/]
2018-12-07 16:13:19.074 [localhost-startStop-1] INFO  o.s.boot.web.servlet.FilterRegistrationBean - Mapping filter: 'characterEncodingFilter' to: [/*]
2018-12-07 16:13:19.075 [localhost-startStop-1] INFO  o.s.boot.web.servlet.FilterRegistrationBean - Mapping filter: 'hiddenHttpMethodFilter' to: [/*]
2018-12-07 16:13:19.076 [localhost-startStop-1] INFO  o.s.boot.web.servlet.FilterRegistrationBean - Mapping filter: 'httpPutFormContentFilter' to: [/*]
2018-12-07 16:13:19.076 [localhost-startStop-1] INFO  o.s.boot.web.servlet.FilterRegistrationBean - Mapping filter: 'requestContextFilter' to: [/*]
2018-12-07 16:13:19.381 [restartedMain] INFO  o.s.orm.jpa.LocalContainerEntityManagerFactoryBean - Building JPA container EntityManagerFactory for persistence unit 'default'
2018-12-07 16:13:19.448 [restartedMain] INFO  org.hibernate.jpa.internal.util.LogHelper - HHH000204: Processing PersistenceUnitInfo [
	name: default
	...]
2018-12-07 16:13:19.526 [restartedMain] INFO  org.hibernate.Version - HHH000412: Hibernate Core {5.2.17.Final}
2018-12-07 16:13:19.528 [restartedMain] INFO  org.hibernate.cfg.Environment - HHH000206: hibernate.properties not found
2018-12-07 16:13:19.576 [restartedMain] INFO  org.hibernate.annotations.common.Version - HCANN000001: Hibernate Commons Annotations {5.0.1.Final}
2018-12-07 16:13:21.562 [restartedMain] INFO  com.zaxxer.hikari.HikariDataSource - HikariPool-1 - Starting...
2018-12-07 16:13:21.764 [restartedMain] INFO  com.zaxxer.hikari.HikariDataSource - HikariPool-1 - Start completed.
2018-12-07 16:13:21.776 [restartedMain] INFO  org.hibernate.dialect.Dialect - HHH000400: Using dialect: org.hibernate.dialect.MySQL5Dialect
2018-12-07 16:13:22.387 [restartedMain] INFO  o.s.orm.jpa.LocalContainerEntityManagerFactoryBean - Initialized JPA EntityManagerFactory for persistence unit 'default'
2018-12-07 16:13:23.147 [restartedMain] INFO  o.s.web.servlet.handler.SimpleUrlHandlerMapping - Mapped URL path [/**/favicon.ico] onto handler of type [class org.springframework.web.servlet.resource.ResourceHttpRequestHandler]
2018-12-07 16:13:23.597 [restartedMain] INFO  o.s.w.s.m.m.a.RequestMappingHandlerAdapter - Looking for @ControllerAdvice: org.springframework.boot.web.servlet.context.AnnotationConfigServletWebServerApplicationContext@11661daa: startup date [Fri Dec 07 16:13:15 CST 2018]; root of context hierarchy
2018-12-07 16:13:23.635 [restartedMain] WARN  o.s.b.a.o.j.JpaBaseConfiguration$JpaWebConfiguration$JpaWebMvcConfiguration - spring.jpa.open-in-view is enabled by default. Therefore, database queries may be performed during view rendering. Explicitly configure spring.jpa.open-in-view to disable this warning
2018-12-07 16:13:23.678 [restartedMain] INFO  o.s.w.s.m.m.a.RequestMappingHandlerMapping - Mapped "{[/dashboard/all]}" onto public com.cn.szl.tupu.entity.Result com.cn.szl.tupu.controller.DashboardController.all()
2018-12-07 16:13:23.681 [restartedMain] INFO  o.s.w.s.m.m.a.RequestMappingHandlerMapping - Mapped "{[/dashboard/add]}" onto public com.cn.szl.tupu.entity.Result com.cn.szl.tupu.controller.DashboardController.add(com.cn.szl.tupu.entity.Knowledge,org.springframework.validation.BindingResult)
2018-12-07 16:13:23.683 [restartedMain] INFO  o.s.w.s.m.m.a.RequestMappingHandlerMapping - Mapped "{[/dashboard/getById]}" onto public com.cn.szl.tupu.entity.Result com.cn.szl.tupu.controller.DashboardController.getById(int)
2018-12-07 16:13:23.683 [restartedMain] INFO  o.s.w.s.m.m.a.RequestMappingHandlerMapping - Mapped "{[/]}" onto public java.lang.String com.cn.szl.tupu.controller.IndexController.index(org.springframework.ui.Model)
2018-12-07 16:13:23.684 [restartedMain] INFO  o.s.w.s.m.m.a.RequestMappingHandlerMapping - Mapped "{[/login],methods=[POST]}" onto public java.lang.String com.cn.szl.tupu.controller.LoginController.login(java.lang.String,java.lang.String,org.springframework.ui.Model,javax.servlet.http.HttpServletRequest)
2018-12-07 16:13:23.684 [restartedMain] INFO  o.s.w.s.m.m.a.RequestMappingHandlerMapping - Mapped "{[/loginOut]}" onto public java.lang.String com.cn.szl.tupu.controller.LoginController.loginOut(javax.servlet.http.HttpServletRequest)
2018-12-07 16:13:23.686 [restartedMain] INFO  o.s.w.s.m.m.a.RequestMappingHandlerMapping - Mapped "{[/main]}" onto public java.lang.String com.cn.szl.tupu.controller.MainController.main()
2018-12-07 16:13:23.687 [restartedMain] INFO  o.s.w.s.m.m.a.RequestMappingHandlerMapping - Mapped "{[/main/post]}" onto public java.lang.String com.cn.szl.tupu.controller.MainController.post()
2018-12-07 16:13:23.687 [restartedMain] INFO  o.s.w.s.m.m.a.RequestMappingHandlerMapping - Mapped "{[/main/addNew]}" onto public java.lang.String com.cn.szl.tupu.controller.MainController.addNew()
2018-12-07 16:13:23.687 [restartedMain] INFO  o.s.w.s.m.m.a.RequestMappingHandlerMapping - Mapped "{[/main/addTask]}" onto public java.lang.String com.cn.szl.tupu.controller.MainController.addTask()
2018-12-07 16:13:23.689 [restartedMain] INFO  o.s.w.s.m.m.a.RequestMappingHandlerMapping - Mapped "{[/network/list]}" onto public com.cn.szl.tupu.entity.Result com.cn.szl.tupu.controller.NetworkController.list(java.lang.String,int,int)
2018-12-07 16:13:23.690 [restartedMain] INFO  o.s.w.s.m.m.a.RequestMappingHandlerMapping - Mapped "{[/paper/list]}" onto public com.cn.szl.tupu.entity.Result com.cn.szl.tupu.controller.PaperController.list(java.lang.String,int,int)
2018-12-07 16:13:23.691 [restartedMain] INFO  o.s.w.s.m.m.a.RequestMappingHandlerMapping - Mapped "{[/paper/search],methods=[GET]}" onto public org.springframework.web.servlet.ModelAndView com.cn.szl.tupu.controller.PaperController.search(java.lang.String,org.springframework.web.servlet.ModelAndView,java.lang.Integer,java.lang.Integer)
2018-12-07 16:13:23.691 [restartedMain] INFO  o.s.w.s.m.m.a.RequestMappingHandlerMapping - Mapped "{[/paper/ajaxSearch],methods=[GET]}" onto public org.springframework.ui.ModelMap com.cn.szl.tupu.controller.PaperController.ajaxSearch(java.lang.String,org.springframework.ui.ModelMap)
2018-12-07 16:13:23.691 [restartedMain] INFO  o.s.w.s.m.m.a.RequestMappingHandlerMapping - Mapped "{[/paper/network],methods=[GET]}" onto public org.springframework.web.servlet.ModelAndView com.cn.szl.tupu.controller.PaperController.network(org.springframework.web.servlet.ModelAndView)
2018-12-07 16:13:23.691 [restartedMain] INFO  o.s.w.s.m.m.a.RequestMappingHandlerMapping - Mapped "{[/paper/details],methods=[GET]}" onto public org.springframework.web.servlet.ModelAndView com.cn.szl.tupu.controller.PaperController.showDetails(int,org.springframework.web.servlet.ModelAndView)
2018-12-07 16:13:23.692 [restartedMain] INFO  o.s.w.s.m.m.a.RequestMappingHandlerMapping - Mapped "{[/redisTest/testRedisAdd]}" onto java.lang.Object com.cn.szl.tupu.controller.RedisController.testRedisAdd(java.lang.String,java.lang.String)
2018-12-07 16:13:23.692 [restartedMain] INFO  o.s.w.s.m.m.a.RequestMappingHandlerMapping - Mapped "{[/registered]}" onto public java.lang.String com.cn.szl.tupu.controller.RegisterController.registered()
2018-12-07 16:13:23.693 [restartedMain] INFO  o.s.w.s.m.m.a.RequestMappingHandlerMapping - Mapped "{[/registered/saveUser],methods=[POST]}" onto public java.lang.String com.cn.szl.tupu.controller.RegisterController.saveUser(java.lang.String,java.lang.String,java.lang.String,java.lang.String,java.lang.String)
2018-12-07 16:13:23.696 [restartedMain] INFO  o.s.w.s.m.m.a.RequestMappingHandlerMapping - Mapped "{[/error]}" onto public org.springframework.http.ResponseEntity<java.util.Map<java.lang.String, java.lang.Object>> org.springframework.boot.autoconfigure.web.servlet.error.BasicErrorController.error(javax.servlet.http.HttpServletRequest)
2018-12-07 16:13:23.697 [restartedMain] INFO  o.s.w.s.m.m.a.RequestMappingHandlerMapping - Mapped "{[/error],produces=[text/html]}" onto public org.springframework.web.servlet.ModelAndView org.springframework.boot.autoconfigure.web.servlet.error.BasicErrorController.errorHtml(javax.servlet.http.HttpServletRequest,javax.servlet.http.HttpServletResponse)
2018-12-07 16:13:23.757 [restartedMain] INFO  o.s.web.servlet.handler.SimpleUrlHandlerMapping - Mapped URL path [/webjars/**] onto handler of type [class org.springframework.web.servlet.resource.ResourceHttpRequestHandler]
2018-12-07 16:13:23.758 [restartedMain] INFO  o.s.web.servlet.handler.SimpleUrlHandlerMapping - Mapped URL path [/**] onto handler of type [class org.springframework.web.servlet.resource.ResourceHttpRequestHandler]
2018-12-07 16:13:23.784 [restartedMain] INFO  o.s.w.s.m.m.a.ExceptionHandlerExceptionResolver - Detected @ExceptionHandler methods in globalExceptionHandler
2018-12-07 16:13:23.841 [restartedMain] WARN  org.thymeleaf.templatemode.TemplateMode - [THYMELEAF][restartedMain] Template Mode 'HTML5' is deprecated. Using Template Mode 'HTML' instead.
2018-12-07 16:13:23.903 [restartedMain] INFO  o.s.b.a.web.servlet.WelcomePageHandlerMapping - Adding welcome page template: index
2018-12-07 16:13:27.805 [restartedMain] INFO  o.s.b.d.autoconfigure.OptionalLiveReloadServer - LiveReload server is running on port 35729
2018-12-07 16:13:27.835 [restartedMain] INFO  o.s.jmx.export.annotation.AnnotationMBeanExporter - Registering beans for JMX exposure on startup
2018-12-07 16:13:27.836 [restartedMain] INFO  o.s.jmx.export.annotation.AnnotationMBeanExporter - Bean with name 'dataSource' has been autodetected for JMX exposure
2018-12-07 16:13:27.841 [restartedMain] INFO  o.s.jmx.export.annotation.AnnotationMBeanExporter - Located MBean 'dataSource': registering with JMX server as MBean [com.zaxxer.hikari:name=dataSource,type=HikariDataSource]
2018-12-07 16:13:27.862 [restartedMain] INFO  org.apache.coyote.http11.Http11NioProtocol - Starting ProtocolHandler ["http-nio-8080"]
2018-12-07 16:13:27.883 [restartedMain] INFO  org.apache.tomcat.util.net.NioSelectorPool - Using a shared selector for servlet write/read
2018-12-07 16:13:27.917 [restartedMain] INFO  o.s.boot.web.embedded.tomcat.TomcatWebServer - Tomcat started on port(s): 8080 (http) with context path ''
2018-12-07 16:13:27.922 [restartedMain] INFO  com.cn.szl.tupu.TupuApplication - Started TupuApplication in 12.505 seconds (JVM running for 13.539)
2018-12-07 16:13:32.447 [http-nio-8080-exec-1] INFO  o.a.c.core.ContainerBase.[Tomcat].[localhost].[/] - Initializing Spring FrameworkServlet 'dispatcherServlet'
2018-12-07 16:13:32.449 [http-nio-8080-exec-1] INFO  org.springframework.web.servlet.DispatcherServlet - FrameworkServlet 'dispatcherServlet': initialization started
2018-12-07 16:13:32.487 [http-nio-8080-exec-1] INFO  org.springframework.web.servlet.DispatcherServlet - FrameworkServlet 'dispatcherServlet': initialization completed in 37 ms
2018-12-07 16:13:48.022 [http-nio-8080-exec-5] INFO  io.lettuce.core.EpollProvider - Starting without optional epoll library
2018-12-07 16:13:48.025 [http-nio-8080-exec-5] INFO  io.lettuce.core.KqueueProvider - Starting without optional kqueue library
