2018-11-28 13:19:09.671 [restartedMain] INFO  com.cn.szl.tupu.TupuApplication - Starting TupuApplication on DESKTOP-N1LNUQ6 with PID 25512 (started by ylaxfcy in C:\Users\ylaxfcy\Desktop\base项目\tupu)
2018-11-28 13:19:09.673 [restartedMain] INFO  com.cn.szl.tupu.TupuApplication - No active profile set, falling back to default profiles: default
2018-11-28 13:19:09.714 [restartedMain] INFO  o.s.b.w.s.c.AnnotationConfigServletWebServerApplicationContext - Refreshing org.springframework.boot.web.servlet.context.AnnotationConfigServletWebServerApplicationContext@495bf947: startup date [Wed Nov 28 13:19:09 CST 2018]; root of context hierarchy
2018-11-28 13:19:10.772 [restartedMain] INFO  o.s.c.s.PostProcessorRegistrationDelegate$BeanPostProcessorChecker - Bean 'org.springframework.transaction.annotation.ProxyTransactionManagementConfiguration' of type [org.springframework.transaction.annotation.ProxyTransactionManagementConfiguration$$EnhancerBySpringCGLIB$$1482534b] is not eligible for getting processed by all BeanPostProcessors (for example: not eligible for auto-proxying)
2018-11-28 13:19:11.158 [restartedMain] INFO  o.s.boot.web.embedded.tomcat.TomcatWebServer - Tomcat initialized with port(s): 8080 (http)
2018-11-28 13:19:11.168 [restartedMain] INFO  org.apache.coyote.http11.Http11NioProtocol - Initializing ProtocolHandler ["http-nio-8080"]
2018-11-28 13:19:11.176 [restartedMain] INFO  org.apache.catalina.core.StandardService - Starting service [Tomcat]
2018-11-28 13:19:11.176 [restartedMain] INFO  org.apache.catalina.core.StandardEngine - Starting Servlet Engine: Apache Tomcat/8.5.31
2018-11-28 13:19:11.179 [localhost-startStop-1] INFO  org.apache.catalina.core.AprLifecycleListener - The APR based Apache Tomcat Native library which allows optimal performance in production environments was not found on the java.library.path: [C:\Program Files\Java\jdk1.8.0_121\bin;C:\WINDOWS\Sun\Java\bin;C:\WINDOWS\system32;C:\WINDOWS;C:\ProgramData\Oracle\Java\javapath;C:\Windows\system32;C:\Windows;C:\Windows\System32\Wbem;C:\Windows\System32\WindowsPowerShell\v1.0\;C:\Program Files (x86)\NVIDIA Corporation\PhysX\Common;C:\Program Files (x86)\Windows Kits\8.1\Windows Performance Toolkit\;C:\Program Files\Microsoft SQL Server\110\Tools\Binn\;C:\Program Files (x86)\Microsoft SDKs\TypeScript\1.0\;C:\Program Files\Microsoft SQL Server\120\Tools\Binn\;C:\Program Files (x86)\IDM Computer Solutions\UltraEdit;C:\CTEX\UserData\miktex\bin;C:\CTEX\MiKTeX\miktex\bin;C:\CTEX\CTeX\ctex\bin;C:\CTEX\CTeX\cct\bin;C:\CTEX\CTeX\ty\bin;C:\CTEX\Ghostscript\gs9.05\bin;C:\CTEX\GSview\gsview;C:\CTEX\WinEdt;C:\Python27;C:\Program Files\CMake\bin;.;C:\Program Files\Java\jdk1.8.0_121\bin;C:\WINDOWS\system32;C:\WINDOWS;C:\WINDOWS\System32\Wbem;C:\WINDOWS\System32\WindowsPowerShell\v1.0\;C:\Program Files\phantomjs-2.1.1-windows\bin;C:\Program Files\PuTTY\;C:\Program Files\Maven\apache-maven-3.5.0\bin;C:\WINDOWS\System32\OpenSSH\;C:\Program Files\Git\cmd;C:\Program Files\nodejs\;C:\mysql-5.7.24-winx64\bin;C:\Users\ylaxfcy\AppData\Local\Microsoft\WindowsApps;;c:\python27;c:\python27\Scripts;C:\Program Files (x86)\Microsoft VS Code\bin;C:\Users\ylaxfcy\AppData\Roaming\npm;.]
2018-11-28 13:19:11.301 [localhost-startStop-1] INFO  o.a.c.core.ContainerBase.[Tomcat].[localhost].[/] - Initializing Spring embedded WebApplicationContext
2018-11-28 13:19:11.302 [localhost-startStop-1] INFO  org.springframework.web.context.ContextLoader - Root WebApplicationContext: initialization completed in 1588 ms
2018-11-28 13:19:11.429 [localhost-startStop-1] INFO  o.s.boot.web.servlet.ServletRegistrationBean - Servlet dispatcherServlet mapped to [/]
2018-11-28 13:19:11.432 [localhost-startStop-1] INFO  o.s.boot.web.servlet.FilterRegistrationBean - Mapping filter: 'characterEncodingFilter' to: [/*]
2018-11-28 13:19:11.433 [localhost-startStop-1] INFO  o.s.boot.web.servlet.FilterRegistrationBean - Mapping filter: 'hiddenHttpMethodFilter' to: [/*]
2018-11-28 13:19:11.433 [localhost-startStop-1] INFO  o.s.boot.web.servlet.FilterRegistrationBean - Mapping filter: 'httpPutFormContentFilter' to: [/*]
2018-11-28 13:19:11.433 [localhost-startStop-1] INFO  o.s.boot.web.servlet.FilterRegistrationBean - Mapping filter: 'requestContextFilter' to: [/*]
2018-11-28 13:19:11.585 [restartedMain] INFO  o.s.orm.jpa.LocalContainerEntityManagerFactoryBean - Building JPA container EntityManagerFactory for persistence unit 'default'
2018-11-28 13:19:11.600 [restartedMain] INFO  org.hibernate.jpa.internal.util.LogHelper - HHH000204: Processing PersistenceUnitInfo [
	name: default
	...]
2018-11-28 13:19:11.676 [restartedMain] INFO  org.hibernate.Version - HHH000412: Hibernate Core {5.2.17.Final}
2018-11-28 13:19:11.678 [restartedMain] INFO  org.hibernate.cfg.Environment - HHH000206: hibernate.properties not found
2018-11-28 13:19:11.720 [restartedMain] INFO  org.hibernate.annotations.common.Version - HCANN000001: Hibernate Commons Annotations {5.0.1.Final}
2018-11-28 13:19:12.038 [restartedMain] INFO  com.zaxxer.hikari.HikariDataSource - HikariPool-1 - Starting...
2018-11-28 13:19:12.171 [restartedMain] INFO  com.zaxxer.hikari.HikariDataSource - HikariPool-1 - Start completed.
2018-11-28 13:19:12.180 [restartedMain] INFO  org.hibernate.dialect.Dialect - HHH000400: Using dialect: org.hibernate.dialect.MySQL5Dialect
2018-11-28 13:19:12.562 [restartedMain] INFO  o.s.orm.jpa.LocalContainerEntityManagerFactoryBean - Initialized JPA EntityManagerFactory for persistence unit 'default'
2018-11-28 13:19:12.939 [restartedMain] INFO  o.s.web.servlet.handler.SimpleUrlHandlerMapping - Mapped URL path [/**/favicon.ico] onto handler of type [class org.springframework.web.servlet.resource.ResourceHttpRequestHandler]
2018-11-28 13:19:13.161 [restartedMain] INFO  o.s.w.s.m.m.a.RequestMappingHandlerAdapter - Looking for @ControllerAdvice: org.springframework.boot.web.servlet.context.AnnotationConfigServletWebServerApplicationContext@495bf947: startup date [Wed Nov 28 13:19:09 CST 2018]; root of context hierarchy
2018-11-28 13:19:13.200 [restartedMain] WARN  o.s.b.a.o.j.JpaBaseConfiguration$JpaWebConfiguration$JpaWebMvcConfiguration - spring.jpa.open-in-view is enabled by default. Therefore, database queries may be performed during view rendering. Explicitly configure spring.jpa.open-in-view to disable this warning
2018-11-28 13:19:13.225 [restartedMain] INFO  o.s.w.s.m.m.a.RequestMappingHandlerMapping - Mapped "{[/dashboard/all]}" onto public com.cn.szl.tupu.entity.Result com.cn.szl.tupu.controller.DashboardController.all()
2018-11-28 13:19:13.228 [restartedMain] INFO  o.s.w.s.m.m.a.RequestMappingHandlerMapping - Mapped "{[/dashboard/add]}" onto public com.cn.szl.tupu.entity.Result com.cn.szl.tupu.controller.DashboardController.add(com.cn.szl.tupu.entity.Knowledge,org.springframework.validation.BindingResult)
2018-11-28 13:19:13.228 [restartedMain] INFO  o.s.w.s.m.m.a.RequestMappingHandlerMapping - Mapped "{[/dashboard/getById]}" onto public com.cn.szl.tupu.entity.Result com.cn.szl.tupu.controller.DashboardController.getById(int)
2018-11-28 13:19:13.228 [restartedMain] INFO  o.s.w.s.m.m.a.RequestMappingHandlerMapping - Mapped "{[/]}" onto public java.lang.String com.cn.szl.tupu.controller.IndexController.index(org.springframework.ui.Model)
2018-11-28 13:19:13.230 [restartedMain] INFO  o.s.w.s.m.m.a.RequestMappingHandlerMapping - Mapped "{[/login],methods=[POST]}" onto public java.lang.String com.cn.szl.tupu.controller.LoginController.login(java.lang.String,java.lang.String,org.springframework.ui.Model,javax.servlet.http.HttpServletRequest)
2018-11-28 13:19:13.230 [restartedMain] INFO  o.s.w.s.m.m.a.RequestMappingHandlerMapping - Mapped "{[/loginOut]}" onto public java.lang.String com.cn.szl.tupu.controller.LoginController.loginOut(javax.servlet.http.HttpServletRequest)
2018-11-28 13:19:13.231 [restartedMain] INFO  o.s.w.s.m.m.a.RequestMappingHandlerMapping - Mapped "{[/main]}" onto public java.lang.String com.cn.szl.tupu.controller.MainController.main()
2018-11-28 13:19:13.231 [restartedMain] INFO  o.s.w.s.m.m.a.RequestMappingHandlerMapping - Mapped "{[/main/post]}" onto public java.lang.String com.cn.szl.tupu.controller.MainController.post()
2018-11-28 13:19:13.231 [restartedMain] INFO  o.s.w.s.m.m.a.RequestMappingHandlerMapping - Mapped "{[/main/addTask]}" onto public java.lang.String com.cn.szl.tupu.controller.MainController.addTask()
2018-11-28 13:19:13.231 [restartedMain] INFO  o.s.w.s.m.m.a.RequestMappingHandlerMapping - Mapped "{[/main/addNew]}" onto public java.lang.String com.cn.szl.tupu.controller.MainController.addNew()
2018-11-28 13:19:13.233 [restartedMain] INFO  o.s.w.s.m.m.a.RequestMappingHandlerMapping - Mapped "{[/paper/list]}" onto public com.cn.szl.tupu.entity.Result com.cn.szl.tupu.controller.PaperController.list(java.lang.String,int,int)
2018-11-28 13:19:13.234 [restartedMain] INFO  o.s.w.s.m.m.a.RequestMappingHandlerMapping - Mapped "{[/paper/search],methods=[GET]}" onto public org.springframework.web.servlet.ModelAndView com.cn.szl.tupu.controller.PaperController.search(java.lang.String,org.springframework.web.servlet.ModelAndView,java.lang.Integer,java.lang.Integer)
2018-11-28 13:19:13.234 [restartedMain] INFO  o.s.w.s.m.m.a.RequestMappingHandlerMapping - Mapped "{[/paper/network],methods=[GET]}" onto public org.springframework.web.servlet.ModelAndView com.cn.szl.tupu.controller.PaperController.network(org.springframework.web.servlet.ModelAndView)
2018-11-28 13:19:13.234 [restartedMain] INFO  o.s.w.s.m.m.a.RequestMappingHandlerMapping - Mapped "{[/paper/ajaxSearch],methods=[GET]}" onto public org.springframework.ui.ModelMap com.cn.szl.tupu.controller.PaperController.ajaxSearch(java.lang.String,org.springframework.ui.ModelMap)
2018-11-28 13:19:13.234 [restartedMain] INFO  o.s.w.s.m.m.a.RequestMappingHandlerMapping - Mapped "{[/paper/details],methods=[GET]}" onto public org.springframework.web.servlet.ModelAndView com.cn.szl.tupu.controller.PaperController.showDetails(int,org.springframework.web.servlet.ModelAndView)
2018-11-28 13:19:13.235 [restartedMain] INFO  o.s.w.s.m.m.a.RequestMappingHandlerMapping - Mapped "{[/registered/saveUser],methods=[POST]}" onto public java.lang.String com.cn.szl.tupu.controller.RegisterController.saveUser(java.lang.String,java.lang.String,java.lang.String,java.lang.String,java.lang.String)
2018-11-28 13:19:13.236 [restartedMain] INFO  o.s.w.s.m.m.a.RequestMappingHandlerMapping - Mapped "{[/registered]}" onto public java.lang.String com.cn.szl.tupu.controller.RegisterController.registered()
2018-11-28 13:19:13.238 [restartedMain] INFO  o.s.w.s.m.m.a.RequestMappingHandlerMapping - Mapped "{[/error]}" onto public org.springframework.http.ResponseEntity<java.util.Map<java.lang.String, java.lang.Object>> org.springframework.boot.autoconfigure.web.servlet.error.BasicErrorController.error(javax.servlet.http.HttpServletRequest)
2018-11-28 13:19:13.239 [restartedMain] INFO  o.s.w.s.m.m.a.RequestMappingHandlerMapping - Mapped "{[/error],produces=[text/html]}" onto public org.springframework.web.servlet.ModelAndView org.springframework.boot.autoconfigure.web.servlet.error.BasicErrorController.errorHtml(javax.servlet.http.HttpServletRequest,javax.servlet.http.HttpServletResponse)
2018-11-28 13:19:13.261 [restartedMain] INFO  o.s.web.servlet.handler.SimpleUrlHandlerMapping - Mapped URL path [/webjars/**] onto handler of type [class org.springframework.web.servlet.resource.ResourceHttpRequestHandler]
2018-11-28 13:19:13.261 [restartedMain] INFO  o.s.web.servlet.handler.SimpleUrlHandlerMapping - Mapped URL path [/**] onto handler of type [class org.springframework.web.servlet.resource.ResourceHttpRequestHandler]
2018-11-28 13:19:13.272 [restartedMain] INFO  o.s.w.s.m.m.a.ExceptionHandlerExceptionResolver - Detected @ExceptionHandler methods in globalExceptionHandler
2018-11-28 13:19:13.306 [restartedMain] WARN  org.thymeleaf.templatemode.TemplateMode - [THYMELEAF][restartedMain] Template Mode 'HTML5' is deprecated. Using Template Mode 'HTML' instead.
2018-11-28 13:19:13.342 [restartedMain] INFO  o.s.b.a.web.servlet.WelcomePageHandlerMapping - Adding welcome page template: index
2018-11-28 13:19:14.354 [restartedMain] INFO  o.s.b.d.autoconfigure.OptionalLiveReloadServer - LiveReload server is running on port 35729
2018-11-28 13:19:14.381 [restartedMain] INFO  o.s.jmx.export.annotation.AnnotationMBeanExporter - Registering beans for JMX exposure on startup
2018-11-28 13:19:14.382 [restartedMain] INFO  o.s.jmx.export.annotation.AnnotationMBeanExporter - Bean with name 'dataSource' has been autodetected for JMX exposure
2018-11-28 13:19:14.387 [restartedMain] INFO  o.s.jmx.export.annotation.AnnotationMBeanExporter - Located MBean 'dataSource': registering with JMX server as MBean [com.zaxxer.hikari:name=dataSource,type=HikariDataSource]
2018-11-28 13:19:14.396 [restartedMain] INFO  org.apache.coyote.http11.Http11NioProtocol - Starting ProtocolHandler ["http-nio-8080"]
2018-11-28 13:19:14.406 [restartedMain] INFO  org.apache.tomcat.util.net.NioSelectorPool - Using a shared selector for servlet write/read
2018-11-28 13:19:14.421 [restartedMain] INFO  o.s.boot.web.embedded.tomcat.TomcatWebServer - Tomcat started on port(s): 8080 (http) with context path ''
2018-11-28 13:19:14.424 [restartedMain] INFO  com.cn.szl.tupu.TupuApplication - Started TupuApplication in 5.09 seconds (JVM running for 6.033)
2018-11-28 13:19:19.023 [http-nio-8080-exec-2] INFO  o.a.c.core.ContainerBase.[Tomcat].[localhost].[/] - Initializing Spring FrameworkServlet 'dispatcherServlet'
2018-11-28 13:19:19.024 [http-nio-8080-exec-2] INFO  org.springframework.web.servlet.DispatcherServlet - FrameworkServlet 'dispatcherServlet': initialization started
2018-11-28 13:19:19.043 [http-nio-8080-exec-2] INFO  org.springframework.web.servlet.DispatcherServlet - FrameworkServlet 'dispatcherServlet': initialization completed in 19 ms
2018-11-28 13:20:02.360 [restartedMain] INFO  com.cn.szl.tupu.TupuApplication - Starting TupuApplication on DESKTOP-N1LNUQ6 with PID 24352 (started by ylaxfcy in C:\Users\ylaxfcy\Desktop\base项目\tupu)
2018-11-28 13:20:02.361 [restartedMain] INFO  com.cn.szl.tupu.TupuApplication - No active profile set, falling back to default profiles: default
2018-11-28 13:20:02.401 [restartedMain] INFO  o.s.b.w.s.c.AnnotationConfigServletWebServerApplicationContext - Refreshing org.springframework.boot.web.servlet.context.AnnotationConfigServletWebServerApplicationContext@701c6684: startup date [Wed Nov 28 13:20:02 CST 2018]; root of context hierarchy
2018-11-28 13:20:03.466 [restartedMain] INFO  o.s.c.s.PostProcessorRegistrationDelegate$BeanPostProcessorChecker - Bean 'org.springframework.transaction.annotation.ProxyTransactionManagementConfiguration' of type [org.springframework.transaction.annotation.ProxyTransactionManagementConfiguration$$EnhancerBySpringCGLIB$$938070a4] is not eligible for getting processed by all BeanPostProcessors (for example: not eligible for auto-proxying)
2018-11-28 13:20:03.843 [restartedMain] INFO  o.s.boot.web.embedded.tomcat.TomcatWebServer - Tomcat initialized with port(s): 8080 (http)
2018-11-28 13:20:03.852 [restartedMain] INFO  org.apache.coyote.http11.Http11NioProtocol - Initializing ProtocolHandler ["http-nio-8080"]
2018-11-28 13:20:03.859 [restartedMain] INFO  org.apache.catalina.core.StandardService - Starting service [Tomcat]
2018-11-28 13:20:03.860 [restartedMain] INFO  org.apache.catalina.core.StandardEngine - Starting Servlet Engine: Apache Tomcat/8.5.31
2018-11-28 13:20:03.863 [localhost-startStop-1] INFO  org.apache.catalina.core.AprLifecycleListener - The APR based Apache Tomcat Native library which allows optimal performance in production environments was not found on the java.library.path: [C:\Program Files\Java\jdk1.8.0_121\bin;C:\WINDOWS\Sun\Java\bin;C:\WINDOWS\system32;C:\WINDOWS;C:\ProgramData\Oracle\Java\javapath;C:\Windows\system32;C:\Windows;C:\Windows\System32\Wbem;C:\Windows\System32\WindowsPowerShell\v1.0\;C:\Program Files (x86)\NVIDIA Corporation\PhysX\Common;C:\Program Files (x86)\Windows Kits\8.1\Windows Performance Toolkit\;C:\Program Files\Microsoft SQL Server\110\Tools\Binn\;C:\Program Files (x86)\Microsoft SDKs\TypeScript\1.0\;C:\Program Files\Microsoft SQL Server\120\Tools\Binn\;C:\Program Files (x86)\IDM Computer Solutions\UltraEdit;C:\CTEX\UserData\miktex\bin;C:\CTEX\MiKTeX\miktex\bin;C:\CTEX\CTeX\ctex\bin;C:\CTEX\CTeX\cct\bin;C:\CTEX\CTeX\ty\bin;C:\CTEX\Ghostscript\gs9.05\bin;C:\CTEX\GSview\gsview;C:\CTEX\WinEdt;C:\Python27;C:\Program Files\CMake\bin;.;C:\Program Files\Java\jdk1.8.0_121\bin;C:\WINDOWS\system32;C:\WINDOWS;C:\WINDOWS\System32\Wbem;C:\WINDOWS\System32\WindowsPowerShell\v1.0\;C:\Program Files\phantomjs-2.1.1-windows\bin;C:\Program Files\PuTTY\;C:\Program Files\Maven\apache-maven-3.5.0\bin;C:\WINDOWS\System32\OpenSSH\;C:\Program Files\Git\cmd;C:\Program Files\nodejs\;C:\mysql-5.7.24-winx64\bin;C:\Users\ylaxfcy\AppData\Local\Microsoft\WindowsApps;;c:\python27;c:\python27\Scripts;C:\Program Files (x86)\Microsoft VS Code\bin;C:\Users\ylaxfcy\AppData\Roaming\npm;.]
2018-11-28 13:20:04.001 [localhost-startStop-1] INFO  o.a.c.core.ContainerBase.[Tomcat].[localhost].[/] - Initializing Spring embedded WebApplicationContext
2018-11-28 13:20:04.001 [localhost-startStop-1] INFO  org.springframework.web.context.ContextLoader - Root WebApplicationContext: initialization completed in 1600 ms
2018-11-28 13:20:04.134 [localhost-startStop-1] INFO  o.s.boot.web.servlet.ServletRegistrationBean - Servlet dispatcherServlet mapped to [/]
2018-11-28 13:20:04.138 [localhost-startStop-1] INFO  o.s.boot.web.servlet.FilterRegistrationBean - Mapping filter: 'characterEncodingFilter' to: [/*]
2018-11-28 13:20:04.138 [localhost-startStop-1] INFO  o.s.boot.web.servlet.FilterRegistrationBean - Mapping filter: 'hiddenHttpMethodFilter' to: [/*]
2018-11-28 13:20:04.138 [localhost-startStop-1] INFO  o.s.boot.web.servlet.FilterRegistrationBean - Mapping filter: 'httpPutFormContentFilter' to: [/*]
2018-11-28 13:20:04.139 [localhost-startStop-1] INFO  o.s.boot.web.servlet.FilterRegistrationBean - Mapping filter: 'requestContextFilter' to: [/*]
2018-11-28 13:20:04.347 [restartedMain] INFO  o.s.orm.jpa.LocalContainerEntityManagerFactoryBean - Building JPA container EntityManagerFactory for persistence unit 'default'
2018-11-28 13:20:04.368 [restartedMain] INFO  org.hibernate.jpa.internal.util.LogHelper - HHH000204: Processing PersistenceUnitInfo [
	name: default
	...]
2018-11-28 13:20:04.454 [restartedMain] INFO  org.hibernate.Version - HHH000412: Hibernate Core {5.2.17.Final}
2018-11-28 13:20:04.456 [restartedMain] INFO  org.hibernate.cfg.Environment - HHH000206: hibernate.properties not found
2018-11-28 13:20:04.494 [restartedMain] INFO  org.hibernate.annotations.common.Version - HCANN000001: Hibernate Commons Annotations {5.0.1.Final}
2018-11-28 13:20:04.834 [restartedMain] INFO  com.zaxxer.hikari.HikariDataSource - HikariPool-1 - Starting...
2018-11-28 13:20:05.032 [restartedMain] INFO  com.zaxxer.hikari.HikariDataSource - HikariPool-1 - Start completed.
2018-11-28 13:20:05.040 [restartedMain] INFO  org.hibernate.dialect.Dialect - HHH000400: Using dialect: org.hibernate.dialect.MySQL5Dialect
2018-11-28 13:20:05.401 [restartedMain] INFO  o.s.orm.jpa.LocalContainerEntityManagerFactoryBean - Initialized JPA EntityManagerFactory for persistence unit 'default'
2018-11-28 13:20:05.769 [restartedMain] INFO  o.s.web.servlet.handler.SimpleUrlHandlerMapping - Mapped URL path [/**/favicon.ico] onto handler of type [class org.springframework.web.servlet.resource.ResourceHttpRequestHandler]
2018-11-28 13:20:06.011 [restartedMain] INFO  o.s.w.s.m.m.a.RequestMappingHandlerAdapter - Looking for @ControllerAdvice: org.springframework.boot.web.servlet.context.AnnotationConfigServletWebServerApplicationContext@701c6684: startup date [Wed Nov 28 13:20:02 CST 2018]; root of context hierarchy
2018-11-28 13:20:06.041 [restartedMain] WARN  o.s.b.a.o.j.JpaBaseConfiguration$JpaWebConfiguration$JpaWebMvcConfiguration - spring.jpa.open-in-view is enabled by default. Therefore, database queries may be performed during view rendering. Explicitly configure spring.jpa.open-in-view to disable this warning
2018-11-28 13:20:06.069 [restartedMain] INFO  o.s.w.s.m.m.a.RequestMappingHandlerMapping - Mapped "{[/dashboard/all]}" onto public com.cn.szl.tupu.entity.Result com.cn.szl.tupu.controller.DashboardController.all()
2018-11-28 13:20:06.071 [restartedMain] INFO  o.s.w.s.m.m.a.RequestMappingHandlerMapping - Mapped "{[/dashboard/add]}" onto public com.cn.szl.tupu.entity.Result com.cn.szl.tupu.controller.DashboardController.add(com.cn.szl.tupu.entity.Knowledge,org.springframework.validation.BindingResult)
2018-11-28 13:20:06.072 [restartedMain] INFO  o.s.w.s.m.m.a.RequestMappingHandlerMapping - Mapped "{[/dashboard/getById]}" onto public com.cn.szl.tupu.entity.Result com.cn.szl.tupu.controller.DashboardController.getById(int)
2018-11-28 13:20:06.072 [restartedMain] INFO  o.s.w.s.m.m.a.RequestMappingHandlerMapping - Mapped "{[/]}" onto public java.lang.String com.cn.szl.tupu.controller.IndexController.index(org.springframework.ui.Model)
2018-11-28 13:20:06.075 [restartedMain] INFO  o.s.w.s.m.m.a.RequestMappingHandlerMapping - Mapped "{[/loginOut]}" onto public java.lang.String com.cn.szl.tupu.controller.LoginController.loginOut(javax.servlet.http.HttpServletRequest)
2018-11-28 13:20:06.075 [restartedMain] INFO  o.s.w.s.m.m.a.RequestMappingHandlerMapping - Mapped "{[/login],methods=[POST]}" onto public java.lang.String com.cn.szl.tupu.controller.LoginController.login(java.lang.String,java.lang.String,org.springframework.ui.Model,javax.servlet.http.HttpServletRequest)
2018-11-28 13:20:06.077 [restartedMain] INFO  o.s.w.s.m.m.a.RequestMappingHandlerMapping - Mapped "{[/main]}" onto public java.lang.String com.cn.szl.tupu.controller.MainController.main()
2018-11-28 13:20:06.077 [restartedMain] INFO  o.s.w.s.m.m.a.RequestMappingHandlerMapping - Mapped "{[/main/post]}" onto public java.lang.String com.cn.szl.tupu.controller.MainController.post()
2018-11-28 13:20:06.077 [restartedMain] INFO  o.s.w.s.m.m.a.RequestMappingHandlerMapping - Mapped "{[/main/addNew]}" onto public java.lang.String com.cn.szl.tupu.controller.MainController.addNew()
2018-11-28 13:20:06.077 [restartedMain] INFO  o.s.w.s.m.m.a.RequestMappingHandlerMapping - Mapped "{[/main/addTask]}" onto public java.lang.String com.cn.szl.tupu.controller.MainController.addTask()
2018-11-28 13:20:06.079 [restartedMain] INFO  o.s.w.s.m.m.a.RequestMappingHandlerMapping - Mapped "{[/paper/list]}" onto public com.cn.szl.tupu.entity.Result com.cn.szl.tupu.controller.PaperController.list(java.lang.String,int,int)
2018-11-28 13:20:06.079 [restartedMain] INFO  o.s.w.s.m.m.a.RequestMappingHandlerMapping - Mapped "{[/paper/search],methods=[GET]}" onto public org.springframework.web.servlet.ModelAndView com.cn.szl.tupu.controller.PaperController.search(java.lang.String,org.springframework.web.servlet.ModelAndView,java.lang.Integer,java.lang.Integer)
2018-11-28 13:20:06.080 [restartedMain] INFO  o.s.w.s.m.m.a.RequestMappingHandlerMapping - Mapped "{[/paper/details],methods=[GET]}" onto public org.springframework.web.servlet.ModelAndView com.cn.szl.tupu.controller.PaperController.showDetails(int,org.springframework.web.servlet.ModelAndView)
2018-11-28 13:20:06.080 [restartedMain] INFO  o.s.w.s.m.m.a.RequestMappingHandlerMapping - Mapped "{[/paper/network],methods=[GET]}" onto public org.springframework.web.servlet.ModelAndView com.cn.szl.tupu.controller.PaperController.network(org.springframework.web.servlet.ModelAndView)
2018-11-28 13:20:06.080 [restartedMain] INFO  o.s.w.s.m.m.a.RequestMappingHandlerMapping - Mapped "{[/paper/ajaxSearch],methods=[GET]}" onto public org.springframework.ui.ModelMap com.cn.szl.tupu.controller.PaperController.ajaxSearch(java.lang.String,org.springframework.ui.ModelMap)
2018-11-28 13:20:06.081 [restartedMain] INFO  o.s.w.s.m.m.a.RequestMappingHandlerMapping - Mapped "{[/registered]}" onto public java.lang.String com.cn.szl.tupu.controller.RegisterController.registered()
2018-11-28 13:20:06.081 [restartedMain] INFO  o.s.w.s.m.m.a.RequestMappingHandlerMapping - Mapped "{[/registered/saveUser],methods=[POST]}" onto public java.lang.String com.cn.szl.tupu.controller.RegisterController.saveUser(java.lang.String,java.lang.String,java.lang.String,java.lang.String,java.lang.String)
2018-11-28 13:20:06.083 [restartedMain] INFO  o.s.w.s.m.m.a.RequestMappingHandlerMapping - Mapped "{[/error]}" onto public org.springframework.http.ResponseEntity<java.util.Map<java.lang.String, java.lang.Object>> org.springframework.boot.autoconfigure.web.servlet.error.BasicErrorController.error(javax.servlet.http.HttpServletRequest)
2018-11-28 13:20:06.084 [restartedMain] INFO  o.s.w.s.m.m.a.RequestMappingHandlerMapping - Mapped "{[/error],produces=[text/html]}" onto public org.springframework.web.servlet.ModelAndView org.springframework.boot.autoconfigure.web.servlet.error.BasicErrorController.errorHtml(javax.servlet.http.HttpServletRequest,javax.servlet.http.HttpServletResponse)
2018-11-28 13:20:06.107 [restartedMain] INFO  o.s.web.servlet.handler.SimpleUrlHandlerMapping - Mapped URL path [/webjars/**] onto handler of type [class org.springframework.web.servlet.resource.ResourceHttpRequestHandler]
2018-11-28 13:20:06.107 [restartedMain] INFO  o.s.web.servlet.handler.SimpleUrlHandlerMapping - Mapped URL path [/**] onto handler of type [class org.springframework.web.servlet.resource.ResourceHttpRequestHandler]
2018-11-28 13:20:06.120 [restartedMain] INFO  o.s.w.s.m.m.a.ExceptionHandlerExceptionResolver - Detected @ExceptionHandler methods in globalExceptionHandler
2018-11-28 13:20:06.157 [restartedMain] WARN  org.thymeleaf.templatemode.TemplateMode - [THYMELEAF][restartedMain] Template Mode 'HTML5' is deprecated. Using Template Mode 'HTML' instead.
2018-11-28 13:20:06.195 [restartedMain] INFO  o.s.b.a.web.servlet.WelcomePageHandlerMapping - Adding welcome page template: index
2018-11-28 13:20:07.286 [restartedMain] INFO  o.s.b.d.autoconfigure.OptionalLiveReloadServer - LiveReload server is running on port 35729
2018-11-28 13:20:07.321 [restartedMain] INFO  o.s.jmx.export.annotation.AnnotationMBeanExporter - Registering beans for JMX exposure on startup
2018-11-28 13:20:07.322 [restartedMain] INFO  o.s.jmx.export.annotation.AnnotationMBeanExporter - Bean with name 'dataSource' has been autodetected for JMX exposure
2018-11-28 13:20:07.327 [restartedMain] INFO  o.s.jmx.export.annotation.AnnotationMBeanExporter - Located MBean 'dataSource': registering with JMX server as MBean [com.zaxxer.hikari:name=dataSource,type=HikariDataSource]
2018-11-28 13:20:07.336 [restartedMain] INFO  org.apache.coyote.http11.Http11NioProtocol - Starting ProtocolHandler ["http-nio-8080"]
2018-11-28 13:20:07.347 [restartedMain] INFO  org.apache.tomcat.util.net.NioSelectorPool - Using a shared selector for servlet write/read
2018-11-28 13:20:07.364 [restartedMain] INFO  o.s.boot.web.embedded.tomcat.TomcatWebServer - Tomcat started on port(s): 8080 (http) with context path ''
2018-11-28 13:20:07.368 [restartedMain] INFO  com.cn.szl.tupu.TupuApplication - Started TupuApplication in 5.326 seconds (JVM running for 6.237)
2018-11-28 13:20:35.702 [http-nio-8080-exec-1] INFO  o.a.c.core.ContainerBase.[Tomcat].[localhost].[/] - Initializing Spring FrameworkServlet 'dispatcherServlet'
2018-11-28 13:20:35.703 [http-nio-8080-exec-1] INFO  org.springframework.web.servlet.DispatcherServlet - FrameworkServlet 'dispatcherServlet': initialization started
2018-11-28 13:20:35.721 [http-nio-8080-exec-1] INFO  org.springframework.web.servlet.DispatcherServlet - FrameworkServlet 'dispatcherServlet': initialization completed in 18 ms
2018-11-28 13:21:26.029 [restartedMain] INFO  com.cn.szl.tupu.TupuApplication - Starting TupuApplication on DESKTOP-N1LNUQ6 with PID 24716 (started by ylaxfcy in C:\Users\ylaxfcy\Desktop\base项目\tupu)
2018-11-28 13:21:26.030 [restartedMain] INFO  com.cn.szl.tupu.TupuApplication - No active profile set, falling back to default profiles: default
2018-11-28 13:21:26.074 [restartedMain] INFO  o.s.b.w.s.c.AnnotationConfigServletWebServerApplicationContext - Refreshing org.springframework.boot.web.servlet.context.AnnotationConfigServletWebServerApplicationContext@34571833: startup date [Wed Nov 28 13:21:26 CST 2018]; root of context hierarchy
2018-11-28 13:21:27.077 [restartedMain] INFO  o.s.c.s.PostProcessorRegistrationDelegate$BeanPostProcessorChecker - Bean 'org.springframework.transaction.annotation.ProxyTransactionManagementConfiguration' of type [org.springframework.transaction.annotation.ProxyTransactionManagementConfiguration$$EnhancerBySpringCGLIB$$edb0d4c8] is not eligible for getting processed by all BeanPostProcessors (for example: not eligible for auto-proxying)
2018-11-28 13:21:27.400 [restartedMain] INFO  o.s.boot.web.embedded.tomcat.TomcatWebServer - Tomcat initialized with port(s): 8080 (http)
2018-11-28 13:21:27.410 [restartedMain] INFO  org.apache.coyote.http11.Http11NioProtocol - Initializing ProtocolHandler ["http-nio-8080"]
2018-11-28 13:21:27.419 [restartedMain] INFO  org.apache.catalina.core.StandardService - Starting service [Tomcat]
2018-11-28 13:21:27.419 [restartedMain] INFO  org.apache.catalina.core.StandardEngine - Starting Servlet Engine: Apache Tomcat/8.5.31
2018-11-28 13:21:27.423 [localhost-startStop-1] INFO  org.apache.catalina.core.AprLifecycleListener - The APR based Apache Tomcat Native library which allows optimal performance in production environments was not found on the java.library.path: [C:\Program Files\Java\jdk1.8.0_121\bin;C:\WINDOWS\Sun\Java\bin;C:\WINDOWS\system32;C:\WINDOWS;C:\ProgramData\Oracle\Java\javapath;C:\Windows\system32;C:\Windows;C:\Windows\System32\Wbem;C:\Windows\System32\WindowsPowerShell\v1.0\;C:\Program Files (x86)\NVIDIA Corporation\PhysX\Common;C:\Program Files (x86)\Windows Kits\8.1\Windows Performance Toolkit\;C:\Program Files\Microsoft SQL Server\110\Tools\Binn\;C:\Program Files (x86)\Microsoft SDKs\TypeScript\1.0\;C:\Program Files\Microsoft SQL Server\120\Tools\Binn\;C:\Program Files (x86)\IDM Computer Solutions\UltraEdit;C:\CTEX\UserData\miktex\bin;C:\CTEX\MiKTeX\miktex\bin;C:\CTEX\CTeX\ctex\bin;C:\CTEX\CTeX\cct\bin;C:\CTEX\CTeX\ty\bin;C:\CTEX\Ghostscript\gs9.05\bin;C:\CTEX\GSview\gsview;C:\CTEX\WinEdt;C:\Python27;C:\Program Files\CMake\bin;.;C:\Program Files\Java\jdk1.8.0_121\bin;C:\WINDOWS\system32;C:\WINDOWS;C:\WINDOWS\System32\Wbem;C:\WINDOWS\System32\WindowsPowerShell\v1.0\;C:\Program Files\phantomjs-2.1.1-windows\bin;C:\Program Files\PuTTY\;C:\Program Files\Maven\apache-maven-3.5.0\bin;C:\WINDOWS\System32\OpenSSH\;C:\Program Files\Git\cmd;C:\Program Files\nodejs\;C:\mysql-5.7.24-winx64\bin;C:\Users\ylaxfcy\AppData\Local\Microsoft\WindowsApps;;c:\python27;c:\python27\Scripts;C:\Program Files (x86)\Microsoft VS Code\bin;C:\Users\ylaxfcy\AppData\Roaming\npm;.]
2018-11-28 13:21:27.528 [localhost-startStop-1] INFO  o.a.c.core.ContainerBase.[Tomcat].[localhost].[/] - Initializing Spring embedded WebApplicationContext
2018-11-28 13:21:27.528 [localhost-startStop-1] INFO  org.springframework.web.context.ContextLoader - Root WebApplicationContext: initialization completed in 1454 ms
2018-11-28 13:21:27.645 [localhost-startStop-1] INFO  o.s.boot.web.servlet.ServletRegistrationBean - Servlet dispatcherServlet mapped to [/]
2018-11-28 13:21:27.649 [localhost-startStop-1] INFO  o.s.boot.web.servlet.FilterRegistrationBean - Mapping filter: 'characterEncodingFilter' to: [/*]
2018-11-28 13:21:27.649 [localhost-startStop-1] INFO  o.s.boot.web.servlet.FilterRegistrationBean - Mapping filter: 'hiddenHttpMethodFilter' to: [/*]
2018-11-28 13:21:27.650 [localhost-startStop-1] INFO  o.s.boot.web.servlet.FilterRegistrationBean - Mapping filter: 'httpPutFormContentFilter' to: [/*]
2018-11-28 13:21:27.650 [localhost-startStop-1] INFO  o.s.boot.web.servlet.FilterRegistrationBean - Mapping filter: 'requestContextFilter' to: [/*]
2018-11-28 13:21:27.792 [restartedMain] INFO  o.s.orm.jpa.LocalContainerEntityManagerFactoryBean - Building JPA container EntityManagerFactory for persistence unit 'default'
2018-11-28 13:21:27.801 [restartedMain] INFO  org.hibernate.jpa.internal.util.LogHelper - HHH000204: Processing PersistenceUnitInfo [
	name: default
	...]
2018-11-28 13:21:27.860 [restartedMain] INFO  org.hibernate.Version - HHH000412: Hibernate Core {5.2.17.Final}
2018-11-28 13:21:27.861 [restartedMain] INFO  org.hibernate.cfg.Environment - HHH000206: hibernate.properties not found
2018-11-28 13:21:27.891 [restartedMain] INFO  org.hibernate.annotations.common.Version - HCANN000001: Hibernate Commons Annotations {5.0.1.Final}
2018-11-28 13:21:28.166 [restartedMain] INFO  com.zaxxer.hikari.HikariDataSource - HikariPool-1 - Starting...
2018-11-28 13:21:28.298 [restartedMain] INFO  com.zaxxer.hikari.HikariDataSource - HikariPool-1 - Start completed.
2018-11-28 13:21:28.305 [restartedMain] INFO  org.hibernate.dialect.Dialect - HHH000400: Using dialect: org.hibernate.dialect.MySQL5Dialect
2018-11-28 13:21:28.618 [restartedMain] INFO  o.s.orm.jpa.LocalContainerEntityManagerFactoryBean - Initialized JPA EntityManagerFactory for persistence unit 'default'
2018-11-28 13:21:28.970 [restartedMain] INFO  o.s.web.servlet.handler.SimpleUrlHandlerMapping - Mapped URL path [/**/favicon.ico] onto handler of type [class org.springframework.web.servlet.resource.ResourceHttpRequestHandler]
2018-11-28 13:21:29.240 [restartedMain] INFO  o.s.w.s.m.m.a.RequestMappingHandlerAdapter - Looking for @ControllerAdvice: org.springframework.boot.web.servlet.context.AnnotationConfigServletWebServerApplicationContext@34571833: startup date [Wed Nov 28 13:21:26 CST 2018]; root of context hierarchy
2018-11-28 13:21:29.275 [restartedMain] WARN  o.s.b.a.o.j.JpaBaseConfiguration$JpaWebConfiguration$JpaWebMvcConfiguration - spring.jpa.open-in-view is enabled by default. Therefore, database queries may be performed during view rendering. Explicitly configure spring.jpa.open-in-view to disable this warning
2018-11-28 13:21:29.307 [restartedMain] INFO  o.s.w.s.m.m.a.RequestMappingHandlerMapping - Mapped "{[/dashboard/all]}" onto public com.cn.szl.tupu.entity.Result com.cn.szl.tupu.controller.DashboardController.all()
2018-11-28 13:21:29.309 [restartedMain] INFO  o.s.w.s.m.m.a.RequestMappingHandlerMapping - Mapped "{[/dashboard/add]}" onto public com.cn.szl.tupu.entity.Result com.cn.szl.tupu.controller.DashboardController.add(com.cn.szl.tupu.entity.Knowledge,org.springframework.validation.BindingResult)
2018-11-28 13:21:29.309 [restartedMain] INFO  o.s.w.s.m.m.a.RequestMappingHandlerMapping - Mapped "{[/dashboard/getById]}" onto public com.cn.szl.tupu.entity.Result com.cn.szl.tupu.controller.DashboardController.getById(int)
2018-11-28 13:21:29.310 [restartedMain] INFO  o.s.w.s.m.m.a.RequestMappingHandlerMapping - Mapped "{[/]}" onto public java.lang.String com.cn.szl.tupu.controller.IndexController.index(org.springframework.ui.Model)
2018-11-28 13:21:29.313 [restartedMain] INFO  o.s.w.s.m.m.a.RequestMappingHandlerMapping - Mapped "{[/loginOut]}" onto public java.lang.String com.cn.szl.tupu.controller.LoginController.loginOut(javax.servlet.http.HttpServletRequest)
2018-11-28 13:21:29.314 [restartedMain] INFO  o.s.w.s.m.m.a.RequestMappingHandlerMapping - Mapped "{[/login],methods=[POST]}" onto public java.lang.String com.cn.szl.tupu.controller.LoginController.login(java.lang.String,java.lang.String,org.springframework.ui.Model,javax.servlet.http.HttpServletRequest)
2018-11-28 13:21:29.315 [restartedMain] INFO  o.s.w.s.m.m.a.RequestMappingHandlerMapping - Mapped "{[/main]}" onto public java.lang.String com.cn.szl.tupu.controller.MainController.main()
2018-11-28 13:21:29.316 [restartedMain] INFO  o.s.w.s.m.m.a.RequestMappingHandlerMapping - Mapped "{[/main/post]}" onto public java.lang.String com.cn.szl.tupu.controller.MainController.post()
2018-11-28 13:21:29.316 [restartedMain] INFO  o.s.w.s.m.m.a.RequestMappingHandlerMapping - Mapped "{[/main/addNew]}" onto public java.lang.String com.cn.szl.tupu.controller.MainController.addNew()
2018-11-28 13:21:29.317 [restartedMain] INFO  o.s.w.s.m.m.a.RequestMappingHandlerMapping - Mapped "{[/main/addTask]}" onto public java.lang.String com.cn.szl.tupu.controller.MainController.addTask()
2018-11-28 13:21:29.321 [restartedMain] INFO  o.s.w.s.m.m.a.RequestMappingHandlerMapping - Mapped "{[/paper/list]}" onto public com.cn.szl.tupu.entity.Result com.cn.szl.tupu.controller.PaperController.list(java.lang.String,int,int)
2018-11-28 13:21:29.322 [restartedMain] INFO  o.s.w.s.m.m.a.RequestMappingHandlerMapping - Mapped "{[/paper/search],methods=[GET]}" onto public org.springframework.web.servlet.ModelAndView com.cn.szl.tupu.controller.PaperController.search(java.lang.String,org.springframework.web.servlet.ModelAndView,java.lang.Integer,java.lang.Integer)
2018-11-28 13:21:29.322 [restartedMain] INFO  o.s.w.s.m.m.a.RequestMappingHandlerMapping - Mapped "{[/paper/network],methods=[GET]}" onto public org.springframework.web.servlet.ModelAndView com.cn.szl.tupu.controller.PaperController.network(org.springframework.web.servlet.ModelAndView)
2018-11-28 13:21:29.323 [restartedMain] INFO  o.s.w.s.m.m.a.RequestMappingHandlerMapping - Mapped "{[/paper/ajaxSearch],methods=[GET]}" onto public org.springframework.ui.ModelMap com.cn.szl.tupu.controller.PaperController.ajaxSearch(java.lang.String,org.springframework.ui.ModelMap)
2018-11-28 13:21:29.324 [restartedMain] INFO  o.s.w.s.m.m.a.RequestMappingHandlerMapping - Mapped "{[/paper/details],methods=[GET]}" onto public org.springframework.web.servlet.ModelAndView com.cn.szl.tupu.controller.PaperController.showDetails(int,org.springframework.web.servlet.ModelAndView)
2018-11-28 13:21:29.325 [restartedMain] INFO  o.s.w.s.m.m.a.RequestMappingHandlerMapping - Mapped "{[/registered]}" onto public java.lang.String com.cn.szl.tupu.controller.RegisterController.registered()
2018-11-28 13:21:29.325 [restartedMain] INFO  o.s.w.s.m.m.a.RequestMappingHandlerMapping - Mapped "{[/registered/saveUser],methods=[POST]}" onto public java.lang.String com.cn.szl.tupu.controller.RegisterController.saveUser(java.lang.String,java.lang.String,java.lang.String,java.lang.String,java.lang.String)
2018-11-28 13:21:29.328 [restartedMain] INFO  o.s.w.s.m.m.a.RequestMappingHandlerMapping - Mapped "{[/error]}" onto public org.springframework.http.ResponseEntity<java.util.Map<java.lang.String, java.lang.Object>> org.springframework.boot.autoconfigure.web.servlet.error.BasicErrorController.error(javax.servlet.http.HttpServletRequest)
2018-11-28 13:21:29.329 [restartedMain] INFO  o.s.w.s.m.m.a.RequestMappingHandlerMapping - Mapped "{[/error],produces=[text/html]}" onto public org.springframework.web.servlet.ModelAndView org.springframework.boot.autoconfigure.web.servlet.error.BasicErrorController.errorHtml(javax.servlet.http.HttpServletRequest,javax.servlet.http.HttpServletResponse)
2018-11-28 13:21:29.353 [restartedMain] INFO  o.s.web.servlet.handler.SimpleUrlHandlerMapping - Mapped URL path [/webjars/**] onto handler of type [class org.springframework.web.servlet.resource.ResourceHttpRequestHandler]
2018-11-28 13:21:29.353 [restartedMain] INFO  o.s.web.servlet.handler.SimpleUrlHandlerMapping - Mapped URL path [/**] onto handler of type [class org.springframework.web.servlet.resource.ResourceHttpRequestHandler]
2018-11-28 13:21:29.368 [restartedMain] INFO  o.s.w.s.m.m.a.ExceptionHandlerExceptionResolver - Detected @ExceptionHandler methods in globalExceptionHandler
2018-11-28 13:21:29.413 [restartedMain] WARN  org.thymeleaf.templatemode.TemplateMode - [THYMELEAF][restartedMain] Template Mode 'HTML5' is deprecated. Using Template Mode 'HTML' instead.
2018-11-28 13:21:29.453 [restartedMain] INFO  o.s.b.a.web.servlet.WelcomePageHandlerMapping - Adding welcome page template: index
2018-11-28 13:21:30.767 [restartedMain] INFO  o.s.b.d.autoconfigure.OptionalLiveReloadServer - LiveReload server is running on port 35729
2018-11-28 13:21:30.811 [restartedMain] INFO  o.s.jmx.export.annotation.AnnotationMBeanExporter - Registering beans for JMX exposure on startup
2018-11-28 13:21:30.813 [restartedMain] INFO  o.s.jmx.export.annotation.AnnotationMBeanExporter - Bean with name 'dataSource' has been autodetected for JMX exposure
2018-11-28 13:21:30.817 [restartedMain] INFO  o.s.jmx.export.annotation.AnnotationMBeanExporter - Located MBean 'dataSource': registering with JMX server as MBean [com.zaxxer.hikari:name=dataSource,type=HikariDataSource]
2018-11-28 13:21:30.827 [restartedMain] INFO  org.apache.coyote.http11.Http11NioProtocol - Starting ProtocolHandler ["http-nio-8080"]
2018-11-28 13:21:30.843 [restartedMain] INFO  org.apache.tomcat.util.net.NioSelectorPool - Using a shared selector for servlet write/read
2018-11-28 13:21:30.868 [restartedMain] INFO  o.s.boot.web.embedded.tomcat.TomcatWebServer - Tomcat started on port(s): 8080 (http) with context path ''
2018-11-28 13:21:30.872 [restartedMain] INFO  com.cn.szl.tupu.TupuApplication - Started TupuApplication in 5.193 seconds (JVM running for 6.112)
2018-11-28 13:24:08.746 [http-nio-8080-exec-1] INFO  o.a.c.core.ContainerBase.[Tomcat].[localhost].[/] - Initializing Spring FrameworkServlet 'dispatcherServlet'
2018-11-28 13:24:08.746 [http-nio-8080-exec-1] INFO  org.springframework.web.servlet.DispatcherServlet - FrameworkServlet 'dispatcherServlet': initialization started
2018-11-28 13:24:08.764 [http-nio-8080-exec-1] INFO  org.springframework.web.servlet.DispatcherServlet - FrameworkServlet 'dispatcherServlet': initialization completed in 17 ms
2018-11-28 13:25:04.737 [restartedMain] INFO  com.cn.szl.tupu.TupuApplication - Starting TupuApplication on DESKTOP-N1LNUQ6 with PID 7388 (started by ylaxfcy in C:\Users\ylaxfcy\Desktop\base项目\tupu)
2018-11-28 13:25:04.738 [restartedMain] INFO  com.cn.szl.tupu.TupuApplication - No active profile set, falling back to default profiles: default
2018-11-28 13:25:04.782 [restartedMain] INFO  o.s.b.w.s.c.AnnotationConfigServletWebServerApplicationContext - Refreshing org.springframework.boot.web.servlet.context.AnnotationConfigServletWebServerApplicationContext@549e97d5: startup date [Wed Nov 28 13:25:04 CST 2018]; root of context hierarchy
2018-11-28 13:25:05.817 [restartedMain] INFO  o.s.c.s.PostProcessorRegistrationDelegate$BeanPostProcessorChecker - Bean 'org.springframework.transaction.annotation.ProxyTransactionManagementConfiguration' of type [org.springframework.transaction.annotation.ProxyTransactionManagementConfiguration$$EnhancerBySpringCGLIB$$1b3ec361] is not eligible for getting processed by all BeanPostProcessors (for example: not eligible for auto-proxying)
2018-11-28 13:25:06.211 [restartedMain] INFO  o.s.boot.web.embedded.tomcat.TomcatWebServer - Tomcat initialized with port(s): 8080 (http)
2018-11-28 13:25:06.223 [restartedMain] INFO  org.apache.coyote.http11.Http11NioProtocol - Initializing ProtocolHandler ["http-nio-8080"]
2018-11-28 13:25:06.231 [restartedMain] INFO  org.apache.catalina.core.StandardService - Starting service [Tomcat]
2018-11-28 13:25:06.231 [restartedMain] INFO  org.apache.catalina.core.StandardEngine - Starting Servlet Engine: Apache Tomcat/8.5.31
2018-11-28 13:25:06.235 [localhost-startStop-1] INFO  org.apache.catalina.core.AprLifecycleListener - The APR based Apache Tomcat Native library which allows optimal performance in production environments was not found on the java.library.path: [C:\Program Files\Java\jdk1.8.0_121\bin;C:\WINDOWS\Sun\Java\bin;C:\WINDOWS\system32;C:\WINDOWS;C:\ProgramData\Oracle\Java\javapath;C:\Windows\system32;C:\Windows;C:\Windows\System32\Wbem;C:\Windows\System32\WindowsPowerShell\v1.0\;C:\Program Files (x86)\NVIDIA Corporation\PhysX\Common;C:\Program Files (x86)\Windows Kits\8.1\Windows Performance Toolkit\;C:\Program Files\Microsoft SQL Server\110\Tools\Binn\;C:\Program Files (x86)\Microsoft SDKs\TypeScript\1.0\;C:\Program Files\Microsoft SQL Server\120\Tools\Binn\;C:\Program Files (x86)\IDM Computer Solutions\UltraEdit;C:\CTEX\UserData\miktex\bin;C:\CTEX\MiKTeX\miktex\bin;C:\CTEX\CTeX\ctex\bin;C:\CTEX\CTeX\cct\bin;C:\CTEX\CTeX\ty\bin;C:\CTEX\Ghostscript\gs9.05\bin;C:\CTEX\GSview\gsview;C:\CTEX\WinEdt;C:\Python27;C:\Program Files\CMake\bin;.;C:\Program Files\Java\jdk1.8.0_121\bin;C:\WINDOWS\system32;C:\WINDOWS;C:\WINDOWS\System32\Wbem;C:\WINDOWS\System32\WindowsPowerShell\v1.0\;C:\Program Files\phantomjs-2.1.1-windows\bin;C:\Program Files\PuTTY\;C:\Program Files\Maven\apache-maven-3.5.0\bin;C:\WINDOWS\System32\OpenSSH\;C:\Program Files\Git\cmd;C:\Program Files\nodejs\;C:\mysql-5.7.24-winx64\bin;C:\Users\ylaxfcy\AppData\Local\Microsoft\WindowsApps;;c:\python27;c:\python27\Scripts;C:\Program Files (x86)\Microsoft VS Code\bin;C:\Users\ylaxfcy\AppData\Roaming\npm;.]
2018-11-28 13:25:06.328 [localhost-startStop-1] INFO  o.a.c.core.ContainerBase.[Tomcat].[localhost].[/] - Initializing Spring embedded WebApplicationContext
2018-11-28 13:25:06.328 [localhost-startStop-1] INFO  org.springframework.web.context.ContextLoader - Root WebApplicationContext: initialization completed in 1546 ms
2018-11-28 13:25:06.443 [localhost-startStop-1] INFO  o.s.boot.web.servlet.ServletRegistrationBean - Servlet dispatcherServlet mapped to [/]
2018-11-28 13:25:06.446 [localhost-startStop-1] INFO  o.s.boot.web.servlet.FilterRegistrationBean - Mapping filter: 'characterEncodingFilter' to: [/*]
2018-11-28 13:25:06.446 [localhost-startStop-1] INFO  o.s.boot.web.servlet.FilterRegistrationBean - Mapping filter: 'hiddenHttpMethodFilter' to: [/*]
2018-11-28 13:25:06.447 [localhost-startStop-1] INFO  o.s.boot.web.servlet.FilterRegistrationBean - Mapping filter: 'httpPutFormContentFilter' to: [/*]
2018-11-28 13:25:06.447 [localhost-startStop-1] INFO  o.s.boot.web.servlet.FilterRegistrationBean - Mapping filter: 'requestContextFilter' to: [/*]
2018-11-28 13:25:06.599 [restartedMain] INFO  o.s.orm.jpa.LocalContainerEntityManagerFactoryBean - Building JPA container EntityManagerFactory for persistence unit 'default'
2018-11-28 13:25:06.609 [restartedMain] INFO  org.hibernate.jpa.internal.util.LogHelper - HHH000204: Processing PersistenceUnitInfo [
	name: default
	...]
2018-11-28 13:25:06.658 [restartedMain] INFO  org.hibernate.Version - HHH000412: Hibernate Core {5.2.17.Final}
2018-11-28 13:25:06.659 [restartedMain] INFO  org.hibernate.cfg.Environment - HHH000206: hibernate.properties not found
2018-11-28 13:25:06.688 [restartedMain] INFO  org.hibernate.annotations.common.Version - HCANN000001: Hibernate Commons Annotations {5.0.1.Final}
2018-11-28 13:25:06.985 [restartedMain] INFO  com.zaxxer.hikari.HikariDataSource - HikariPool-1 - Starting...
2018-11-28 13:25:07.171 [restartedMain] INFO  com.zaxxer.hikari.HikariDataSource - HikariPool-1 - Start completed.
2018-11-28 13:25:07.181 [restartedMain] INFO  org.hibernate.dialect.Dialect - HHH000400: Using dialect: org.hibernate.dialect.MySQL5Dialect
2018-11-28 13:25:07.515 [restartedMain] INFO  o.s.orm.jpa.LocalContainerEntityManagerFactoryBean - Initialized JPA EntityManagerFactory for persistence unit 'default'
2018-11-28 13:25:07.851 [restartedMain] INFO  o.s.web.servlet.handler.SimpleUrlHandlerMapping - Mapped URL path [/**/favicon.ico] onto handler of type [class org.springframework.web.servlet.resource.ResourceHttpRequestHandler]
2018-11-28 13:25:08.100 [restartedMain] INFO  o.s.w.s.m.m.a.RequestMappingHandlerAdapter - Looking for @ControllerAdvice: org.springframework.boot.web.servlet.context.AnnotationConfigServletWebServerApplicationContext@549e97d5: startup date [Wed Nov 28 13:25:04 CST 2018]; root of context hierarchy
2018-11-28 13:25:08.133 [restartedMain] WARN  o.s.b.a.o.j.JpaBaseConfiguration$JpaWebConfiguration$JpaWebMvcConfiguration - spring.jpa.open-in-view is enabled by default. Therefore, database queries may be performed during view rendering. Explicitly configure spring.jpa.open-in-view to disable this warning
2018-11-28 13:25:08.161 [restartedMain] INFO  o.s.w.s.m.m.a.RequestMappingHandlerMapping - Mapped "{[/dashboard/all]}" onto public com.cn.szl.tupu.entity.Result com.cn.szl.tupu.controller.DashboardController.all()
2018-11-28 13:25:08.163 [restartedMain] INFO  o.s.w.s.m.m.a.RequestMappingHandlerMapping - Mapped "{[/dashboard/add]}" onto public com.cn.szl.tupu.entity.Result com.cn.szl.tupu.controller.DashboardController.add(com.cn.szl.tupu.entity.Knowledge,org.springframework.validation.BindingResult)
2018-11-28 13:25:08.163 [restartedMain] INFO  o.s.w.s.m.m.a.RequestMappingHandlerMapping - Mapped "{[/dashboard/getById]}" onto public com.cn.szl.tupu.entity.Result com.cn.szl.tupu.controller.DashboardController.getById(int)
2018-11-28 13:25:08.163 [restartedMain] INFO  o.s.w.s.m.m.a.RequestMappingHandlerMapping - Mapped "{[/]}" onto public java.lang.String com.cn.szl.tupu.controller.IndexController.index(org.springframework.ui.Model)
2018-11-28 13:25:08.164 [restartedMain] INFO  o.s.w.s.m.m.a.RequestMappingHandlerMapping - Mapped "{[/login],methods=[POST]}" onto public java.lang.String com.cn.szl.tupu.controller.LoginController.login(java.lang.String,java.lang.String,org.springframework.ui.Model,javax.servlet.http.HttpServletRequest)
2018-11-28 13:25:08.165 [restartedMain] INFO  o.s.w.s.m.m.a.RequestMappingHandlerMapping - Mapped "{[/loginOut]}" onto public java.lang.String com.cn.szl.tupu.controller.LoginController.loginOut(javax.servlet.http.HttpServletRequest)
2018-11-28 13:25:08.165 [restartedMain] INFO  o.s.w.s.m.m.a.RequestMappingHandlerMapping - Mapped "{[/main]}" onto public java.lang.String com.cn.szl.tupu.controller.MainController.main()
2018-11-28 13:25:08.165 [restartedMain] INFO  o.s.w.s.m.m.a.RequestMappingHandlerMapping - Mapped "{[/main/post]}" onto public java.lang.String com.cn.szl.tupu.controller.MainController.post()
2018-11-28 13:25:08.166 [restartedMain] INFO  o.s.w.s.m.m.a.RequestMappingHandlerMapping - Mapped "{[/main/addNew]}" onto public java.lang.String com.cn.szl.tupu.controller.MainController.addNew()
2018-11-28 13:25:08.166 [restartedMain] INFO  o.s.w.s.m.m.a.RequestMappingHandlerMapping - Mapped "{[/main/addTask]}" onto public java.lang.String com.cn.szl.tupu.controller.MainController.addTask()
2018-11-28 13:25:08.169 [restartedMain] INFO  o.s.w.s.m.m.a.RequestMappingHandlerMapping - Mapped "{[/paper/list]}" onto public com.cn.szl.tupu.entity.Result com.cn.szl.tupu.controller.PaperController.list(java.lang.String,int,int)
2018-11-28 13:25:08.169 [restartedMain] INFO  o.s.w.s.m.m.a.RequestMappingHandlerMapping - Mapped "{[/paper/search],methods=[GET]}" onto public org.springframework.web.servlet.ModelAndView com.cn.szl.tupu.controller.PaperController.search(java.lang.String,org.springframework.web.servlet.ModelAndView,java.lang.Integer,java.lang.Integer)
2018-11-28 13:25:08.169 [restartedMain] INFO  o.s.w.s.m.m.a.RequestMappingHandlerMapping - Mapped "{[/paper/ajaxSearch],methods=[GET]}" onto public org.springframework.ui.ModelMap com.cn.szl.tupu.controller.PaperController.ajaxSearch(java.lang.String,org.springframework.ui.ModelMap)
2018-11-28 13:25:08.169 [restartedMain] INFO  o.s.w.s.m.m.a.RequestMappingHandlerMapping - Mapped "{[/paper/details],methods=[GET]}" onto public org.springframework.web.servlet.ModelAndView com.cn.szl.tupu.controller.PaperController.showDetails(int,org.springframework.web.servlet.ModelAndView)
2018-11-28 13:25:08.170 [restartedMain] INFO  o.s.w.s.m.m.a.RequestMappingHandlerMapping - Mapped "{[/paper/network],methods=[GET]}" onto public org.springframework.web.servlet.ModelAndView com.cn.szl.tupu.controller.PaperController.network(org.springframework.web.servlet.ModelAndView)
2018-11-28 13:25:08.170 [restartedMain] INFO  o.s.w.s.m.m.a.RequestMappingHandlerMapping - Mapped "{[/registered]}" onto public java.lang.String com.cn.szl.tupu.controller.RegisterController.registered()
2018-11-28 13:25:08.170 [restartedMain] INFO  o.s.w.s.m.m.a.RequestMappingHandlerMapping - Mapped "{[/registered/saveUser],methods=[POST]}" onto public java.lang.String com.cn.szl.tupu.controller.RegisterController.saveUser(java.lang.String,java.lang.String,java.lang.String,java.lang.String,java.lang.String)
2018-11-28 13:25:08.172 [restartedMain] INFO  o.s.w.s.m.m.a.RequestMappingHandlerMapping - Mapped "{[/error]}" onto public org.springframework.http.ResponseEntity<java.util.Map<java.lang.String, java.lang.Object>> org.springframework.boot.autoconfigure.web.servlet.error.BasicErrorController.error(javax.servlet.http.HttpServletRequest)
2018-11-28 13:25:08.173 [restartedMain] INFO  o.s.w.s.m.m.a.RequestMappingHandlerMapping - Mapped "{[/error],produces=[text/html]}" onto public org.springframework.web.servlet.ModelAndView org.springframework.boot.autoconfigure.web.servlet.error.BasicErrorController.errorHtml(javax.servlet.http.HttpServletRequest,javax.servlet.http.HttpServletResponse)
2018-11-28 13:25:08.194 [restartedMain] INFO  o.s.web.servlet.handler.SimpleUrlHandlerMapping - Mapped URL path [/webjars/**] onto handler of type [class org.springframework.web.servlet.resource.ResourceHttpRequestHandler]
2018-11-28 13:25:08.194 [restartedMain] INFO  o.s.web.servlet.handler.SimpleUrlHandlerMapping - Mapped URL path [/**] onto handler of type [class org.springframework.web.servlet.resource.ResourceHttpRequestHandler]
2018-11-28 13:25:08.205 [restartedMain] INFO  o.s.w.s.m.m.a.ExceptionHandlerExceptionResolver - Detected @ExceptionHandler methods in globalExceptionHandler
2018-11-28 13:25:08.270 [restartedMain] WARN  org.thymeleaf.templatemode.TemplateMode - [THYMELEAF][restartedMain] Template Mode 'HTML5' is deprecated. Using Template Mode 'HTML' instead.
2018-11-28 13:25:08.343 [restartedMain] INFO  o.s.b.a.web.servlet.WelcomePageHandlerMapping - Adding welcome page template: index
2018-11-28 13:25:09.626 [restartedMain] INFO  o.s.b.d.autoconfigure.OptionalLiveReloadServer - LiveReload server is running on port 35729
2018-11-28 13:25:09.678 [restartedMain] INFO  o.s.jmx.export.annotation.AnnotationMBeanExporter - Registering beans for JMX exposure on startup
2018-11-28 13:25:09.679 [restartedMain] INFO  o.s.jmx.export.annotation.AnnotationMBeanExporter - Bean with name 'dataSource' has been autodetected for JMX exposure
2018-11-28 13:25:09.684 [restartedMain] INFO  o.s.jmx.export.annotation.AnnotationMBeanExporter - Located MBean 'dataSource': registering with JMX server as MBean [com.zaxxer.hikari:name=dataSource,type=HikariDataSource]
2018-11-28 13:25:09.694 [restartedMain] INFO  org.apache.coyote.http11.Http11NioProtocol - Starting ProtocolHandler ["http-nio-8080"]
2018-11-28 13:25:09.709 [restartedMain] INFO  org.apache.tomcat.util.net.NioSelectorPool - Using a shared selector for servlet write/read
2018-11-28 13:25:09.737 [restartedMain] INFO  o.s.boot.web.embedded.tomcat.TomcatWebServer - Tomcat started on port(s): 8080 (http) with context path ''
2018-11-28 13:25:09.741 [restartedMain] INFO  com.cn.szl.tupu.TupuApplication - Started TupuApplication in 5.294 seconds (JVM running for 6.217)
2018-11-28 13:25:12.351 [http-nio-8080-exec-2] INFO  o.a.c.core.ContainerBase.[Tomcat].[localhost].[/] - Initializing Spring FrameworkServlet 'dispatcherServlet'
2018-11-28 13:25:12.352 [http-nio-8080-exec-2] INFO  org.springframework.web.servlet.DispatcherServlet - FrameworkServlet 'dispatcherServlet': initialization started
2018-11-28 13:25:12.370 [http-nio-8080-exec-2] INFO  org.springframework.web.servlet.DispatcherServlet - FrameworkServlet 'dispatcherServlet': initialization completed in 18 ms
2018-11-28 13:30:01.390 [restartedMain] INFO  com.cn.szl.tupu.TupuApplication - Starting TupuApplication on DESKTOP-N1LNUQ6 with PID 25308 (started by ylaxfcy in C:\Users\ylaxfcy\Desktop\base项目\tupu)
2018-11-28 13:30:01.391 [restartedMain] INFO  com.cn.szl.tupu.TupuApplication - No active profile set, falling back to default profiles: default
2018-11-28 13:30:01.467 [restartedMain] INFO  o.s.b.w.s.c.AnnotationConfigServletWebServerApplicationContext - Refreshing org.springframework.boot.web.servlet.context.AnnotationConfigServletWebServerApplicationContext@2e6134d6: startup date [Wed Nov 28 13:30:01 CST 2018]; root of context hierarchy
2018-11-28 13:30:02.427 [restartedMain] INFO  o.s.c.s.PostProcessorRegistrationDelegate$BeanPostProcessorChecker - Bean 'org.springframework.transaction.annotation.ProxyTransactionManagementConfiguration' of type [org.springframework.transaction.annotation.ProxyTransactionManagementConfiguration$$EnhancerBySpringCGLIB$$87e747b3] is not eligible for getting processed by all BeanPostProcessors (for example: not eligible for auto-proxying)
2018-11-28 13:30:02.745 [restartedMain] INFO  o.s.boot.web.embedded.tomcat.TomcatWebServer - Tomcat initialized with port(s): 8080 (http)
2018-11-28 13:30:02.756 [restartedMain] INFO  org.apache.coyote.http11.Http11NioProtocol - Initializing ProtocolHandler ["http-nio-8080"]
2018-11-28 13:30:02.765 [restartedMain] INFO  org.apache.catalina.core.StandardService - Starting service [Tomcat]
2018-11-28 13:30:02.765 [restartedMain] INFO  org.apache.catalina.core.StandardEngine - Starting Servlet Engine: Apache Tomcat/8.5.31
2018-11-28 13:30:02.768 [localhost-startStop-1] INFO  org.apache.catalina.core.AprLifecycleListener - The APR based Apache Tomcat Native library which allows optimal performance in production environments was not found on the java.library.path: [C:\Program Files\Java\jdk1.8.0_121\bin;C:\WINDOWS\Sun\Java\bin;C:\WINDOWS\system32;C:\WINDOWS;C:\ProgramData\Oracle\Java\javapath;C:\Windows\system32;C:\Windows;C:\Windows\System32\Wbem;C:\Windows\System32\WindowsPowerShell\v1.0\;C:\Program Files (x86)\NVIDIA Corporation\PhysX\Common;C:\Program Files (x86)\Windows Kits\8.1\Windows Performance Toolkit\;C:\Program Files\Microsoft SQL Server\110\Tools\Binn\;C:\Program Files (x86)\Microsoft SDKs\TypeScript\1.0\;C:\Program Files\Microsoft SQL Server\120\Tools\Binn\;C:\Program Files (x86)\IDM Computer Solutions\UltraEdit;C:\CTEX\UserData\miktex\bin;C:\CTEX\MiKTeX\miktex\bin;C:\CTEX\CTeX\ctex\bin;C:\CTEX\CTeX\cct\bin;C:\CTEX\CTeX\ty\bin;C:\CTEX\Ghostscript\gs9.05\bin;C:\CTEX\GSview\gsview;C:\CTEX\WinEdt;C:\Python27;C:\Program Files\CMake\bin;.;C:\Program Files\Java\jdk1.8.0_121\bin;C:\WINDOWS\system32;C:\WINDOWS;C:\WINDOWS\System32\Wbem;C:\WINDOWS\System32\WindowsPowerShell\v1.0\;C:\Program Files\phantomjs-2.1.1-windows\bin;C:\Program Files\PuTTY\;C:\Program Files\Maven\apache-maven-3.5.0\bin;C:\WINDOWS\System32\OpenSSH\;C:\Program Files\Git\cmd;C:\Program Files\nodejs\;C:\mysql-5.7.24-winx64\bin;C:\Users\ylaxfcy\AppData\Local\Microsoft\WindowsApps;;c:\python27;c:\python27\Scripts;C:\Program Files (x86)\Microsoft VS Code\bin;C:\Users\ylaxfcy\AppData\Roaming\npm;.]
2018-11-28 13:30:02.870 [localhost-startStop-1] INFO  o.a.c.core.ContainerBase.[Tomcat].[localhost].[/] - Initializing Spring embedded WebApplicationContext
2018-11-28 13:30:02.871 [localhost-startStop-1] INFO  org.springframework.web.context.ContextLoader - Root WebApplicationContext: initialization completed in 1404 ms
2018-11-28 13:30:03.007 [localhost-startStop-1] INFO  o.s.boot.web.servlet.ServletRegistrationBean - Servlet dispatcherServlet mapped to [/]
2018-11-28 13:30:03.012 [localhost-startStop-1] INFO  o.s.boot.web.servlet.FilterRegistrationBean - Mapping filter: 'characterEncodingFilter' to: [/*]
2018-11-28 13:30:03.012 [localhost-startStop-1] INFO  o.s.boot.web.servlet.FilterRegistrationBean - Mapping filter: 'hiddenHttpMethodFilter' to: [/*]
2018-11-28 13:30:03.012 [localhost-startStop-1] INFO  o.s.boot.web.servlet.FilterRegistrationBean - Mapping filter: 'httpPutFormContentFilter' to: [/*]
2018-11-28 13:30:03.013 [localhost-startStop-1] INFO  o.s.boot.web.servlet.FilterRegistrationBean - Mapping filter: 'requestContextFilter' to: [/*]
2018-11-28 13:30:03.180 [restartedMain] INFO  o.s.orm.jpa.LocalContainerEntityManagerFactoryBean - Building JPA container EntityManagerFactory for persistence unit 'default'
2018-11-28 13:30:03.189 [restartedMain] INFO  org.hibernate.jpa.internal.util.LogHelper - HHH000204: Processing PersistenceUnitInfo [
	name: default
	...]
2018-11-28 13:30:03.247 [restartedMain] INFO  org.hibernate.Version - HHH000412: Hibernate Core {5.2.17.Final}
2018-11-28 13:30:03.248 [restartedMain] INFO  org.hibernate.cfg.Environment - HHH000206: hibernate.properties not found
2018-11-28 13:30:03.278 [restartedMain] INFO  org.hibernate.annotations.common.Version - HCANN000001: Hibernate Commons Annotations {5.0.1.Final}
2018-11-28 13:30:03.548 [restartedMain] INFO  com.zaxxer.hikari.HikariDataSource - HikariPool-1 - Starting...
2018-11-28 13:30:03.681 [restartedMain] INFO  com.zaxxer.hikari.HikariDataSource - HikariPool-1 - Start completed.
2018-11-28 13:30:03.694 [restartedMain] INFO  org.hibernate.dialect.Dialect - HHH000400: Using dialect: org.hibernate.dialect.MySQL5Dialect
2018-11-28 13:30:04.081 [restartedMain] INFO  o.s.orm.jpa.LocalContainerEntityManagerFactoryBean - Initialized JPA EntityManagerFactory for persistence unit 'default'
2018-11-28 13:30:04.416 [restartedMain] INFO  o.s.web.servlet.handler.SimpleUrlHandlerMapping - Mapped URL path [/**/favicon.ico] onto handler of type [class org.springframework.web.servlet.resource.ResourceHttpRequestHandler]
2018-11-28 13:30:04.645 [restartedMain] INFO  o.s.w.s.m.m.a.RequestMappingHandlerAdapter - Looking for @ControllerAdvice: org.springframework.boot.web.servlet.context.AnnotationConfigServletWebServerApplicationContext@2e6134d6: startup date [Wed Nov 28 13:30:01 CST 2018]; root of context hierarchy
2018-11-28 13:30:04.677 [restartedMain] WARN  o.s.b.a.o.j.JpaBaseConfiguration$JpaWebConfiguration$JpaWebMvcConfiguration - spring.jpa.open-in-view is enabled by default. Therefore, database queries may be performed during view rendering. Explicitly configure spring.jpa.open-in-view to disable this warning
2018-11-28 13:30:04.706 [restartedMain] INFO  o.s.w.s.m.m.a.RequestMappingHandlerMapping - Mapped "{[/dashboard/all]}" onto public com.cn.szl.tupu.entity.Result com.cn.szl.tupu.controller.DashboardController.all()
2018-11-28 13:30:04.708 [restartedMain] INFO  o.s.w.s.m.m.a.RequestMappingHandlerMapping - Mapped "{[/dashboard/add]}" onto public com.cn.szl.tupu.entity.Result com.cn.szl.tupu.controller.DashboardController.add(com.cn.szl.tupu.entity.Knowledge,org.springframework.validation.BindingResult)
2018-11-28 13:30:04.708 [restartedMain] INFO  o.s.w.s.m.m.a.RequestMappingHandlerMapping - Mapped "{[/dashboard/getById]}" onto public com.cn.szl.tupu.entity.Result com.cn.szl.tupu.controller.DashboardController.getById(int)
2018-11-28 13:30:04.708 [restartedMain] INFO  o.s.w.s.m.m.a.RequestMappingHandlerMapping - Mapped "{[/]}" onto public java.lang.String com.cn.szl.tupu.controller.IndexController.index(org.springframework.ui.Model)
2018-11-28 13:30:04.710 [restartedMain] INFO  o.s.w.s.m.m.a.RequestMappingHandlerMapping - Mapped "{[/loginOut]}" onto public java.lang.String com.cn.szl.tupu.controller.LoginController.loginOut(javax.servlet.http.HttpServletRequest)
2018-11-28 13:30:04.710 [restartedMain] INFO  o.s.w.s.m.m.a.RequestMappingHandlerMapping - Mapped "{[/login],methods=[POST]}" onto public java.lang.String com.cn.szl.tupu.controller.LoginController.login(java.lang.String,java.lang.String,org.springframework.ui.Model,javax.servlet.http.HttpServletRequest)
2018-11-28 13:30:04.711 [restartedMain] INFO  o.s.w.s.m.m.a.RequestMappingHandlerMapping - Mapped "{[/main]}" onto public java.lang.String com.cn.szl.tupu.controller.MainController.main()
2018-11-28 13:30:04.711 [restartedMain] INFO  o.s.w.s.m.m.a.RequestMappingHandlerMapping - Mapped "{[/main/post]}" onto public java.lang.String com.cn.szl.tupu.controller.MainController.post()
2018-11-28 13:30:04.711 [restartedMain] INFO  o.s.w.s.m.m.a.RequestMappingHandlerMapping - Mapped "{[/main/addTask]}" onto public java.lang.String com.cn.szl.tupu.controller.MainController.addTask()
2018-11-28 13:30:04.711 [restartedMain] INFO  o.s.w.s.m.m.a.RequestMappingHandlerMapping - Mapped "{[/main/addNew]}" onto public java.lang.String com.cn.szl.tupu.controller.MainController.addNew()
2018-11-28 13:30:04.713 [restartedMain] INFO  o.s.w.s.m.m.a.RequestMappingHandlerMapping - Mapped "{[/paper/list]}" onto public com.cn.szl.tupu.entity.Result com.cn.szl.tupu.controller.PaperController.list(java.lang.String,int,int)
2018-11-28 13:30:04.713 [restartedMain] INFO  o.s.w.s.m.m.a.RequestMappingHandlerMapping - Mapped "{[/paper/search],methods=[GET]}" onto public org.springframework.web.servlet.ModelAndView com.cn.szl.tupu.controller.PaperController.search(java.lang.String,org.springframework.web.servlet.ModelAndView,java.lang.Integer,java.lang.Integer)
2018-11-28 13:30:04.713 [restartedMain] INFO  o.s.w.s.m.m.a.RequestMappingHandlerMapping - Mapped "{[/paper/details],methods=[GET]}" onto public org.springframework.web.servlet.ModelAndView com.cn.szl.tupu.controller.PaperController.showDetails(int,org.springframework.web.servlet.ModelAndView)
2018-11-28 13:30:04.714 [restartedMain] INFO  o.s.w.s.m.m.a.RequestMappingHandlerMapping - Mapped "{[/paper/ajaxSearch],methods=[GET]}" onto public org.springframework.ui.ModelMap com.cn.szl.tupu.controller.PaperController.ajaxSearch(java.lang.String,org.springframework.ui.ModelMap)
2018-11-28 13:30:04.714 [restartedMain] INFO  o.s.w.s.m.m.a.RequestMappingHandlerMapping - Mapped "{[/paper/network],methods=[GET]}" onto public org.springframework.web.servlet.ModelAndView com.cn.szl.tupu.controller.PaperController.network(org.springframework.web.servlet.ModelAndView)
2018-11-28 13:30:04.714 [restartedMain] INFO  o.s.w.s.m.m.a.RequestMappingHandlerMapping - Mapped "{[/registered]}" onto public java.lang.String com.cn.szl.tupu.controller.RegisterController.registered()
2018-11-28 13:30:04.715 [restartedMain] INFO  o.s.w.s.m.m.a.RequestMappingHandlerMapping - Mapped "{[/registered/saveUser],methods=[POST]}" onto public java.lang.String com.cn.szl.tupu.controller.RegisterController.saveUser(java.lang.String,java.lang.String,java.lang.String,java.lang.String,java.lang.String)
2018-11-28 13:30:04.716 [restartedMain] INFO  o.s.w.s.m.m.a.RequestMappingHandlerMapping - Mapped "{[/error]}" onto public org.springframework.http.ResponseEntity<java.util.Map<java.lang.String, java.lang.Object>> org.springframework.boot.autoconfigure.web.servlet.error.BasicErrorController.error(javax.servlet.http.HttpServletRequest)
2018-11-28 13:30:04.717 [restartedMain] INFO  o.s.w.s.m.m.a.RequestMappingHandlerMapping - Mapped "{[/error],produces=[text/html]}" onto public org.springframework.web.servlet.ModelAndView org.springframework.boot.autoconfigure.web.servlet.error.BasicErrorController.errorHtml(javax.servlet.http.HttpServletRequest,javax.servlet.http.HttpServletResponse)
2018-11-28 13:30:04.741 [restartedMain] INFO  o.s.web.servlet.handler.SimpleUrlHandlerMapping - Mapped URL path [/webjars/**] onto handler of type [class org.springframework.web.servlet.resource.ResourceHttpRequestHandler]
2018-11-28 13:30:04.741 [restartedMain] INFO  o.s.web.servlet.handler.SimpleUrlHandlerMapping - Mapped URL path [/**] onto handler of type [class org.springframework.web.servlet.resource.ResourceHttpRequestHandler]
2018-11-28 13:30:04.753 [restartedMain] INFO  o.s.w.s.m.m.a.ExceptionHandlerExceptionResolver - Detected @ExceptionHandler methods in globalExceptionHandler
2018-11-28 13:30:04.789 [restartedMain] WARN  org.thymeleaf.templatemode.TemplateMode - [THYMELEAF][restartedMain] Template Mode 'HTML5' is deprecated. Using Template Mode 'HTML' instead.
2018-11-28 13:30:04.829 [restartedMain] INFO  o.s.b.a.web.servlet.WelcomePageHandlerMapping - Adding welcome page template: index
2018-11-28 13:30:06.087 [restartedMain] INFO  o.s.b.d.autoconfigure.OptionalLiveReloadServer - LiveReload server is running on port 35729
2018-11-28 13:30:06.139 [restartedMain] INFO  o.s.jmx.export.annotation.AnnotationMBeanExporter - Registering beans for JMX exposure on startup
2018-11-28 13:30:06.141 [restartedMain] INFO  o.s.jmx.export.annotation.AnnotationMBeanExporter - Bean with name 'dataSource' has been autodetected for JMX exposure
2018-11-28 13:30:06.146 [restartedMain] INFO  o.s.jmx.export.annotation.AnnotationMBeanExporter - Located MBean 'dataSource': registering with JMX server as MBean [com.zaxxer.hikari:name=dataSource,type=HikariDataSource]
2018-11-28 13:30:06.158 [restartedMain] INFO  org.apache.coyote.http11.Http11NioProtocol - Starting ProtocolHandler ["http-nio-8080"]
2018-11-28 13:30:06.175 [restartedMain] INFO  org.apache.tomcat.util.net.NioSelectorPool - Using a shared selector for servlet write/read
2018-11-28 13:30:06.202 [restartedMain] INFO  o.s.boot.web.embedded.tomcat.TomcatWebServer - Tomcat started on port(s): 8080 (http) with context path ''
2018-11-28 13:30:06.208 [restartedMain] INFO  com.cn.szl.tupu.TupuApplication - Started TupuApplication in 5.164 seconds (JVM running for 6.069)
2018-11-28 13:30:10.623 [http-nio-8080-exec-1] INFO  o.a.c.core.ContainerBase.[Tomcat].[localhost].[/] - Initializing Spring FrameworkServlet 'dispatcherServlet'
2018-11-28 13:30:10.623 [http-nio-8080-exec-1] INFO  org.springframework.web.servlet.DispatcherServlet - FrameworkServlet 'dispatcherServlet': initialization started
2018-11-28 13:30:10.650 [http-nio-8080-exec-1] INFO  org.springframework.web.servlet.DispatcherServlet - FrameworkServlet 'dispatcherServlet': initialization completed in 27 ms
2018-11-28 14:44:50.830 [restartedMain] INFO  com.cn.szl.tupu.TupuApplication - Starting TupuApplication on DESKTOP-N1LNUQ6 with PID 22584 (started by ylaxfcy in C:\Users\ylaxfcy\Desktop\base项目\tupu)
2018-11-28 14:44:50.831 [restartedMain] INFO  com.cn.szl.tupu.TupuApplication - No active profile set, falling back to default profiles: default
2018-11-28 14:44:50.870 [restartedMain] INFO  o.s.b.w.s.c.AnnotationConfigServletWebServerApplicationContext - Refreshing org.springframework.boot.web.servlet.context.AnnotationConfigServletWebServerApplicationContext@52c5b563: startup date [Wed Nov 28 14:44:50 CST 2018]; root of context hierarchy
2018-11-28 14:44:51.875 [restartedMain] INFO  o.s.c.s.PostProcessorRegistrationDelegate$BeanPostProcessorChecker - Bean 'org.springframework.transaction.annotation.ProxyTransactionManagementConfiguration' of type [org.springframework.transaction.annotation.ProxyTransactionManagementConfiguration$$EnhancerBySpringCGLIB$$538388a5] is not eligible for getting processed by all BeanPostProcessors (for example: not eligible for auto-proxying)
2018-11-28 14:44:52.236 [restartedMain] INFO  o.s.boot.web.embedded.tomcat.TomcatWebServer - Tomcat initialized with port(s): 8080 (http)
2018-11-28 14:44:52.246 [restartedMain] INFO  org.apache.coyote.http11.Http11NioProtocol - Initializing ProtocolHandler ["http-nio-8080"]
2018-11-28 14:44:52.254 [restartedMain] INFO  org.apache.catalina.core.StandardService - Starting service [Tomcat]
2018-11-28 14:44:52.254 [restartedMain] INFO  org.apache.catalina.core.StandardEngine - Starting Servlet Engine: Apache Tomcat/8.5.31
2018-11-28 14:44:52.257 [localhost-startStop-1] INFO  org.apache.catalina.core.AprLifecycleListener - The APR based Apache Tomcat Native library which allows optimal performance in production environments was not found on the java.library.path: [C:\Program Files\Java\jdk1.8.0_121\bin;C:\WINDOWS\Sun\Java\bin;C:\WINDOWS\system32;C:\WINDOWS;C:\ProgramData\Oracle\Java\javapath;C:\Windows\system32;C:\Windows;C:\Windows\System32\Wbem;C:\Windows\System32\WindowsPowerShell\v1.0\;C:\Program Files (x86)\NVIDIA Corporation\PhysX\Common;C:\Program Files (x86)\Windows Kits\8.1\Windows Performance Toolkit\;C:\Program Files\Microsoft SQL Server\110\Tools\Binn\;C:\Program Files (x86)\Microsoft SDKs\TypeScript\1.0\;C:\Program Files\Microsoft SQL Server\120\Tools\Binn\;C:\Program Files (x86)\IDM Computer Solutions\UltraEdit;C:\CTEX\UserData\miktex\bin;C:\CTEX\MiKTeX\miktex\bin;C:\CTEX\CTeX\ctex\bin;C:\CTEX\CTeX\cct\bin;C:\CTEX\CTeX\ty\bin;C:\CTEX\Ghostscript\gs9.05\bin;C:\CTEX\GSview\gsview;C:\CTEX\WinEdt;C:\Python27;C:\Program Files\CMake\bin;.;C:\Program Files\Java\jdk1.8.0_121\bin;C:\WINDOWS\system32;C:\WINDOWS;C:\WINDOWS\System32\Wbem;C:\WINDOWS\System32\WindowsPowerShell\v1.0\;C:\Program Files\phantomjs-2.1.1-windows\bin;C:\Program Files\PuTTY\;C:\Program Files\Maven\apache-maven-3.5.0\bin;C:\WINDOWS\System32\OpenSSH\;C:\Program Files\Git\cmd;C:\Program Files\nodejs\;C:\mysql-5.7.24-winx64\bin;C:\Users\ylaxfcy\AppData\Local\Microsoft\WindowsApps;;c:\python27;c:\python27\Scripts;C:\Program Files (x86)\Microsoft VS Code\bin;C:\Users\ylaxfcy\AppData\Roaming\npm;.]
2018-11-28 14:44:52.354 [localhost-startStop-1] INFO  o.a.c.core.ContainerBase.[Tomcat].[localhost].[/] - Initializing Spring embedded WebApplicationContext
2018-11-28 14:44:52.354 [localhost-startStop-1] INFO  org.springframework.web.context.ContextLoader - Root WebApplicationContext: initialization completed in 1484 ms
2018-11-28 14:44:52.460 [localhost-startStop-1] INFO  o.s.boot.web.servlet.ServletRegistrationBean - Servlet dispatcherServlet mapped to [/]
2018-11-28 14:44:52.464 [localhost-startStop-1] INFO  o.s.boot.web.servlet.FilterRegistrationBean - Mapping filter: 'characterEncodingFilter' to: [/*]
2018-11-28 14:44:52.464 [localhost-startStop-1] INFO  o.s.boot.web.servlet.FilterRegistrationBean - Mapping filter: 'hiddenHttpMethodFilter' to: [/*]
2018-11-28 14:44:52.464 [localhost-startStop-1] INFO  o.s.boot.web.servlet.FilterRegistrationBean - Mapping filter: 'httpPutFormContentFilter' to: [/*]
2018-11-28 14:44:52.465 [localhost-startStop-1] INFO  o.s.boot.web.servlet.FilterRegistrationBean - Mapping filter: 'requestContextFilter' to: [/*]
2018-11-28 14:44:52.599 [restartedMain] INFO  o.s.orm.jpa.LocalContainerEntityManagerFactoryBean - Building JPA container EntityManagerFactory for persistence unit 'default'
2018-11-28 14:44:52.608 [restartedMain] INFO  org.hibernate.jpa.internal.util.LogHelper - HHH000204: Processing PersistenceUnitInfo [
	name: default
	...]
2018-11-28 14:44:52.656 [restartedMain] INFO  org.hibernate.Version - HHH000412: Hibernate Core {5.2.17.Final}
2018-11-28 14:44:52.657 [restartedMain] INFO  org.hibernate.cfg.Environment - HHH000206: hibernate.properties not found
2018-11-28 14:44:52.686 [restartedMain] INFO  org.hibernate.annotations.common.Version - HCANN000001: Hibernate Commons Annotations {5.0.1.Final}
2018-11-28 14:44:52.956 [restartedMain] INFO  com.zaxxer.hikari.HikariDataSource - HikariPool-1 - Starting...
2018-11-28 14:44:53.085 [restartedMain] INFO  com.zaxxer.hikari.HikariDataSource - HikariPool-1 - Start completed.
2018-11-28 14:44:53.092 [restartedMain] INFO  org.hibernate.dialect.Dialect - HHH000400: Using dialect: org.hibernate.dialect.MySQL5Dialect
2018-11-28 14:44:53.390 [restartedMain] INFO  o.s.orm.jpa.LocalContainerEntityManagerFactoryBean - Initialized JPA EntityManagerFactory for persistence unit 'default'
2018-11-28 14:44:53.753 [restartedMain] INFO  o.s.web.servlet.handler.SimpleUrlHandlerMapping - Mapped URL path [/**/favicon.ico] onto handler of type [class org.springframework.web.servlet.resource.ResourceHttpRequestHandler]
2018-11-28 14:44:53.959 [restartedMain] INFO  o.s.w.s.m.m.a.RequestMappingHandlerAdapter - Looking for @ControllerAdvice: org.springframework.boot.web.servlet.context.AnnotationConfigServletWebServerApplicationContext@52c5b563: startup date [Wed Nov 28 14:44:50 CST 2018]; root of context hierarchy
2018-11-28 14:44:53.989 [restartedMain] WARN  o.s.b.a.o.j.JpaBaseConfiguration$JpaWebConfiguration$JpaWebMvcConfiguration - spring.jpa.open-in-view is enabled by default. Therefore, database queries may be performed during view rendering. Explicitly configure spring.jpa.open-in-view to disable this warning
2018-11-28 14:44:54.019 [restartedMain] INFO  o.s.w.s.m.m.a.RequestMappingHandlerMapping - Mapped "{[/dashboard/all]}" onto public com.cn.szl.tupu.entity.Result com.cn.szl.tupu.controller.DashboardController.all()
2018-11-28 14:44:54.021 [restartedMain] INFO  o.s.w.s.m.m.a.RequestMappingHandlerMapping - Mapped "{[/dashboard/add]}" onto public com.cn.szl.tupu.entity.Result com.cn.szl.tupu.controller.DashboardController.add(com.cn.szl.tupu.entity.Knowledge,org.springframework.validation.BindingResult)
2018-11-28 14:44:54.022 [restartedMain] INFO  o.s.w.s.m.m.a.RequestMappingHandlerMapping - Mapped "{[/dashboard/getById]}" onto public com.cn.szl.tupu.entity.Result com.cn.szl.tupu.controller.DashboardController.getById(int)
2018-11-28 14:44:54.022 [restartedMain] INFO  o.s.w.s.m.m.a.RequestMappingHandlerMapping - Mapped "{[/]}" onto public java.lang.String com.cn.szl.tupu.controller.IndexController.index(org.springframework.ui.Model)
2018-11-28 14:44:54.024 [restartedMain] INFO  o.s.w.s.m.m.a.RequestMappingHandlerMapping - Mapped "{[/login],methods=[POST]}" onto public java.lang.String com.cn.szl.tupu.controller.LoginController.login(java.lang.String,java.lang.String,org.springframework.ui.Model,javax.servlet.http.HttpServletRequest)
2018-11-28 14:44:54.024 [restartedMain] INFO  o.s.w.s.m.m.a.RequestMappingHandlerMapping - Mapped "{[/loginOut]}" onto public java.lang.String com.cn.szl.tupu.controller.LoginController.loginOut(javax.servlet.http.HttpServletRequest)
2018-11-28 14:44:54.025 [restartedMain] INFO  o.s.w.s.m.m.a.RequestMappingHandlerMapping - Mapped "{[/main]}" onto public java.lang.String com.cn.szl.tupu.controller.MainController.main()
2018-11-28 14:44:54.025 [restartedMain] INFO  o.s.w.s.m.m.a.RequestMappingHandlerMapping - Mapped "{[/main/addNew]}" onto public java.lang.String com.cn.szl.tupu.controller.MainController.addNew()
2018-11-28 14:44:54.026 [restartedMain] INFO  o.s.w.s.m.m.a.RequestMappingHandlerMapping - Mapped "{[/main/addTask]}" onto public java.lang.String com.cn.szl.tupu.controller.MainController.addTask()
2018-11-28 14:44:54.026 [restartedMain] INFO  o.s.w.s.m.m.a.RequestMappingHandlerMapping - Mapped "{[/main/post]}" onto public java.lang.String com.cn.szl.tupu.controller.MainController.post()
2018-11-28 14:44:54.028 [restartedMain] INFO  o.s.w.s.m.m.a.RequestMappingHandlerMapping - Mapped "{[/paper/list]}" onto public com.cn.szl.tupu.entity.Result com.cn.szl.tupu.controller.PaperController.list(java.lang.String,int,int)
2018-11-28 14:44:54.029 [restartedMain] INFO  o.s.w.s.m.m.a.RequestMappingHandlerMapping - Mapped "{[/paper/search],methods=[GET]}" onto public org.springframework.web.servlet.ModelAndView com.cn.szl.tupu.controller.PaperController.search(java.lang.String,org.springframework.web.servlet.ModelAndView,java.lang.Integer,java.lang.Integer)
2018-11-28 14:44:54.029 [restartedMain] INFO  o.s.w.s.m.m.a.RequestMappingHandlerMapping - Mapped "{[/paper/ajaxSearch],methods=[GET]}" onto public org.springframework.ui.ModelMap com.cn.szl.tupu.controller.PaperController.ajaxSearch(java.lang.String,org.springframework.ui.ModelMap)
2018-11-28 14:44:54.029 [restartedMain] INFO  o.s.w.s.m.m.a.RequestMappingHandlerMapping - Mapped "{[/paper/details],methods=[GET]}" onto public org.springframework.web.servlet.ModelAndView com.cn.szl.tupu.controller.PaperController.showDetails(int,org.springframework.web.servlet.ModelAndView)
2018-11-28 14:44:54.029 [restartedMain] INFO  o.s.w.s.m.m.a.RequestMappingHandlerMapping - Mapped "{[/paper/network],methods=[GET]}" onto public org.springframework.web.servlet.ModelAndView com.cn.szl.tupu.controller.PaperController.network(org.springframework.web.servlet.ModelAndView)
2018-11-28 14:44:54.030 [restartedMain] INFO  o.s.w.s.m.m.a.RequestMappingHandlerMapping - Mapped "{[/registered]}" onto public java.lang.String com.cn.szl.tupu.controller.RegisterController.registered()
2018-11-28 14:44:54.030 [restartedMain] INFO  o.s.w.s.m.m.a.RequestMappingHandlerMapping - Mapped "{[/registered/saveUser],methods=[POST]}" onto public java.lang.String com.cn.szl.tupu.controller.RegisterController.saveUser(java.lang.String,java.lang.String,java.lang.String,java.lang.String,java.lang.String)
2018-11-28 14:44:54.033 [restartedMain] INFO  o.s.w.s.m.m.a.RequestMappingHandlerMapping - Mapped "{[/error]}" onto public org.springframework.http.ResponseEntity<java.util.Map<java.lang.String, java.lang.Object>> org.springframework.boot.autoconfigure.web.servlet.error.BasicErrorController.error(javax.servlet.http.HttpServletRequest)
2018-11-28 14:44:54.033 [restartedMain] INFO  o.s.w.s.m.m.a.RequestMappingHandlerMapping - Mapped "{[/error],produces=[text/html]}" onto public org.springframework.web.servlet.ModelAndView org.springframework.boot.autoconfigure.web.servlet.error.BasicErrorController.errorHtml(javax.servlet.http.HttpServletRequest,javax.servlet.http.HttpServletResponse)
2018-11-28 14:44:54.060 [restartedMain] INFO  o.s.web.servlet.handler.SimpleUrlHandlerMapping - Mapped URL path [/webjars/**] onto handler of type [class org.springframework.web.servlet.resource.ResourceHttpRequestHandler]
2018-11-28 14:44:54.060 [restartedMain] INFO  o.s.web.servlet.handler.SimpleUrlHandlerMapping - Mapped URL path [/**] onto handler of type [class org.springframework.web.servlet.resource.ResourceHttpRequestHandler]
2018-11-28 14:44:54.072 [restartedMain] INFO  o.s.w.s.m.m.a.ExceptionHandlerExceptionResolver - Detected @ExceptionHandler methods in globalExceptionHandler
2018-11-28 14:44:54.109 [restartedMain] WARN  org.thymeleaf.templatemode.TemplateMode - [THYMELEAF][restartedMain] Template Mode 'HTML5' is deprecated. Using Template Mode 'HTML' instead.
2018-11-28 14:44:54.149 [restartedMain] INFO  o.s.b.a.web.servlet.WelcomePageHandlerMapping - Adding welcome page template: index
2018-11-28 14:44:55.056 [restartedMain] INFO  o.s.b.d.autoconfigure.OptionalLiveReloadServer - LiveReload server is running on port 35729
2018-11-28 14:44:55.081 [restartedMain] INFO  o.s.jmx.export.annotation.AnnotationMBeanExporter - Registering beans for JMX exposure on startup
2018-11-28 14:44:55.082 [restartedMain] INFO  o.s.jmx.export.annotation.AnnotationMBeanExporter - Bean with name 'dataSource' has been autodetected for JMX exposure
2018-11-28 14:44:55.086 [restartedMain] INFO  o.s.jmx.export.annotation.AnnotationMBeanExporter - Located MBean 'dataSource': registering with JMX server as MBean [com.zaxxer.hikari:name=dataSource,type=HikariDataSource]
2018-11-28 14:44:55.095 [restartedMain] INFO  org.apache.coyote.http11.Http11NioProtocol - Starting ProtocolHandler ["http-nio-8080"]
2018-11-28 14:44:55.104 [restartedMain] INFO  org.apache.tomcat.util.net.NioSelectorPool - Using a shared selector for servlet write/read
2018-11-28 14:44:55.124 [restartedMain] INFO  o.s.boot.web.embedded.tomcat.TomcatWebServer - Tomcat started on port(s): 8080 (http) with context path ''
2018-11-28 14:44:55.129 [restartedMain] INFO  com.cn.szl.tupu.TupuApplication - Started TupuApplication in 4.596 seconds (JVM running for 5.469)
2018-11-28 14:47:40.626 [http-nio-8080-exec-1] INFO  o.a.c.core.ContainerBase.[Tomcat].[localhost].[/] - Initializing Spring FrameworkServlet 'dispatcherServlet'
2018-11-28 14:47:40.627 [http-nio-8080-exec-1] INFO  org.springframework.web.servlet.DispatcherServlet - FrameworkServlet 'dispatcherServlet': initialization started
2018-11-28 14:47:40.646 [http-nio-8080-exec-1] INFO  org.springframework.web.servlet.DispatcherServlet - FrameworkServlet 'dispatcherServlet': initialization completed in 19 ms
2018-11-28 14:48:51.365 [restartedMain] INFO  com.cn.szl.tupu.TupuApplication - Starting TupuApplication on DESKTOP-N1LNUQ6 with PID 20432 (started by ylaxfcy in C:\Users\ylaxfcy\Desktop\base项目\tupu)
2018-11-28 14:48:51.366 [restartedMain] INFO  com.cn.szl.tupu.TupuApplication - No active profile set, falling back to default profiles: default
2018-11-28 14:48:51.409 [restartedMain] INFO  o.s.b.w.s.c.AnnotationConfigServletWebServerApplicationContext - Refreshing org.springframework.boot.web.servlet.context.AnnotationConfigServletWebServerApplicationContext@2a60c8d4: startup date [Wed Nov 28 14:48:51 CST 2018]; root of context hierarchy
2018-11-28 14:48:52.396 [restartedMain] INFO  o.s.c.s.PostProcessorRegistrationDelegate$BeanPostProcessorChecker - Bean 'org.springframework.transaction.annotation.ProxyTransactionManagementConfiguration' of type [org.springframework.transaction.annotation.ProxyTransactionManagementConfiguration$$EnhancerBySpringCGLIB$$5c4e3cbb] is not eligible for getting processed by all BeanPostProcessors (for example: not eligible for auto-proxying)
2018-11-28 14:48:52.725 [restartedMain] INFO  o.s.boot.web.embedded.tomcat.TomcatWebServer - Tomcat initialized with port(s): 8080 (http)
2018-11-28 14:48:52.736 [restartedMain] INFO  org.apache.coyote.http11.Http11NioProtocol - Initializing ProtocolHandler ["http-nio-8080"]
2018-11-28 14:48:52.745 [restartedMain] INFO  org.apache.catalina.core.StandardService - Starting service [Tomcat]
2018-11-28 14:48:52.746 [restartedMain] INFO  org.apache.catalina.core.StandardEngine - Starting Servlet Engine: Apache Tomcat/8.5.31
2018-11-28 14:48:52.749 [localhost-startStop-1] INFO  org.apache.catalina.core.AprLifecycleListener - The APR based Apache Tomcat Native library which allows optimal performance in production environments was not found on the java.library.path: [C:\Program Files\Java\jdk1.8.0_121\bin;C:\WINDOWS\Sun\Java\bin;C:\WINDOWS\system32;C:\WINDOWS;C:\ProgramData\Oracle\Java\javapath;C:\Windows\system32;C:\Windows;C:\Windows\System32\Wbem;C:\Windows\System32\WindowsPowerShell\v1.0\;C:\Program Files (x86)\NVIDIA Corporation\PhysX\Common;C:\Program Files (x86)\Windows Kits\8.1\Windows Performance Toolkit\;C:\Program Files\Microsoft SQL Server\110\Tools\Binn\;C:\Program Files (x86)\Microsoft SDKs\TypeScript\1.0\;C:\Program Files\Microsoft SQL Server\120\Tools\Binn\;C:\Program Files (x86)\IDM Computer Solutions\UltraEdit;C:\CTEX\UserData\miktex\bin;C:\CTEX\MiKTeX\miktex\bin;C:\CTEX\CTeX\ctex\bin;C:\CTEX\CTeX\cct\bin;C:\CTEX\CTeX\ty\bin;C:\CTEX\Ghostscript\gs9.05\bin;C:\CTEX\GSview\gsview;C:\CTEX\WinEdt;C:\Python27;C:\Program Files\CMake\bin;.;C:\Program Files\Java\jdk1.8.0_121\bin;C:\WINDOWS\system32;C:\WINDOWS;C:\WINDOWS\System32\Wbem;C:\WINDOWS\System32\WindowsPowerShell\v1.0\;C:\Program Files\phantomjs-2.1.1-windows\bin;C:\Program Files\PuTTY\;C:\Program Files\Maven\apache-maven-3.5.0\bin;C:\WINDOWS\System32\OpenSSH\;C:\Program Files\Git\cmd;C:\Program Files\nodejs\;C:\mysql-5.7.24-winx64\bin;C:\Users\ylaxfcy\AppData\Local\Microsoft\WindowsApps;;c:\python27;c:\python27\Scripts;C:\Program Files (x86)\Microsoft VS Code\bin;C:\Users\ylaxfcy\AppData\Roaming\npm;.]
2018-11-28 14:48:52.863 [localhost-startStop-1] INFO  o.a.c.core.ContainerBase.[Tomcat].[localhost].[/] - Initializing Spring embedded WebApplicationContext
2018-11-28 14:48:52.864 [localhost-startStop-1] INFO  org.springframework.web.context.ContextLoader - Root WebApplicationContext: initialization completed in 1455 ms
2018-11-28 14:48:52.976 [localhost-startStop-1] INFO  o.s.boot.web.servlet.ServletRegistrationBean - Servlet dispatcherServlet mapped to [/]
2018-11-28 14:48:52.980 [localhost-startStop-1] INFO  o.s.boot.web.servlet.FilterRegistrationBean - Mapping filter: 'characterEncodingFilter' to: [/*]
2018-11-28 14:48:52.980 [localhost-startStop-1] INFO  o.s.boot.web.servlet.FilterRegistrationBean - Mapping filter: 'hiddenHttpMethodFilter' to: [/*]
2018-11-28 14:48:52.980 [localhost-startStop-1] INFO  o.s.boot.web.servlet.FilterRegistrationBean - Mapping filter: 'httpPutFormContentFilter' to: [/*]
2018-11-28 14:48:52.980 [localhost-startStop-1] INFO  o.s.boot.web.servlet.FilterRegistrationBean - Mapping filter: 'requestContextFilter' to: [/*]
2018-11-28 14:48:53.111 [restartedMain] INFO  o.s.orm.jpa.LocalContainerEntityManagerFactoryBean - Building JPA container EntityManagerFactory for persistence unit 'default'
2018-11-28 14:48:53.120 [restartedMain] INFO  org.hibernate.jpa.internal.util.LogHelper - HHH000204: Processing PersistenceUnitInfo [
	name: default
	...]
2018-11-28 14:48:53.174 [restartedMain] INFO  org.hibernate.Version - HHH000412: Hibernate Core {5.2.17.Final}
2018-11-28 14:48:53.175 [restartedMain] INFO  org.hibernate.cfg.Environment - HHH000206: hibernate.properties not found
2018-11-28 14:48:53.250 [restartedMain] INFO  org.hibernate.annotations.common.Version - HCANN000001: Hibernate Commons Annotations {5.0.1.Final}
2018-11-28 14:48:53.483 [restartedMain] INFO  com.zaxxer.hikari.HikariDataSource - HikariPool-1 - Starting...
2018-11-28 14:48:53.649 [restartedMain] INFO  com.zaxxer.hikari.HikariDataSource - HikariPool-1 - Start completed.
2018-11-28 14:48:53.657 [restartedMain] INFO  org.hibernate.dialect.Dialect - HHH000400: Using dialect: org.hibernate.dialect.MySQL5Dialect
2018-11-28 14:48:53.994 [restartedMain] INFO  o.s.orm.jpa.LocalContainerEntityManagerFactoryBean - Initialized JPA EntityManagerFactory for persistence unit 'default'
2018-11-28 14:48:54.319 [restartedMain] INFO  o.s.web.servlet.handler.SimpleUrlHandlerMapping - Mapped URL path [/**/favicon.ico] onto handler of type [class org.springframework.web.servlet.resource.ResourceHttpRequestHandler]
2018-11-28 14:48:54.539 [restartedMain] INFO  o.s.w.s.m.m.a.RequestMappingHandlerAdapter - Looking for @ControllerAdvice: org.springframework.boot.web.servlet.context.AnnotationConfigServletWebServerApplicationContext@2a60c8d4: startup date [Wed Nov 28 14:48:51 CST 2018]; root of context hierarchy
2018-11-28 14:48:54.566 [restartedMain] WARN  o.s.b.a.o.j.JpaBaseConfiguration$JpaWebConfiguration$JpaWebMvcConfiguration - spring.jpa.open-in-view is enabled by default. Therefore, database queries may be performed during view rendering. Explicitly configure spring.jpa.open-in-view to disable this warning
2018-11-28 14:48:54.593 [restartedMain] INFO  o.s.w.s.m.m.a.RequestMappingHandlerMapping - Mapped "{[/dashboard/all]}" onto public com.cn.szl.tupu.entity.Result com.cn.szl.tupu.controller.DashboardController.all()
2018-11-28 14:48:54.597 [restartedMain] INFO  o.s.w.s.m.m.a.RequestMappingHandlerMapping - Mapped "{[/dashboard/add]}" onto public com.cn.szl.tupu.entity.Result com.cn.szl.tupu.controller.DashboardController.add(com.cn.szl.tupu.entity.Knowledge,org.springframework.validation.BindingResult)
2018-11-28 14:48:54.597 [restartedMain] INFO  o.s.w.s.m.m.a.RequestMappingHandlerMapping - Mapped "{[/dashboard/getById]}" onto public com.cn.szl.tupu.entity.Result com.cn.szl.tupu.controller.DashboardController.getById(int)
2018-11-28 14:48:54.598 [restartedMain] INFO  o.s.w.s.m.m.a.RequestMappingHandlerMapping - Mapped "{[/]}" onto public java.lang.String com.cn.szl.tupu.controller.IndexController.index(org.springframework.ui.Model)
2018-11-28 14:48:54.601 [restartedMain] INFO  o.s.w.s.m.m.a.RequestMappingHandlerMapping - Mapped "{[/loginOut]}" onto public java.lang.String com.cn.szl.tupu.controller.LoginController.loginOut(javax.servlet.http.HttpServletRequest)
2018-11-28 14:48:54.602 [restartedMain] INFO  o.s.w.s.m.m.a.RequestMappingHandlerMapping - Mapped "{[/login],methods=[POST]}" onto public java.lang.String com.cn.szl.tupu.controller.LoginController.login(java.lang.String,java.lang.String,org.springframework.ui.Model,javax.servlet.http.HttpServletRequest)
2018-11-28 14:48:54.603 [restartedMain] INFO  o.s.w.s.m.m.a.RequestMappingHandlerMapping - Mapped "{[/main]}" onto public java.lang.String com.cn.szl.tupu.controller.MainController.main()
2018-11-28 14:48:54.604 [restartedMain] INFO  o.s.w.s.m.m.a.RequestMappingHandlerMapping - Mapped "{[/main/post]}" onto public java.lang.String com.cn.szl.tupu.controller.MainController.post()
2018-11-28 14:48:54.604 [restartedMain] INFO  o.s.w.s.m.m.a.RequestMappingHandlerMapping - Mapped "{[/main/addTask]}" onto public java.lang.String com.cn.szl.tupu.controller.MainController.addTask()
2018-11-28 14:48:54.605 [restartedMain] INFO  o.s.w.s.m.m.a.RequestMappingHandlerMapping - Mapped "{[/main/addNew]}" onto public java.lang.String com.cn.szl.tupu.controller.MainController.addNew()
2018-11-28 14:48:54.609 [restartedMain] INFO  o.s.w.s.m.m.a.RequestMappingHandlerMapping - Mapped "{[/paper/list]}" onto public com.cn.szl.tupu.entity.Result com.cn.szl.tupu.controller.PaperController.list(java.lang.String,int,int)
2018-11-28 14:48:54.610 [restartedMain] INFO  o.s.w.s.m.m.a.RequestMappingHandlerMapping - Mapped "{[/paper/search],methods=[GET]}" onto public org.springframework.web.servlet.ModelAndView com.cn.szl.tupu.controller.PaperController.search(java.lang.String,org.springframework.web.servlet.ModelAndView,java.lang.Integer,java.lang.Integer)
2018-11-28 14:48:54.611 [restartedMain] INFO  o.s.w.s.m.m.a.RequestMappingHandlerMapping - Mapped "{[/paper/network],methods=[GET]}" onto public org.springframework.web.servlet.ModelAndView com.cn.szl.tupu.controller.PaperController.network(org.springframework.web.servlet.ModelAndView)
2018-11-28 14:48:54.611 [restartedMain] INFO  o.s.w.s.m.m.a.RequestMappingHandlerMapping - Mapped "{[/paper/details],methods=[GET]}" onto public org.springframework.web.servlet.ModelAndView com.cn.szl.tupu.controller.PaperController.showDetails(int,org.springframework.web.servlet.ModelAndView)
2018-11-28 14:48:54.612 [restartedMain] INFO  o.s.w.s.m.m.a.RequestMappingHandlerMapping - Mapped "{[/paper/ajaxSearch],methods=[GET]}" onto public org.springframework.ui.ModelMap com.cn.szl.tupu.controller.PaperController.ajaxSearch(java.lang.String,org.springframework.ui.ModelMap)
2018-11-28 14:48:54.612 [restartedMain] INFO  o.s.w.s.m.m.a.RequestMappingHandlerMapping - Mapped "{[/registered]}" onto public java.lang.String com.cn.szl.tupu.controller.RegisterController.registered()
2018-11-28 14:48:54.612 [restartedMain] INFO  o.s.w.s.m.m.a.RequestMappingHandlerMapping - Mapped "{[/registered/saveUser],methods=[POST]}" onto public java.lang.String com.cn.szl.tupu.controller.RegisterController.saveUser(java.lang.String,java.lang.String,java.lang.String,java.lang.String,java.lang.String)
2018-11-28 14:48:54.614 [restartedMain] INFO  o.s.w.s.m.m.a.RequestMappingHandlerMapping - Mapped "{[/error]}" onto public org.springframework.http.ResponseEntity<java.util.Map<java.lang.String, java.lang.Object>> org.springframework.boot.autoconfigure.web.servlet.error.BasicErrorController.error(javax.servlet.http.HttpServletRequest)
2018-11-28 14:48:54.615 [restartedMain] INFO  o.s.w.s.m.m.a.RequestMappingHandlerMapping - Mapped "{[/error],produces=[text/html]}" onto public org.springframework.web.servlet.ModelAndView org.springframework.boot.autoconfigure.web.servlet.error.BasicErrorController.errorHtml(javax.servlet.http.HttpServletRequest,javax.servlet.http.HttpServletResponse)
2018-11-28 14:48:54.642 [restartedMain] INFO  o.s.web.servlet.handler.SimpleUrlHandlerMapping - Mapped URL path [/webjars/**] onto handler of type [class org.springframework.web.servlet.resource.ResourceHttpRequestHandler]
2018-11-28 14:48:54.642 [restartedMain] INFO  o.s.web.servlet.handler.SimpleUrlHandlerMapping - Mapped URL path [/**] onto handler of type [class org.springframework.web.servlet.resource.ResourceHttpRequestHandler]
2018-11-28 14:48:54.654 [restartedMain] INFO  o.s.w.s.m.m.a.ExceptionHandlerExceptionResolver - Detected @ExceptionHandler methods in globalExceptionHandler
2018-11-28 14:48:54.688 [restartedMain] WARN  org.thymeleaf.templatemode.TemplateMode - [THYMELEAF][restartedMain] Template Mode 'HTML5' is deprecated. Using Template Mode 'HTML' instead.
2018-11-28 14:48:54.744 [restartedMain] INFO  o.s.b.a.web.servlet.WelcomePageHandlerMapping - Adding welcome page template: index
2018-11-28 14:48:55.795 [restartedMain] INFO  o.s.b.d.autoconfigure.OptionalLiveReloadServer - LiveReload server is running on port 35729
2018-11-28 14:48:55.822 [restartedMain] INFO  o.s.jmx.export.annotation.AnnotationMBeanExporter - Registering beans for JMX exposure on startup
2018-11-28 14:48:55.824 [restartedMain] INFO  o.s.jmx.export.annotation.AnnotationMBeanExporter - Bean with name 'dataSource' has been autodetected for JMX exposure
2018-11-28 14:48:55.827 [restartedMain] INFO  o.s.jmx.export.annotation.AnnotationMBeanExporter - Located MBean 'dataSource': registering with JMX server as MBean [com.zaxxer.hikari:name=dataSource,type=HikariDataSource]
2018-11-28 14:48:55.838 [restartedMain] INFO  org.apache.coyote.http11.Http11NioProtocol - Starting ProtocolHandler ["http-nio-8080"]
2018-11-28 14:48:55.847 [restartedMain] INFO  org.apache.tomcat.util.net.NioSelectorPool - Using a shared selector for servlet write/read
2018-11-28 14:48:55.865 [restartedMain] INFO  o.s.boot.web.embedded.tomcat.TomcatWebServer - Tomcat started on port(s): 8080 (http) with context path ''
2018-11-28 14:48:55.869 [restartedMain] INFO  com.cn.szl.tupu.TupuApplication - Started TupuApplication in 4.845 seconds (JVM running for 5.77)
2018-11-28 14:50:07.927 [http-nio-8080-exec-1] INFO  o.a.c.core.ContainerBase.[Tomcat].[localhost].[/] - Initializing Spring FrameworkServlet 'dispatcherServlet'
2018-11-28 14:50:07.927 [http-nio-8080-exec-1] INFO  org.springframework.web.servlet.DispatcherServlet - FrameworkServlet 'dispatcherServlet': initialization started
2018-11-28 14:50:07.946 [http-nio-8080-exec-1] INFO  org.springframework.web.servlet.DispatcherServlet - FrameworkServlet 'dispatcherServlet': initialization completed in 18 ms
