2019-01-02 10:49:16.691 [restartedMain] INFO  com.cn.szl.tupu.TupuApplication - Starting TupuApplication on DESKTOP-N1LNUQ6 with PID 7984 (started by ylaxfcy in C:\Users\ylaxfcy\Desktop\base项目\tupu)
2019-01-02 10:49:16.692 [restartedMain] INFO  com.cn.szl.tupu.TupuApplication - No active profile set, falling back to default profiles: default
2019-01-02 10:49:16.775 [restartedMain] INFO  o.s.b.w.s.c.AnnotationConfigServletWebServerApplicationContext - Refreshing org.springframework.boot.web.servlet.context.AnnotationConfigServletWebServerApplicationContext@59066ba9: startup date [Wed Jan 02 10:49:16 CST 2019]; root of context hierarchy
2019-01-02 10:49:18.231 [restartedMain] INFO  o.s.d.r.config.RepositoryConfigurationDelegate - Multiple Spring Data modules found, entering strict repository configuration mode!
2019-01-02 10:49:18.286 [restartedMain] INFO  o.s.d.r.c.RepositoryConfigurationExtensionSupport - Spring Data JPA - Could not safely identify store assignment for repository candidate interface com.cn.szl.tupu.dao.EntityNodeDao.
2019-01-02 10:49:18.290 [restartedMain] INFO  o.s.d.r.c.RepositoryConfigurationExtensionSupport - Spring Data JPA - Could not safely identify store assignment for repository candidate interface com.cn.szl.tupu.dao.EntityRelationDao.
2019-01-02 10:49:18.307 [restartedMain] INFO  o.s.d.r.config.RepositoryConfigurationDelegate - Multiple Spring Data modules found, entering strict repository configuration mode!
2019-01-02 10:49:18.345 [restartedMain] INFO  o.s.b.factory.support.DefaultListableBeanFactory - Overriding bean definition for bean 'entityNodeDao' with a different definition: replacing [Generic bean: class [org.mybatis.spring.mapper.MapperFactoryBean]; scope=singleton; abstract=false; lazyInit=false; autowireMode=2; dependencyCheck=0; autowireCandidate=true; primary=false; factoryBeanName=null; factoryMethodName=null; initMethodName=null; destroyMethodName=null; defined in file [C:\Users\ylaxfcy\Desktop\base项目\tupu\target\classes\com\cn\szl\tupu\dao\EntityNodeDao.class]] with [Root bean: class [org.springframework.data.neo4j.repository.support.Neo4jRepositoryFactoryBean]; scope=; abstract=false; lazyInit=false; autowireMode=0; dependencyCheck=0; autowireCandidate=true; primary=false; factoryBeanName=null; factoryMethodName=null; initMethodName=null; destroyMethodName=null]
2019-01-02 10:49:18.352 [restartedMain] INFO  o.s.b.factory.support.DefaultListableBeanFactory - Overriding bean definition for bean 'entityRelationDao' with a different definition: replacing [Generic bean: class [org.mybatis.spring.mapper.MapperFactoryBean]; scope=singleton; abstract=false; lazyInit=false; autowireMode=2; dependencyCheck=0; autowireCandidate=true; primary=false; factoryBeanName=null; factoryMethodName=null; initMethodName=null; destroyMethodName=null; defined in file [C:\Users\ylaxfcy\Desktop\base项目\tupu\target\classes\com\cn\szl\tupu\dao\EntityRelationDao.class]] with [Root bean: class [org.springframework.data.neo4j.repository.support.Neo4jRepositoryFactoryBean]; scope=; abstract=false; lazyInit=false; autowireMode=0; dependencyCheck=0; autowireCandidate=true; primary=false; factoryBeanName=null; factoryMethodName=null; initMethodName=null; destroyMethodName=null]
2019-01-02 10:49:18.367 [restartedMain] INFO  o.s.d.r.config.RepositoryConfigurationDelegate - Multiple Spring Data modules found, entering strict repository configuration mode!
2019-01-02 10:49:18.397 [restartedMain] INFO  o.s.d.r.c.RepositoryConfigurationExtensionSupport - Spring Data Redis - Could not safely identify store assignment for repository candidate interface com.cn.szl.tupu.dao.EntityNodeDao.
2019-01-02 10:49:18.397 [restartedMain] INFO  o.s.d.r.c.RepositoryConfigurationExtensionSupport - Spring Data Redis - Could not safely identify store assignment for repository candidate interface com.cn.szl.tupu.dao.EntityRelationDao.
2019-01-02 10:49:18.914 [restartedMain] INFO  o.s.c.s.PostProcessorRegistrationDelegate$BeanPostProcessorChecker - Bean 'org.springframework.transaction.annotation.ProxyTransactionManagementConfiguration' of type [org.springframework.transaction.annotation.ProxyTransactionManagementConfiguration$$EnhancerBySpringCGLIB$$ffb32772] is not eligible for getting processed by all BeanPostProcessors (for example: not eligible for auto-proxying)
2019-01-02 10:49:18.986 [restartedMain] INFO  o.s.c.s.PostProcessorRegistrationDelegate$BeanPostProcessorChecker - Bean 'org.springframework.boot.autoconfigure.data.neo4j.Neo4jDataAutoConfiguration' of type [org.springframework.boot.autoconfigure.data.neo4j.Neo4jDataAutoConfiguration$$EnhancerBySpringCGLIB$$d38d7a7e] is not eligible for getting processed by all BeanPostProcessors (for example: not eligible for auto-proxying)
2019-01-02 10:49:19.001 [restartedMain] INFO  o.s.c.s.PostProcessorRegistrationDelegate$BeanPostProcessorChecker - Bean 'org.springframework.boot.context.properties.ConversionServiceDeducer$Factory' of type [org.springframework.boot.context.properties.ConversionServiceDeducer$Factory] is not eligible for getting processed by all BeanPostProcessors (for example: not eligible for auto-proxying)
2019-01-02 10:49:19.011 [restartedMain] INFO  o.s.c.s.PostProcessorRegistrationDelegate$BeanPostProcessorChecker - Bean 'spring.data.neo4j-org.springframework.boot.autoconfigure.data.neo4j.Neo4jProperties' of type [org.springframework.boot.autoconfigure.data.neo4j.Neo4jProperties] is not eligible for getting processed by all BeanPostProcessors (for example: not eligible for auto-proxying)
2019-01-02 10:49:19.022 [restartedMain] INFO  o.s.c.s.PostProcessorRegistrationDelegate$BeanPostProcessorChecker - Bean 'configuration' of type [org.neo4j.ogm.config.Configuration] is not eligible for getting processed by all BeanPostProcessors (for example: not eligible for auto-proxying)
2019-01-02 10:49:19.269 [restartedMain] INFO  org.neo4j.ogm.metadata.DomainInfo - Starting Post-processing phase
2019-01-02 10:49:19.270 [restartedMain] INFO  org.neo4j.ogm.metadata.DomainInfo - Building annotation class map
2019-01-02 10:49:19.270 [restartedMain] INFO  org.neo4j.ogm.metadata.DomainInfo - Building interface class map for 44 classes
2019-01-02 10:49:19.275 [restartedMain] INFO  org.neo4j.ogm.metadata.DomainInfo - Post-processing complete
2019-01-02 10:49:19.305 [restartedMain] INFO  o.s.c.s.PostProcessorRegistrationDelegate$BeanPostProcessorChecker - Bean 'sessionFactory' of type [org.neo4j.ogm.session.SessionFactory] is not eligible for getting processed by all BeanPostProcessors (for example: not eligible for auto-proxying)
2019-01-02 10:49:19.896 [restartedMain] INFO  o.s.boot.web.embedded.tomcat.TomcatWebServer - Tomcat initialized with port(s): 8080 (http)
2019-01-02 10:49:19.989 [restartedMain] INFO  org.apache.coyote.http11.Http11NioProtocol - Initializing ProtocolHandler ["http-nio-8080"]
2019-01-02 10:49:20.002 [restartedMain] INFO  org.apache.catalina.core.StandardService - Starting service [Tomcat]
2019-01-02 10:49:20.002 [restartedMain] INFO  org.apache.catalina.core.StandardEngine - Starting Servlet Engine: Apache Tomcat/8.5.31
2019-01-02 10:49:20.006 [localhost-startStop-1] INFO  org.apache.catalina.core.AprLifecycleListener - The APR based Apache Tomcat Native library which allows optimal performance in production environments was not found on the java.library.path: [C:\Program Files\Java\jdk1.8.0_121\bin;C:\WINDOWS\Sun\Java\bin;C:\WINDOWS\system32;C:\WINDOWS;E:\app\ylaxfcy\product\11.2.0\dbhome_1\bin;C:\ProgramData\Oracle\Java\javapath;C:\Windows\system32;C:\Windows;C:\Windows\System32\Wbem;C:\Windows\System32\WindowsPowerShell\v1.0\;C:\Program Files (x86)\NVIDIA Corporation\PhysX\Common;C:\Program Files (x86)\Windows Kits\8.1\Windows Performance Toolkit\;C:\Program Files\Microsoft SQL Server\110\Tools\Binn\;C:\Program Files (x86)\Microsoft SDKs\TypeScript\1.0\;C:\Program Files\Microsoft SQL Server\120\Tools\Binn\;C:\Program Files (x86)\IDM Computer Solutions\UltraEdit;C:\CTEX\UserData\miktex\bin;C:\CTEX\MiKTeX\miktex\bin;C:\CTEX\CTeX\ctex\bin;C:\CTEX\CTeX\cct\bin;C:\CTEX\CTeX\ty\bin;C:\CTEX\Ghostscript\gs9.05\bin;C:\CTEX\GSview\gsview;C:\CTEX\WinEdt;C:\Python27;C:\Program Files\CMake\bin;.;C:\Program Files\Java\jdk1.8.0_121\bin;C:\WINDOWS\system32;C:\WINDOWS;C:\WINDOWS\System32\Wbem;C:\WINDOWS\System32\WindowsPowerShell\v1.0\;C:\Program Files\phantomjs-2.1.1-windows\bin;C:\Program Files\PuTTY\;C:\Program Files\Maven\apache-maven-3.5.0\bin;C:\WINDOWS\System32\OpenSSH\;C:\Program Files\Git\cmd;C:\Program Files\nodejs\;C:\mysql-5.7.24-winx64\bin;C:\Program Files\Redis\;C:\Users\ylaxfcy\AppData\Local\Microsoft\WindowsApps;;c:\python27;c:\python27\Scripts;C:\Program Files (x86)\Microsoft VS Code\bin;C:\Users\ylaxfcy\AppData\Roaming\npm;.]
2019-01-02 10:49:20.188 [localhost-startStop-1] INFO  o.a.c.core.ContainerBase.[Tomcat].[localhost].[/] - Initializing Spring embedded WebApplicationContext
2019-01-02 10:49:20.190 [localhost-startStop-1] INFO  org.springframework.web.context.ContextLoader - Root WebApplicationContext: initialization completed in 3415 ms
2019-01-02 10:49:20.355 [localhost-startStop-1] INFO  o.s.boot.web.servlet.ServletRegistrationBean - Servlet dispatcherServlet mapped to [/]
2019-01-02 10:49:20.361 [localhost-startStop-1] INFO  o.s.boot.web.servlet.FilterRegistrationBean - Mapping filter: 'characterEncodingFilter' to: [/*]
2019-01-02 10:49:20.361 [localhost-startStop-1] INFO  o.s.boot.web.servlet.FilterRegistrationBean - Mapping filter: 'hiddenHttpMethodFilter' to: [/*]
2019-01-02 10:49:20.362 [localhost-startStop-1] INFO  o.s.boot.web.servlet.FilterRegistrationBean - Mapping filter: 'httpPutFormContentFilter' to: [/*]
2019-01-02 10:49:20.363 [localhost-startStop-1] INFO  o.s.boot.web.servlet.FilterRegistrationBean - Mapping filter: 'requestContextFilter' to: [/*]
2019-01-02 10:49:20.586 [restartedMain] INFO  o.s.orm.jpa.LocalContainerEntityManagerFactoryBean - Building JPA container EntityManagerFactory for persistence unit 'default'
2019-01-02 10:49:20.601 [restartedMain] INFO  org.hibernate.jpa.internal.util.LogHelper - HHH000204: Processing PersistenceUnitInfo [
	name: default
	...]
2019-01-02 10:49:20.697 [restartedMain] INFO  org.hibernate.Version - HHH000412: Hibernate Core {5.2.17.Final}
2019-01-02 10:49:20.699 [restartedMain] INFO  org.hibernate.cfg.Environment - HHH000206: hibernate.properties not found
2019-01-02 10:49:20.758 [restartedMain] INFO  org.hibernate.annotations.common.Version - HCANN000001: Hibernate Commons Annotations {5.0.1.Final}
2019-01-02 10:49:22.170 [restartedMain] INFO  com.zaxxer.hikari.HikariDataSource - HikariPool-1 - Starting...
2019-01-02 10:49:22.345 [restartedMain] INFO  com.zaxxer.hikari.HikariDataSource - HikariPool-1 - Start completed.
2019-01-02 10:49:22.357 [restartedMain] INFO  org.hibernate.dialect.Dialect - HHH000400: Using dialect: org.hibernate.dialect.MySQL5Dialect
2019-01-02 10:49:22.925 [restartedMain] INFO  o.s.orm.jpa.LocalContainerEntityManagerFactoryBean - Initialized JPA EntityManagerFactory for persistence unit 'default'
2019-01-02 10:49:23.432 [restartedMain] INFO  o.s.data.neo4j.mapping.Neo4jMappingContext - No class information found in OGM meta-data for class org.springframework.data.redis.core.RedisTemplate so treating as simple type for SD Commons
2019-01-02 10:49:23.439 [restartedMain] WARN  o.s.data.neo4j.mapping.Neo4jPersistentProperty - No identity field found for class of type: com.cn.szl.tupu.service.util.RedisUtil when creating persistent property for : private org.springframework.data.redis.core.RedisTemplate com.cn.szl.tupu.service.util.RedisUtil.redisTemplate
2019-01-02 10:49:23.450 [restartedMain] WARN  o.s.data.neo4j.mapping.Neo4jPersistentProperty - No identity field found for class of type: com.cn.szl.tupu.controller.LoginController when creating persistent property for : private com.cn.szl.tupu.servive.IUserService com.cn.szl.tupu.controller.LoginController.iUserService
2019-01-02 10:49:23.453 [restartedMain] WARN  o.s.data.neo4j.mapping.Neo4jPersistentProperty - No identity field found for class of type: com.cn.szl.tupu.configurer.WebAppConfigurer when creating persistent property for : private com.cn.szl.tupu.interceptor.LoginInterceptor com.cn.szl.tupu.configurer.WebAppConfigurer.loginInterceptor
2019-01-02 10:49:23.456 [restartedMain] WARN  o.s.data.neo4j.mapping.Neo4jPersistentProperty - No identity field found for class of type: com.cn.szl.tupu.entity.EntityNode when creating persistent property for : private java.lang.Long com.cn.szl.tupu.entity.EntityNode.nodeId
2019-01-02 10:49:23.457 [restartedMain] WARN  o.s.data.neo4j.mapping.Neo4jPersistentProperty - No identity field found for class of type: com.cn.szl.tupu.entity.EntityNode when creating persistent property for : private java.lang.String com.cn.szl.tupu.entity.EntityNode.name
2019-01-02 10:49:23.458 [restartedMain] WARN  o.s.data.neo4j.mapping.Neo4jPersistentProperty - No identity field found for class of type: com.cn.szl.tupu.servive.EntityNodeService when creating persistent property for : private com.cn.szl.tupu.dao.EntityNodeDao com.cn.szl.tupu.servive.EntityNodeService.entityNodeDao
2019-01-02 10:49:23.460 [restartedMain] WARN  o.s.data.neo4j.mapping.Neo4jPersistentProperty - No identity field found for class of type: com.cn.szl.tupu.controller.DashboardController when creating persistent property for : private com.cn.szl.tupu.servive.IKnowledgeService com.cn.szl.tupu.controller.DashboardController.service
2019-01-02 10:49:23.463 [restartedMain] WARN  o.s.data.neo4j.mapping.Neo4jPersistentProperty - No identity field found for class of type: com.cn.szl.tupu.servive.impl.UserServiceImpl when creating persistent property for : private com.cn.szl.tupu.dao.UserDao com.cn.szl.tupu.servive.impl.UserServiceImpl.userDao
2019-01-02 10:49:23.463 [restartedMain] WARN  o.s.data.neo4j.mapping.Neo4jPersistentProperty - No identity field found for class of type: com.cn.szl.tupu.servive.impl.UserServiceImpl when creating persistent property for : private com.cn.szl.tupu.service.util.RedisUtil com.cn.szl.tupu.servive.impl.UserServiceImpl.redisUtil
2019-01-02 10:49:23.466 [restartedMain] WARN  o.s.data.neo4j.mapping.Neo4jPersistentProperty - No identity field found for class of type: com.cn.szl.tupu.servive.impl.PatentServiceImpl when creating persistent property for : com.cn.szl.tupu.dao.PatentDao com.cn.szl.tupu.servive.impl.PatentServiceImpl.patentDao
2019-01-02 10:49:23.470 [restartedMain] WARN  o.s.data.neo4j.mapping.Neo4jPersistentProperty - No identity field found for class of type: com.cn.szl.tupu.entity.User when creating persistent property for : private java.lang.String com.cn.szl.tupu.entity.User.userName
2019-01-02 10:49:23.470 [restartedMain] WARN  o.s.data.neo4j.mapping.Neo4jPersistentProperty - No identity field found for class of type: com.cn.szl.tupu.entity.User when creating persistent property for : private java.lang.String com.cn.szl.tupu.entity.User.password
2019-01-02 10:49:23.471 [restartedMain] WARN  o.s.data.neo4j.mapping.Neo4jPersistentProperty - No identity field found for class of type: com.cn.szl.tupu.entity.User when creating persistent property for : private java.lang.String com.cn.szl.tupu.entity.User.telephone
2019-01-02 10:49:23.472 [restartedMain] WARN  o.s.data.neo4j.mapping.Neo4jPersistentProperty - No identity field found for class of type: com.cn.szl.tupu.entity.User when creating persistent property for : private java.lang.String com.cn.szl.tupu.entity.User.email
2019-01-02 10:49:23.472 [restartedMain] WARN  o.s.data.neo4j.mapping.Neo4jPersistentProperty - No identity field found for class of type: com.cn.szl.tupu.entity.User when creating persistent property for : private java.lang.String com.cn.szl.tupu.entity.User.role
2019-01-02 10:49:23.480 [restartedMain] WARN  o.s.data.neo4j.mapping.Neo4jPersistentProperty - No identity field found for class of type: com.cn.szl.tupu.service.util.block when creating persistent property for : private boolean com.cn.szl.tupu.service.util.block.flag
2019-01-02 10:49:23.480 [restartedMain] WARN  o.s.data.neo4j.mapping.Neo4jPersistentProperty - No identity field found for class of type: com.cn.szl.tupu.service.util.block when creating persistent property for : private final int java.util.concurrent.LinkedBlockingQueue.capacity
2019-01-02 10:49:23.480 [restartedMain] INFO  o.s.data.neo4j.mapping.Neo4jMappingContext - No class information found in OGM meta-data for class java.util.concurrent.atomic.AtomicInteger so treating as simple type for SD Commons
2019-01-02 10:49:23.481 [restartedMain] WARN  o.s.data.neo4j.mapping.Neo4jPersistentProperty - No identity field found for class of type: com.cn.szl.tupu.service.util.block when creating persistent property for : private final java.util.concurrent.atomic.AtomicInteger java.util.concurrent.LinkedBlockingQueue.count
2019-01-02 10:49:23.482 [restartedMain] INFO  o.s.data.neo4j.mapping.Neo4jMappingContext - No class information found in OGM meta-data for class java.util.concurrent.LinkedBlockingQueue$Node so treating as simple type for SD Commons
2019-01-02 10:49:23.483 [restartedMain] WARN  o.s.data.neo4j.mapping.Neo4jPersistentProperty - No identity field found for class of type: com.cn.szl.tupu.service.util.block when creating persistent property for : transient java.util.concurrent.LinkedBlockingQueue$Node java.util.concurrent.LinkedBlockingQueue.head
2019-01-02 10:49:23.484 [restartedMain] WARN  o.s.data.neo4j.mapping.Neo4jPersistentProperty - No identity field found for class of type: com.cn.szl.tupu.service.util.block when creating persistent property for : private transient java.util.concurrent.LinkedBlockingQueue$Node java.util.concurrent.LinkedBlockingQueue.last
2019-01-02 10:49:23.484 [restartedMain] INFO  o.s.data.neo4j.mapping.Neo4jMappingContext - No class information found in OGM meta-data for class java.util.concurrent.locks.ReentrantLock so treating as simple type for SD Commons
2019-01-02 10:49:23.484 [restartedMain] WARN  o.s.data.neo4j.mapping.Neo4jPersistentProperty - No identity field found for class of type: com.cn.szl.tupu.service.util.block when creating persistent property for : private final java.util.concurrent.locks.ReentrantLock java.util.concurrent.LinkedBlockingQueue.takeLock
2019-01-02 10:49:23.484 [restartedMain] WARN  o.s.data.neo4j.mapping.Neo4jPersistentProperty - No identity field found for class of type: com.cn.szl.tupu.service.util.block when creating persistent property for : private final java.util.concurrent.locks.Condition java.util.concurrent.LinkedBlockingQueue.notEmpty
2019-01-02 10:49:23.486 [restartedMain] WARN  o.s.data.neo4j.mapping.Neo4jPersistentProperty - No identity field found for class of type: com.cn.szl.tupu.service.util.block when creating persistent property for : private final java.util.concurrent.locks.ReentrantLock java.util.concurrent.LinkedBlockingQueue.putLock
2019-01-02 10:49:23.486 [restartedMain] WARN  o.s.data.neo4j.mapping.Neo4jPersistentProperty - No identity field found for class of type: com.cn.szl.tupu.service.util.block when creating persistent property for : private final java.util.concurrent.locks.Condition java.util.concurrent.LinkedBlockingQueue.notFull
2019-01-02 10:49:23.487 [restartedMain] WARN  o.s.data.neo4j.mapping.Neo4jPersistentProperty - No identity field found for class of type: com.cn.szl.tupu.controller.GraphController when creating persistent property for : private com.cn.szl.tupu.servive.EntityNodeService com.cn.szl.tupu.controller.GraphController.entityNodeService
2019-01-02 10:49:23.503 [restartedMain] WARN  o.s.data.neo4j.mapping.Neo4jPersistentProperty - No identity field found for class of type: com.cn.szl.tupu.servive.RedisService when creating persistent property for : private org.springframework.data.redis.core.RedisTemplate com.cn.szl.tupu.servive.RedisService.redisTemplate
2019-01-02 10:49:23.505 [restartedMain] WARN  o.s.data.neo4j.mapping.Neo4jPersistentProperty - No identity field found for class of type: com.cn.szl.tupu.entity.Patent when creating persistent property for : private int com.cn.szl.tupu.entity.Patent.id
2019-01-02 10:49:23.506 [restartedMain] WARN  o.s.data.neo4j.mapping.Neo4jPersistentProperty - No identity field found for class of type: com.cn.szl.tupu.entity.Patent when creating persistent property for : private java.lang.String com.cn.szl.tupu.entity.Patent.title
2019-01-02 10:49:23.506 [restartedMain] WARN  o.s.data.neo4j.mapping.Neo4jPersistentProperty - No identity field found for class of type: com.cn.szl.tupu.entity.Patent when creating persistent property for : private java.lang.String com.cn.szl.tupu.entity.Patent.author
2019-01-02 10:49:23.506 [restartedMain] WARN  o.s.data.neo4j.mapping.Neo4jPersistentProperty - No identity field found for class of type: com.cn.szl.tupu.entity.Patent when creating persistent property for : private java.lang.String com.cn.szl.tupu.entity.Patent.date
2019-01-02 10:49:23.506 [restartedMain] WARN  o.s.data.neo4j.mapping.Neo4jPersistentProperty - No identity field found for class of type: com.cn.szl.tupu.entity.Patent when creating persistent property for : private java.lang.String com.cn.szl.tupu.entity.Patent.appNum
2019-01-02 10:49:23.507 [restartedMain] WARN  o.s.data.neo4j.mapping.Neo4jPersistentProperty - No identity field found for class of type: com.cn.szl.tupu.entity.Patent when creating persistent property for : private java.lang.String com.cn.szl.tupu.entity.Patent.summary
2019-01-02 10:49:23.507 [restartedMain] WARN  o.s.data.neo4j.mapping.Neo4jPersistentProperty - No identity field found for class of type: com.cn.szl.tupu.entity.Patent when creating persistent property for : private java.lang.String com.cn.szl.tupu.entity.Patent.school
2019-01-02 10:49:23.507 [restartedMain] WARN  o.s.data.neo4j.mapping.Neo4jPersistentProperty - No identity field found for class of type: com.cn.szl.tupu.entity.Patent when creating persistent property for : private java.lang.String com.cn.szl.tupu.entity.Patent.url
2019-01-02 10:49:23.508 [restartedMain] WARN  o.s.data.neo4j.mapping.Neo4jPersistentProperty - No identity field found for class of type: com.cn.szl.tupu.entity.Patent when creating persistent property for : private java.lang.String com.cn.szl.tupu.entity.Patent.label1
2019-01-02 10:49:23.508 [restartedMain] WARN  o.s.data.neo4j.mapping.Neo4jPersistentProperty - No identity field found for class of type: com.cn.szl.tupu.entity.Patent when creating persistent property for : private java.lang.String com.cn.szl.tupu.entity.Patent.label2
2019-01-02 10:49:23.508 [restartedMain] WARN  o.s.data.neo4j.mapping.Neo4jPersistentProperty - No identity field found for class of type: com.cn.szl.tupu.entity.Patent when creating persistent property for : private java.lang.String com.cn.szl.tupu.entity.Patent.label3
2019-01-02 10:49:23.508 [restartedMain] WARN  o.s.data.neo4j.mapping.Neo4jPersistentProperty - No identity field found for class of type: com.cn.szl.tupu.entity.Patent when creating persistent property for : private java.lang.String com.cn.szl.tupu.entity.Patent.relevance
2019-01-02 10:49:23.512 [restartedMain] WARN  o.s.data.neo4j.mapping.Neo4jPersistentProperty - No identity field found for class of type: com.cn.szl.tupu.controller.RedisController when creating persistent property for : com.cn.szl.tupu.service.util.RedisUtil com.cn.szl.tupu.controller.RedisController.redisUtil
2019-01-02 10:49:23.520 [restartedMain] WARN  o.s.data.neo4j.mapping.Neo4jPersistentProperty - No identity field found for class of type: java.util.concurrent.LinkedBlockingQueue when creating persistent property for : private final int java.util.concurrent.LinkedBlockingQueue.capacity
2019-01-02 10:49:23.520 [restartedMain] WARN  o.s.data.neo4j.mapping.Neo4jPersistentProperty - No identity field found for class of type: java.util.concurrent.LinkedBlockingQueue when creating persistent property for : private final java.util.concurrent.atomic.AtomicInteger java.util.concurrent.LinkedBlockingQueue.count
2019-01-02 10:49:23.520 [restartedMain] WARN  o.s.data.neo4j.mapping.Neo4jPersistentProperty - No identity field found for class of type: java.util.concurrent.LinkedBlockingQueue when creating persistent property for : transient java.util.concurrent.LinkedBlockingQueue$Node java.util.concurrent.LinkedBlockingQueue.head
2019-01-02 10:49:23.520 [restartedMain] WARN  o.s.data.neo4j.mapping.Neo4jPersistentProperty - No identity field found for class of type: java.util.concurrent.LinkedBlockingQueue when creating persistent property for : private transient java.util.concurrent.LinkedBlockingQueue$Node java.util.concurrent.LinkedBlockingQueue.last
2019-01-02 10:49:23.521 [restartedMain] WARN  o.s.data.neo4j.mapping.Neo4jPersistentProperty - No identity field found for class of type: java.util.concurrent.LinkedBlockingQueue when creating persistent property for : private final java.util.concurrent.locks.ReentrantLock java.util.concurrent.LinkedBlockingQueue.takeLock
2019-01-02 10:49:23.521 [restartedMain] WARN  o.s.data.neo4j.mapping.Neo4jPersistentProperty - No identity field found for class of type: java.util.concurrent.LinkedBlockingQueue when creating persistent property for : private final java.util.concurrent.locks.Condition java.util.concurrent.LinkedBlockingQueue.notEmpty
2019-01-02 10:49:23.521 [restartedMain] WARN  o.s.data.neo4j.mapping.Neo4jPersistentProperty - No identity field found for class of type: java.util.concurrent.LinkedBlockingQueue when creating persistent property for : private final java.util.concurrent.locks.ReentrantLock java.util.concurrent.LinkedBlockingQueue.putLock
2019-01-02 10:49:23.521 [restartedMain] WARN  o.s.data.neo4j.mapping.Neo4jPersistentProperty - No identity field found for class of type: java.util.concurrent.LinkedBlockingQueue when creating persistent property for : private final java.util.concurrent.locks.Condition java.util.concurrent.LinkedBlockingQueue.notFull
2019-01-02 10:49:23.522 [restartedMain] WARN  o.s.data.neo4j.mapping.Neo4jPersistentProperty - No identity field found for class of type: com.cn.szl.tupu.servive.impl.KnowledgeServiceImpl when creating persistent property for : private com.cn.szl.tupu.dao.KnowledgeDao com.cn.szl.tupu.servive.impl.KnowledgeServiceImpl.dao
2019-01-02 10:49:23.526 [restartedMain] WARN  o.s.data.neo4j.mapping.Neo4jPersistentProperty - No identity field found for class of type: com.cn.szl.tupu.entity.Result when creating persistent property for : private java.lang.Integer com.cn.szl.tupu.entity.Result.code
2019-01-02 10:49:23.527 [restartedMain] WARN  o.s.data.neo4j.mapping.Neo4jPersistentProperty - No identity field found for class of type: com.cn.szl.tupu.entity.Result when creating persistent property for : private java.lang.String com.cn.szl.tupu.entity.Result.msg
2019-01-02 10:49:23.528 [restartedMain] WARN  o.s.data.neo4j.mapping.Neo4jPersistentProperty - No identity field found for class of type: com.cn.szl.tupu.entity.Result when creating persistent property for : private java.lang.Object com.cn.szl.tupu.entity.Result.data
2019-01-02 10:49:23.532 [restartedMain] WARN  o.s.data.neo4j.mapping.Neo4jPersistentProperty - No identity field found for class of type: com.cn.szl.tupu.controller.MainController when creating persistent property for : private com.cn.szl.tupu.servive.IPaperService com.cn.szl.tupu.controller.MainController.iPaperService
2019-01-02 10:49:23.536 [restartedMain] WARN  o.s.data.neo4j.mapping.Neo4jPersistentProperty - No identity field found for class of type: com.cn.szl.tupu.controller.PaperController when creating persistent property for : private com.cn.szl.tupu.servive.IPaperService com.cn.szl.tupu.controller.PaperController.iPaperService
2019-01-02 10:49:23.537 [restartedMain] WARN  o.s.data.neo4j.mapping.Neo4jPersistentProperty - No identity field found for class of type: com.cn.szl.tupu.controller.NetworkController when creating persistent property for : com.cn.szl.tupu.servive.IKnowledgeService com.cn.szl.tupu.controller.NetworkController.iKnowledgeService
2019-01-02 10:49:23.540 [restartedMain] WARN  o.s.data.neo4j.mapping.Neo4jPersistentProperty - No identity field found for class of type: com.cn.szl.tupu.servive.impl.PaperServiceImpl when creating persistent property for : private com.cn.szl.tupu.dao.PaperDao com.cn.szl.tupu.servive.impl.PaperServiceImpl.paperDao
2019-01-02 10:49:23.543 [restartedMain] WARN  o.s.data.neo4j.mapping.Neo4jPersistentProperty - No identity field found for class of type: com.cn.szl.tupu.entity.Paper when creating persistent property for : private int com.cn.szl.tupu.entity.Paper.id
2019-01-02 10:49:23.543 [restartedMain] WARN  o.s.data.neo4j.mapping.Neo4jPersistentProperty - No identity field found for class of type: com.cn.szl.tupu.entity.Paper when creating persistent property for : private java.lang.String com.cn.szl.tupu.entity.Paper.title
2019-01-02 10:49:23.543 [restartedMain] WARN  o.s.data.neo4j.mapping.Neo4jPersistentProperty - No identity field found for class of type: com.cn.szl.tupu.entity.Paper when creating persistent property for : private java.lang.String com.cn.szl.tupu.entity.Paper.author
2019-01-02 10:49:23.543 [restartedMain] WARN  o.s.data.neo4j.mapping.Neo4jPersistentProperty - No identity field found for class of type: com.cn.szl.tupu.entity.Paper when creating persistent property for : private java.lang.String com.cn.szl.tupu.entity.Paper.date
2019-01-02 10:49:23.544 [restartedMain] WARN  o.s.data.neo4j.mapping.Neo4jPersistentProperty - No identity field found for class of type: com.cn.szl.tupu.entity.Paper when creating persistent property for : private java.lang.String com.cn.szl.tupu.entity.Paper.keywords
2019-01-02 10:49:23.544 [restartedMain] WARN  o.s.data.neo4j.mapping.Neo4jPersistentProperty - No identity field found for class of type: com.cn.szl.tupu.entity.Paper when creating persistent property for : private java.lang.String com.cn.szl.tupu.entity.Paper.summary
2019-01-02 10:49:23.544 [restartedMain] WARN  o.s.data.neo4j.mapping.Neo4jPersistentProperty - No identity field found for class of type: com.cn.szl.tupu.entity.Paper when creating persistent property for : private java.lang.String com.cn.szl.tupu.entity.Paper.school
2019-01-02 10:49:23.544 [restartedMain] WARN  o.s.data.neo4j.mapping.Neo4jPersistentProperty - No identity field found for class of type: com.cn.szl.tupu.entity.Paper when creating persistent property for : private java.lang.String com.cn.szl.tupu.entity.Paper.degree
2019-01-02 10:49:23.544 [restartedMain] WARN  o.s.data.neo4j.mapping.Neo4jPersistentProperty - No identity field found for class of type: com.cn.szl.tupu.entity.Paper when creating persistent property for : private java.lang.String com.cn.szl.tupu.entity.Paper.major
2019-01-02 10:49:23.545 [restartedMain] WARN  o.s.data.neo4j.mapping.Neo4jPersistentProperty - No identity field found for class of type: com.cn.szl.tupu.entity.Paper when creating persistent property for : private java.lang.String com.cn.szl.tupu.entity.Paper.tutor
2019-01-02 10:49:23.545 [restartedMain] WARN  o.s.data.neo4j.mapping.Neo4jPersistentProperty - No identity field found for class of type: com.cn.szl.tupu.entity.Paper when creating persistent property for : private java.lang.String com.cn.szl.tupu.entity.Paper.url
2019-01-02 10:49:23.545 [restartedMain] WARN  o.s.data.neo4j.mapping.Neo4jPersistentProperty - No identity field found for class of type: com.cn.szl.tupu.entity.Paper when creating persistent property for : private java.lang.String com.cn.szl.tupu.entity.Paper.web
2019-01-02 10:49:23.545 [restartedMain] WARN  o.s.data.neo4j.mapping.Neo4jPersistentProperty - No identity field found for class of type: com.cn.szl.tupu.entity.Paper when creating persistent property for : private java.lang.String com.cn.szl.tupu.entity.Paper.label
2019-01-02 10:49:23.548 [restartedMain] WARN  o.s.data.neo4j.mapping.Neo4jPersistentProperty - No identity field found for class of type: com.cn.szl.tupu.service.util.blockHandler when creating persistent property for : private java.lang.Object com.cn.szl.tupu.service.util.blockHandler.obj
2019-01-02 10:49:23.550 [restartedMain] WARN  o.s.data.neo4j.mapping.Neo4jPersistentProperty - No identity field found for class of type: com.cn.szl.tupu.controller.RegisterController when creating persistent property for : private com.cn.szl.tupu.servive.IUserService com.cn.szl.tupu.controller.RegisterController.iUserService
2019-01-02 10:49:23.550 [restartedMain] WARN  o.s.data.neo4j.mapping.Neo4jPersistentProperty - No identity field found for class of type: com.cn.szl.tupu.controller.RegisterController when creating persistent property for : private com.cn.szl.tupu.service.util.RedisUtil com.cn.szl.tupu.controller.RegisterController.redisUtil
2019-01-02 10:49:23.552 [restartedMain] WARN  o.s.data.neo4j.mapping.Neo4jPersistentProperty - No identity field found for class of type: com.cn.szl.tupu.entity.Knowledge when creating persistent property for : private java.lang.Integer com.cn.szl.tupu.entity.Knowledge.KnowledgeId
2019-01-02 10:49:23.553 [restartedMain] WARN  o.s.data.neo4j.mapping.Neo4jPersistentProperty - No identity field found for class of type: com.cn.szl.tupu.entity.Knowledge when creating persistent property for : private java.lang.String com.cn.szl.tupu.entity.Knowledge.KnowledgeTitle
2019-01-02 10:49:23.553 [restartedMain] WARN  o.s.data.neo4j.mapping.Neo4jPersistentProperty - No identity field found for class of type: com.cn.szl.tupu.entity.Knowledge when creating persistent property for : private java.lang.String com.cn.szl.tupu.entity.Knowledge.KnowledgeType
2019-01-02 10:49:23.553 [restartedMain] WARN  o.s.data.neo4j.mapping.Neo4jPersistentProperty - No identity field found for class of type: com.cn.szl.tupu.entity.Knowledge when creating persistent property for : private java.lang.String com.cn.szl.tupu.entity.Knowledge.KnowledgeData
2019-01-02 10:49:23.553 [restartedMain] WARN  o.s.data.neo4j.mapping.Neo4jPersistentProperty - No identity field found for class of type: com.cn.szl.tupu.entity.Knowledge when creating persistent property for : private java.lang.String com.cn.szl.tupu.entity.Knowledge.Summary
2019-01-02 10:49:23.553 [restartedMain] WARN  o.s.data.neo4j.mapping.Neo4jPersistentProperty - No identity field found for class of type: com.cn.szl.tupu.entity.Knowledge when creating persistent property for : private java.lang.String com.cn.szl.tupu.entity.Knowledge.Url
2019-01-02 10:49:23.554 [restartedMain] WARN  o.s.data.neo4j.mapping.Neo4jPersistentProperty - No identity field found for class of type: com.cn.szl.tupu.entity.Knowledge when creating persistent property for : private java.lang.String com.cn.szl.tupu.entity.Knowledge.KnowledgeLevel1
2019-01-02 10:49:23.554 [restartedMain] WARN  o.s.data.neo4j.mapping.Neo4jPersistentProperty - No identity field found for class of type: com.cn.szl.tupu.entity.Knowledge when creating persistent property for : private java.lang.String com.cn.szl.tupu.entity.Knowledge.KnowledgeLevel2
2019-01-02 10:49:23.554 [restartedMain] WARN  o.s.data.neo4j.mapping.Neo4jPersistentProperty - No identity field found for class of type: com.cn.szl.tupu.entity.Knowledge when creating persistent property for : private java.lang.String com.cn.szl.tupu.entity.Knowledge.KnowledgeLevel3
2019-01-02 10:49:23.554 [restartedMain] INFO  o.s.data.neo4j.mapping.Neo4jMappingContext - No class information found in OGM meta-data for class java.util.ArrayList so treating as simple type for SD Commons
2019-01-02 10:49:23.556 [restartedMain] WARN  o.s.data.neo4j.mapping.Neo4jPersistentProperty - No identity field found for class of type: com.cn.szl.tupu.entity.Knowledge when creating persistent property for : private java.util.ArrayList com.cn.szl.tupu.entity.Knowledge.relevance
2019-01-02 10:49:23.560 [restartedMain] INFO  o.s.data.neo4j.mapping.Neo4jMappingContext - Neo4jMappingContext initialisation completed
2019-01-02 10:49:24.123 [restartedMain] INFO  o.s.web.servlet.handler.SimpleUrlHandlerMapping - Mapped URL path [/**/favicon.ico] onto handler of type [class org.springframework.web.servlet.resource.ResourceHttpRequestHandler]
2019-01-02 10:49:24.406 [restartedMain] INFO  o.s.w.s.m.m.a.RequestMappingHandlerAdapter - Looking for @ControllerAdvice: org.springframework.boot.web.servlet.context.AnnotationConfigServletWebServerApplicationContext@59066ba9: startup date [Wed Jan 02 10:49:16 CST 2019]; root of context hierarchy
2019-01-02 10:49:24.453 [restartedMain] WARN  o.s.b.a.o.j.JpaBaseConfiguration$JpaWebConfiguration$JpaWebMvcConfiguration - spring.jpa.open-in-view is enabled by default. Therefore, database queries may be performed during view rendering. Explicitly configure spring.jpa.open-in-view to disable this warning
2019-01-02 10:49:24.465 [restartedMain] WARN  o.s.b.a.d.n.Neo4jDataAutoConfiguration$Neo4jWebConfiguration$Neo4jWebMvcConfiguration - spring.data.neo4j.open-in-view is enabled by default.Therefore, database queries may be performed during view rendering. Explicitly configure spring.data.neo4j.open-in-view to disable this warning
2019-01-02 10:49:24.497 [restartedMain] INFO  o.s.w.s.m.m.a.RequestMappingHandlerMapping - Mapped "{[/dashboard/all]}" onto public com.cn.szl.tupu.entity.Result com.cn.szl.tupu.controller.DashboardController.all()
2019-01-02 10:49:24.500 [restartedMain] INFO  o.s.w.s.m.m.a.RequestMappingHandlerMapping - Mapped "{[/dashboard/add]}" onto public com.cn.szl.tupu.entity.Result com.cn.szl.tupu.controller.DashboardController.add(com.cn.szl.tupu.entity.Knowledge,org.springframework.validation.BindingResult)
2019-01-02 10:49:24.500 [restartedMain] INFO  o.s.w.s.m.m.a.RequestMappingHandlerMapping - Mapped "{[/dashboard/getById]}" onto public com.cn.szl.tupu.entity.Result com.cn.szl.tupu.controller.DashboardController.getById(int)
2019-01-02 10:49:24.501 [restartedMain] INFO  o.s.w.s.m.m.a.RequestMappingHandlerMapping - Mapped "{[/entity/add],methods=[GET]}" onto public int com.cn.szl.tupu.controller.GraphController.add()
2019-01-02 10:49:24.501 [restartedMain] INFO  o.s.w.s.m.m.a.RequestMappingHandlerMapping - Mapped "{[/entity/get],methods=[GET]}" onto public com.cn.szl.tupu.entity.EntityNode com.cn.szl.tupu.controller.GraphController.get(java.lang.String)
2019-01-02 10:49:24.501 [restartedMain] INFO  o.s.w.s.m.m.a.RequestMappingHandlerMapping - Mapped "{[/entity/getAll],methods=[GET]}" onto public java.lang.Iterable<com.cn.szl.tupu.entity.EntityNode> com.cn.szl.tupu.controller.GraphController.getAll()
2019-01-02 10:49:24.502 [restartedMain] INFO  o.s.w.s.m.m.a.RequestMappingHandlerMapping - Mapped "{[/entity/all],methods=[GET]}" onto public java.lang.Iterable<com.cn.szl.tupu.entity.EntityNode> com.cn.szl.tupu.controller.GraphController.findAll()
2019-01-02 10:49:24.502 [restartedMain] INFO  o.s.w.s.m.m.a.RequestMappingHandlerMapping - Mapped "{[/]}" onto public java.lang.String com.cn.szl.tupu.controller.IndexController.index(org.springframework.ui.Model)
2019-01-02 10:49:24.503 [restartedMain] INFO  o.s.w.s.m.m.a.RequestMappingHandlerMapping - Mapped "{[/login],methods=[POST]}" onto public java.lang.String com.cn.szl.tupu.controller.LoginController.login(java.lang.String,java.lang.String,org.springframework.ui.Model,javax.servlet.http.HttpServletRequest)
2019-01-02 10:49:24.503 [restartedMain] INFO  o.s.w.s.m.m.a.RequestMappingHandlerMapping - Mapped "{[/loginOut]}" onto public java.lang.String com.cn.szl.tupu.controller.LoginController.loginOut(javax.servlet.http.HttpServletRequest)
2019-01-02 10:49:24.503 [restartedMain] INFO  o.s.w.s.m.m.a.RequestMappingHandlerMapping - Mapped "{[/main]}" onto public java.lang.String com.cn.szl.tupu.controller.MainController.main()
2019-01-02 10:49:24.504 [restartedMain] INFO  o.s.w.s.m.m.a.RequestMappingHandlerMapping - Mapped "{[/main/post]}" onto public java.lang.String com.cn.szl.tupu.controller.MainController.post()
2019-01-02 10:49:24.504 [restartedMain] INFO  o.s.w.s.m.m.a.RequestMappingHandlerMapping - Mapped "{[/main/addTask]}" onto public java.lang.String com.cn.szl.tupu.controller.MainController.addTask()
2019-01-02 10:49:24.504 [restartedMain] INFO  o.s.w.s.m.m.a.RequestMappingHandlerMapping - Mapped "{[/main/addNew]}" onto public java.lang.String com.cn.szl.tupu.controller.MainController.addNew()
2019-01-02 10:49:24.504 [restartedMain] INFO  o.s.w.s.m.m.a.RequestMappingHandlerMapping - Mapped "{[/network/list]}" onto public com.cn.szl.tupu.entity.Result com.cn.szl.tupu.controller.NetworkController.list(java.lang.String,int,int)
2019-01-02 10:49:24.506 [restartedMain] INFO  o.s.w.s.m.m.a.RequestMappingHandlerMapping - Mapped "{[/paper/list]}" onto public com.cn.szl.tupu.entity.Result com.cn.szl.tupu.controller.PaperController.list(java.lang.String,int,int)
2019-01-02 10:49:24.506 [restartedMain] INFO  o.s.w.s.m.m.a.RequestMappingHandlerMapping - Mapped "{[/paper/search],methods=[GET]}" onto public org.springframework.web.servlet.ModelAndView com.cn.szl.tupu.controller.PaperController.search(java.lang.String,org.springframework.web.servlet.ModelAndView,java.lang.Integer,java.lang.Integer)
2019-01-02 10:49:24.506 [restartedMain] INFO  o.s.w.s.m.m.a.RequestMappingHandlerMapping - Mapped "{[/paper/ajaxSearch],methods=[GET]}" onto public org.springframework.ui.ModelMap com.cn.szl.tupu.controller.PaperController.ajaxSearch(java.lang.String,org.springframework.ui.ModelMap)
2019-01-02 10:49:24.507 [restartedMain] INFO  o.s.w.s.m.m.a.RequestMappingHandlerMapping - Mapped "{[/paper/network],methods=[GET]}" onto public org.springframework.web.servlet.ModelAndView com.cn.szl.tupu.controller.PaperController.network(org.springframework.web.servlet.ModelAndView)
2019-01-02 10:49:24.507 [restartedMain] INFO  o.s.w.s.m.m.a.RequestMappingHandlerMapping - Mapped "{[/paper/details],methods=[GET]}" onto public org.springframework.web.servlet.ModelAndView com.cn.szl.tupu.controller.PaperController.showDetails(int,org.springframework.web.servlet.ModelAndView)
2019-01-02 10:49:24.507 [restartedMain] INFO  o.s.w.s.m.m.a.RequestMappingHandlerMapping - Mapped "{[/redisTest/testRedisAdd]}" onto java.lang.Object com.cn.szl.tupu.controller.RedisController.testRedisAdd(java.lang.String,java.lang.String)
2019-01-02 10:49:24.508 [restartedMain] INFO  o.s.w.s.m.m.a.RequestMappingHandlerMapping - Mapped "{[/registered]}" onto public java.lang.String com.cn.szl.tupu.controller.RegisterController.registered()
2019-01-02 10:49:24.508 [restartedMain] INFO  o.s.w.s.m.m.a.RequestMappingHandlerMapping - Mapped "{[/registered/saveUser],methods=[POST]}" onto public java.lang.String com.cn.szl.tupu.controller.RegisterController.saveUser(java.lang.String,java.lang.String,java.lang.String,java.lang.String,java.lang.String)
2019-01-02 10:49:24.510 [restartedMain] INFO  o.s.w.s.m.m.a.RequestMappingHandlerMapping - Mapped "{[/error]}" onto public org.springframework.http.ResponseEntity<java.util.Map<java.lang.String, java.lang.Object>> org.springframework.boot.autoconfigure.web.servlet.error.BasicErrorController.error(javax.servlet.http.HttpServletRequest)
2019-01-02 10:49:24.511 [restartedMain] INFO  o.s.w.s.m.m.a.RequestMappingHandlerMapping - Mapped "{[/error],produces=[text/html]}" onto public org.springframework.web.servlet.ModelAndView org.springframework.boot.autoconfigure.web.servlet.error.BasicErrorController.errorHtml(javax.servlet.http.HttpServletRequest,javax.servlet.http.HttpServletResponse)
2019-01-02 10:49:24.544 [restartedMain] INFO  o.s.web.servlet.handler.SimpleUrlHandlerMapping - Mapped URL path [/webjars/**] onto handler of type [class org.springframework.web.servlet.resource.ResourceHttpRequestHandler]
2019-01-02 10:49:24.546 [restartedMain] INFO  o.s.web.servlet.handler.SimpleUrlHandlerMapping - Mapped URL path [/**] onto handler of type [class org.springframework.web.servlet.resource.ResourceHttpRequestHandler]
2019-01-02 10:49:24.562 [restartedMain] INFO  o.s.w.s.m.m.a.ExceptionHandlerExceptionResolver - Detected @ExceptionHandler methods in globalExceptionHandler
2019-01-02 10:49:24.612 [restartedMain] WARN  org.thymeleaf.templatemode.TemplateMode - [THYMELEAF][restartedMain] Template Mode 'HTML5' is deprecated. Using Template Mode 'HTML' instead.
2019-01-02 10:49:24.674 [restartedMain] INFO  o.s.b.a.web.servlet.WelcomePageHandlerMapping - Adding welcome page template: index
2019-01-02 10:49:27.568 [restartedMain] INFO  o.s.b.d.autoconfigure.OptionalLiveReloadServer - LiveReload server is running on port 35729
2019-01-02 10:49:27.602 [restartedMain] INFO  o.s.jmx.export.annotation.AnnotationMBeanExporter - Registering beans for JMX exposure on startup
2019-01-02 10:49:27.603 [restartedMain] INFO  o.s.jmx.export.annotation.AnnotationMBeanExporter - Bean with name 'dataSource' has been autodetected for JMX exposure
2019-01-02 10:49:27.608 [restartedMain] INFO  o.s.jmx.export.annotation.AnnotationMBeanExporter - Located MBean 'dataSource': registering with JMX server as MBean [com.zaxxer.hikari:name=dataSource,type=HikariDataSource]
2019-01-02 10:49:27.620 [restartedMain] INFO  org.apache.coyote.http11.Http11NioProtocol - Starting ProtocolHandler ["http-nio-8080"]
2019-01-02 10:49:27.631 [restartedMain] INFO  org.apache.tomcat.util.net.NioSelectorPool - Using a shared selector for servlet write/read
2019-01-02 10:49:27.649 [restartedMain] INFO  o.s.boot.web.embedded.tomcat.TomcatWebServer - Tomcat started on port(s): 8080 (http) with context path ''
2019-01-02 10:49:27.653 [restartedMain] INFO  com.cn.szl.tupu.TupuApplication - Started TupuApplication in 11.477 seconds (JVM running for 13.083)
2019-01-02 11:03:43.246 [http-nio-8080-exec-1] INFO  o.a.c.core.ContainerBase.[Tomcat].[localhost].[/] - Initializing Spring FrameworkServlet 'dispatcherServlet'
2019-01-02 11:03:43.248 [http-nio-8080-exec-1] INFO  org.springframework.web.servlet.DispatcherServlet - FrameworkServlet 'dispatcherServlet': initialization started
2019-01-02 11:03:43.275 [http-nio-8080-exec-1] INFO  org.springframework.web.servlet.DispatcherServlet - FrameworkServlet 'dispatcherServlet': initialization completed in 27 ms
